   1              		.syntax unified
   2              		.cpu cortex-m3
   3              		.fpu softvfp
   4              		.eabi_attribute 20, 1
   5              		.eabi_attribute 21, 1
   6              		.eabi_attribute 23, 3
   7              		.eabi_attribute 24, 1
   8              		.eabi_attribute 25, 1
   9              		.eabi_attribute 26, 1
  10              		.eabi_attribute 30, 6
  11              		.eabi_attribute 34, 1
  12              		.eabi_attribute 18, 4
  13              		.thumb
  14              		.file	"stm32f10x_wwdg.c"
  15              		.text
  16              	.Ltext0:
  17              		.cfi_sections	.debug_frame
  18              		.section	.text.WWDG_DeInit,"ax",%progbits
  19              		.align	2
  20              		.global	WWDG_DeInit
  21              		.thumb
  22              		.thumb_func
  24              	WWDG_DeInit:
  25              	.LFB56:
  26              		.file 1 "../stm32_std/STM32F10x_StdPeriph_Driver/src/stm32f10x_wwdg.c"
   1:../stm32_std/STM32F10x_StdPeriph_Driver/src/stm32f10x_wwdg.c **** /**
   2:../stm32_std/STM32F10x_StdPeriph_Driver/src/stm32f10x_wwdg.c ****   ******************************************************************************
   3:../stm32_std/STM32F10x_StdPeriph_Driver/src/stm32f10x_wwdg.c ****   * @file    stm32f10x_wwdg.c
   4:../stm32_std/STM32F10x_StdPeriph_Driver/src/stm32f10x_wwdg.c ****   * @author  MCD Application Team
   5:../stm32_std/STM32F10x_StdPeriph_Driver/src/stm32f10x_wwdg.c ****   * @version V3.5.0
   6:../stm32_std/STM32F10x_StdPeriph_Driver/src/stm32f10x_wwdg.c ****   * @date    11-March-2011
   7:../stm32_std/STM32F10x_StdPeriph_Driver/src/stm32f10x_wwdg.c ****   * @brief   This file provides all the WWDG firmware functions.
   8:../stm32_std/STM32F10x_StdPeriph_Driver/src/stm32f10x_wwdg.c ****   ******************************************************************************
   9:../stm32_std/STM32F10x_StdPeriph_Driver/src/stm32f10x_wwdg.c ****   * @attention
  10:../stm32_std/STM32F10x_StdPeriph_Driver/src/stm32f10x_wwdg.c ****   *
  11:../stm32_std/STM32F10x_StdPeriph_Driver/src/stm32f10x_wwdg.c ****   * THE PRESENT FIRMWARE WHICH IS FOR GUIDANCE ONLY AIMS AT PROVIDING CUSTOMERS
  12:../stm32_std/STM32F10x_StdPeriph_Driver/src/stm32f10x_wwdg.c ****   * WITH CODING INFORMATION REGARDING THEIR PRODUCTS IN ORDER FOR THEM TO SAVE
  13:../stm32_std/STM32F10x_StdPeriph_Driver/src/stm32f10x_wwdg.c ****   * TIME. AS A RESULT, STMICROELECTRONICS SHALL NOT BE HELD LIABLE FOR ANY
  14:../stm32_std/STM32F10x_StdPeriph_Driver/src/stm32f10x_wwdg.c ****   * DIRECT, INDIRECT OR CONSEQUENTIAL DAMAGES WITH RESPECT TO ANY CLAIMS ARISING
  15:../stm32_std/STM32F10x_StdPeriph_Driver/src/stm32f10x_wwdg.c ****   * FROM THE CONTENT OF SUCH FIRMWARE AND/OR THE USE MADE BY CUSTOMERS OF THE
  16:../stm32_std/STM32F10x_StdPeriph_Driver/src/stm32f10x_wwdg.c ****   * CODING INFORMATION CONTAINED HEREIN IN CONNECTION WITH THEIR PRODUCTS.
  17:../stm32_std/STM32F10x_StdPeriph_Driver/src/stm32f10x_wwdg.c ****   *
  18:../stm32_std/STM32F10x_StdPeriph_Driver/src/stm32f10x_wwdg.c ****   * <h2><center>&copy; COPYRIGHT 2011 STMicroelectronics</center></h2>
  19:../stm32_std/STM32F10x_StdPeriph_Driver/src/stm32f10x_wwdg.c ****   ******************************************************************************
  20:../stm32_std/STM32F10x_StdPeriph_Driver/src/stm32f10x_wwdg.c ****   */
  21:../stm32_std/STM32F10x_StdPeriph_Driver/src/stm32f10x_wwdg.c **** 
  22:../stm32_std/STM32F10x_StdPeriph_Driver/src/stm32f10x_wwdg.c **** /* Includes ------------------------------------------------------------------*/
  23:../stm32_std/STM32F10x_StdPeriph_Driver/src/stm32f10x_wwdg.c **** #include "stm32f10x_wwdg.h"
  24:../stm32_std/STM32F10x_StdPeriph_Driver/src/stm32f10x_wwdg.c **** #include "stm32f10x_rcc.h"
  25:../stm32_std/STM32F10x_StdPeriph_Driver/src/stm32f10x_wwdg.c **** 
  26:../stm32_std/STM32F10x_StdPeriph_Driver/src/stm32f10x_wwdg.c **** /** @addtogroup STM32F10x_StdPeriph_Driver
  27:../stm32_std/STM32F10x_StdPeriph_Driver/src/stm32f10x_wwdg.c ****   * @{
  28:../stm32_std/STM32F10x_StdPeriph_Driver/src/stm32f10x_wwdg.c ****   */
  29:../stm32_std/STM32F10x_StdPeriph_Driver/src/stm32f10x_wwdg.c **** 
  30:../stm32_std/STM32F10x_StdPeriph_Driver/src/stm32f10x_wwdg.c **** /** @defgroup WWDG 
  31:../stm32_std/STM32F10x_StdPeriph_Driver/src/stm32f10x_wwdg.c ****   * @brief WWDG driver modules
  32:../stm32_std/STM32F10x_StdPeriph_Driver/src/stm32f10x_wwdg.c ****   * @{
  33:../stm32_std/STM32F10x_StdPeriph_Driver/src/stm32f10x_wwdg.c ****   */
  34:../stm32_std/STM32F10x_StdPeriph_Driver/src/stm32f10x_wwdg.c **** 
  35:../stm32_std/STM32F10x_StdPeriph_Driver/src/stm32f10x_wwdg.c **** /** @defgroup WWDG_Private_TypesDefinitions
  36:../stm32_std/STM32F10x_StdPeriph_Driver/src/stm32f10x_wwdg.c ****   * @{
  37:../stm32_std/STM32F10x_StdPeriph_Driver/src/stm32f10x_wwdg.c ****   */
  38:../stm32_std/STM32F10x_StdPeriph_Driver/src/stm32f10x_wwdg.c **** 
  39:../stm32_std/STM32F10x_StdPeriph_Driver/src/stm32f10x_wwdg.c **** /**
  40:../stm32_std/STM32F10x_StdPeriph_Driver/src/stm32f10x_wwdg.c ****   * @}
  41:../stm32_std/STM32F10x_StdPeriph_Driver/src/stm32f10x_wwdg.c ****   */
  42:../stm32_std/STM32F10x_StdPeriph_Driver/src/stm32f10x_wwdg.c **** 
  43:../stm32_std/STM32F10x_StdPeriph_Driver/src/stm32f10x_wwdg.c **** /** @defgroup WWDG_Private_Defines
  44:../stm32_std/STM32F10x_StdPeriph_Driver/src/stm32f10x_wwdg.c ****   * @{
  45:../stm32_std/STM32F10x_StdPeriph_Driver/src/stm32f10x_wwdg.c ****   */
  46:../stm32_std/STM32F10x_StdPeriph_Driver/src/stm32f10x_wwdg.c **** 
  47:../stm32_std/STM32F10x_StdPeriph_Driver/src/stm32f10x_wwdg.c **** /* ----------- WWDG registers bit address in the alias region ----------- */
  48:../stm32_std/STM32F10x_StdPeriph_Driver/src/stm32f10x_wwdg.c **** #define WWDG_OFFSET       (WWDG_BASE - PERIPH_BASE)
  49:../stm32_std/STM32F10x_StdPeriph_Driver/src/stm32f10x_wwdg.c **** 
  50:../stm32_std/STM32F10x_StdPeriph_Driver/src/stm32f10x_wwdg.c **** /* Alias word address of EWI bit */
  51:../stm32_std/STM32F10x_StdPeriph_Driver/src/stm32f10x_wwdg.c **** #define CFR_OFFSET        (WWDG_OFFSET + 0x04)
  52:../stm32_std/STM32F10x_StdPeriph_Driver/src/stm32f10x_wwdg.c **** #define EWI_BitNumber     0x09
  53:../stm32_std/STM32F10x_StdPeriph_Driver/src/stm32f10x_wwdg.c **** #define CFR_EWI_BB        (PERIPH_BB_BASE + (CFR_OFFSET * 32) + (EWI_BitNumber * 4))
  54:../stm32_std/STM32F10x_StdPeriph_Driver/src/stm32f10x_wwdg.c **** 
  55:../stm32_std/STM32F10x_StdPeriph_Driver/src/stm32f10x_wwdg.c **** /* --------------------- WWDG registers bit mask ------------------------ */
  56:../stm32_std/STM32F10x_StdPeriph_Driver/src/stm32f10x_wwdg.c **** 
  57:../stm32_std/STM32F10x_StdPeriph_Driver/src/stm32f10x_wwdg.c **** /* CR register bit mask */
  58:../stm32_std/STM32F10x_StdPeriph_Driver/src/stm32f10x_wwdg.c **** #define CR_WDGA_Set       ((uint32_t)0x00000080)
  59:../stm32_std/STM32F10x_StdPeriph_Driver/src/stm32f10x_wwdg.c **** 
  60:../stm32_std/STM32F10x_StdPeriph_Driver/src/stm32f10x_wwdg.c **** /* CFR register bit mask */
  61:../stm32_std/STM32F10x_StdPeriph_Driver/src/stm32f10x_wwdg.c **** #define CFR_WDGTB_Mask    ((uint32_t)0xFFFFFE7F)
  62:../stm32_std/STM32F10x_StdPeriph_Driver/src/stm32f10x_wwdg.c **** #define CFR_W_Mask        ((uint32_t)0xFFFFFF80)
  63:../stm32_std/STM32F10x_StdPeriph_Driver/src/stm32f10x_wwdg.c **** #define BIT_Mask          ((uint8_t)0x7F)
  64:../stm32_std/STM32F10x_StdPeriph_Driver/src/stm32f10x_wwdg.c **** 
  65:../stm32_std/STM32F10x_StdPeriph_Driver/src/stm32f10x_wwdg.c **** /**
  66:../stm32_std/STM32F10x_StdPeriph_Driver/src/stm32f10x_wwdg.c ****   * @}
  67:../stm32_std/STM32F10x_StdPeriph_Driver/src/stm32f10x_wwdg.c ****   */
  68:../stm32_std/STM32F10x_StdPeriph_Driver/src/stm32f10x_wwdg.c **** 
  69:../stm32_std/STM32F10x_StdPeriph_Driver/src/stm32f10x_wwdg.c **** /** @defgroup WWDG_Private_Macros
  70:../stm32_std/STM32F10x_StdPeriph_Driver/src/stm32f10x_wwdg.c ****   * @{
  71:../stm32_std/STM32F10x_StdPeriph_Driver/src/stm32f10x_wwdg.c ****   */
  72:../stm32_std/STM32F10x_StdPeriph_Driver/src/stm32f10x_wwdg.c **** 
  73:../stm32_std/STM32F10x_StdPeriph_Driver/src/stm32f10x_wwdg.c **** /**
  74:../stm32_std/STM32F10x_StdPeriph_Driver/src/stm32f10x_wwdg.c ****   * @}
  75:../stm32_std/STM32F10x_StdPeriph_Driver/src/stm32f10x_wwdg.c ****   */
  76:../stm32_std/STM32F10x_StdPeriph_Driver/src/stm32f10x_wwdg.c **** 
  77:../stm32_std/STM32F10x_StdPeriph_Driver/src/stm32f10x_wwdg.c **** /** @defgroup WWDG_Private_Variables
  78:../stm32_std/STM32F10x_StdPeriph_Driver/src/stm32f10x_wwdg.c ****   * @{
  79:../stm32_std/STM32F10x_StdPeriph_Driver/src/stm32f10x_wwdg.c ****   */
  80:../stm32_std/STM32F10x_StdPeriph_Driver/src/stm32f10x_wwdg.c **** 
  81:../stm32_std/STM32F10x_StdPeriph_Driver/src/stm32f10x_wwdg.c **** /**
  82:../stm32_std/STM32F10x_StdPeriph_Driver/src/stm32f10x_wwdg.c ****   * @}
  83:../stm32_std/STM32F10x_StdPeriph_Driver/src/stm32f10x_wwdg.c ****   */
  84:../stm32_std/STM32F10x_StdPeriph_Driver/src/stm32f10x_wwdg.c **** 
  85:../stm32_std/STM32F10x_StdPeriph_Driver/src/stm32f10x_wwdg.c **** /** @defgroup WWDG_Private_FunctionPrototypes
  86:../stm32_std/STM32F10x_StdPeriph_Driver/src/stm32f10x_wwdg.c ****   * @{
  87:../stm32_std/STM32F10x_StdPeriph_Driver/src/stm32f10x_wwdg.c ****   */
  88:../stm32_std/STM32F10x_StdPeriph_Driver/src/stm32f10x_wwdg.c **** 
  89:../stm32_std/STM32F10x_StdPeriph_Driver/src/stm32f10x_wwdg.c **** /**
  90:../stm32_std/STM32F10x_StdPeriph_Driver/src/stm32f10x_wwdg.c ****   * @}
  91:../stm32_std/STM32F10x_StdPeriph_Driver/src/stm32f10x_wwdg.c ****   */
  92:../stm32_std/STM32F10x_StdPeriph_Driver/src/stm32f10x_wwdg.c **** 
  93:../stm32_std/STM32F10x_StdPeriph_Driver/src/stm32f10x_wwdg.c **** /** @defgroup WWDG_Private_Functions
  94:../stm32_std/STM32F10x_StdPeriph_Driver/src/stm32f10x_wwdg.c ****   * @{
  95:../stm32_std/STM32F10x_StdPeriph_Driver/src/stm32f10x_wwdg.c ****   */
  96:../stm32_std/STM32F10x_StdPeriph_Driver/src/stm32f10x_wwdg.c **** 
  97:../stm32_std/STM32F10x_StdPeriph_Driver/src/stm32f10x_wwdg.c **** /**
  98:../stm32_std/STM32F10x_StdPeriph_Driver/src/stm32f10x_wwdg.c ****   * @brief  Deinitializes the WWDG peripheral registers to their default reset values.
  99:../stm32_std/STM32F10x_StdPeriph_Driver/src/stm32f10x_wwdg.c ****   * @param  None
 100:../stm32_std/STM32F10x_StdPeriph_Driver/src/stm32f10x_wwdg.c ****   * @retval None
 101:../stm32_std/STM32F10x_StdPeriph_Driver/src/stm32f10x_wwdg.c ****   */
 102:../stm32_std/STM32F10x_StdPeriph_Driver/src/stm32f10x_wwdg.c **** void WWDG_DeInit(void)
 103:../stm32_std/STM32F10x_StdPeriph_Driver/src/stm32f10x_wwdg.c **** {
  27              		.loc 1 103 0
  28              		.cfi_startproc
  29              		@ args = 0, pretend = 0, frame = 0
  30              		@ frame_needed = 1, uses_anonymous_args = 0
  31 0000 80B5     		push	{r7, lr}
  32              		.cfi_def_cfa_offset 8
  33              		.cfi_offset 7, -8
  34              		.cfi_offset 14, -4
  35 0002 00AF     		add	r7, sp, #0
  36              		.cfi_def_cfa_register 7
 104:../stm32_std/STM32F10x_StdPeriph_Driver/src/stm32f10x_wwdg.c ****   RCC_APB1PeriphResetCmd(RCC_APB1Periph_WWDG, ENABLE);
  37              		.loc 1 104 0
  38 0004 4FF40060 		mov	r0, #2048
  39 0008 0121     		movs	r1, #1
  40 000a FFF7FEFF 		bl	RCC_APB1PeriphResetCmd
 105:../stm32_std/STM32F10x_StdPeriph_Driver/src/stm32f10x_wwdg.c ****   RCC_APB1PeriphResetCmd(RCC_APB1Periph_WWDG, DISABLE);
  41              		.loc 1 105 0
  42 000e 4FF40060 		mov	r0, #2048
  43 0012 0021     		movs	r1, #0
  44 0014 FFF7FEFF 		bl	RCC_APB1PeriphResetCmd
 106:../stm32_std/STM32F10x_StdPeriph_Driver/src/stm32f10x_wwdg.c **** }
  45              		.loc 1 106 0
  46 0018 80BD     		pop	{r7, pc}
  47              		.cfi_endproc
  48              	.LFE56:
  50 001a 00BF     		.section	.text.WWDG_SetPrescaler,"ax",%progbits
  51              		.align	2
  52              		.global	WWDG_SetPrescaler
  53              		.thumb
  54              		.thumb_func
  56              	WWDG_SetPrescaler:
  57              	.LFB57:
 107:../stm32_std/STM32F10x_StdPeriph_Driver/src/stm32f10x_wwdg.c **** 
 108:../stm32_std/STM32F10x_StdPeriph_Driver/src/stm32f10x_wwdg.c **** /**
 109:../stm32_std/STM32F10x_StdPeriph_Driver/src/stm32f10x_wwdg.c ****   * @brief  Sets the WWDG Prescaler.
 110:../stm32_std/STM32F10x_StdPeriph_Driver/src/stm32f10x_wwdg.c ****   * @param  WWDG_Prescaler: specifies the WWDG Prescaler.
 111:../stm32_std/STM32F10x_StdPeriph_Driver/src/stm32f10x_wwdg.c ****   *   This parameter can be one of the following values:
 112:../stm32_std/STM32F10x_StdPeriph_Driver/src/stm32f10x_wwdg.c ****   *     @arg WWDG_Prescaler_1: WWDG counter clock = (PCLK1/4096)/1
 113:../stm32_std/STM32F10x_StdPeriph_Driver/src/stm32f10x_wwdg.c ****   *     @arg WWDG_Prescaler_2: WWDG counter clock = (PCLK1/4096)/2
 114:../stm32_std/STM32F10x_StdPeriph_Driver/src/stm32f10x_wwdg.c ****   *     @arg WWDG_Prescaler_4: WWDG counter clock = (PCLK1/4096)/4
 115:../stm32_std/STM32F10x_StdPeriph_Driver/src/stm32f10x_wwdg.c ****   *     @arg WWDG_Prescaler_8: WWDG counter clock = (PCLK1/4096)/8
 116:../stm32_std/STM32F10x_StdPeriph_Driver/src/stm32f10x_wwdg.c ****   * @retval None
 117:../stm32_std/STM32F10x_StdPeriph_Driver/src/stm32f10x_wwdg.c ****   */
 118:../stm32_std/STM32F10x_StdPeriph_Driver/src/stm32f10x_wwdg.c **** void WWDG_SetPrescaler(uint32_t WWDG_Prescaler)
 119:../stm32_std/STM32F10x_StdPeriph_Driver/src/stm32f10x_wwdg.c **** {
  58              		.loc 1 119 0
  59              		.cfi_startproc
  60              		@ args = 0, pretend = 0, frame = 16
  61              		@ frame_needed = 1, uses_anonymous_args = 0
  62              		@ link register save eliminated.
  63 0000 80B4     		push	{r7}
  64              		.cfi_def_cfa_offset 4
  65              		.cfi_offset 7, -4
  66 0002 85B0     		sub	sp, sp, #20
  67              		.cfi_def_cfa_offset 24
  68 0004 00AF     		add	r7, sp, #0
  69              		.cfi_def_cfa_register 7
  70 0006 7860     		str	r0, [r7, #4]
 120:../stm32_std/STM32F10x_StdPeriph_Driver/src/stm32f10x_wwdg.c ****   uint32_t tmpreg = 0;
  71              		.loc 1 120 0
  72 0008 0023     		movs	r3, #0
  73 000a FB60     		str	r3, [r7, #12]
 121:../stm32_std/STM32F10x_StdPeriph_Driver/src/stm32f10x_wwdg.c ****   /* Check the parameters */
 122:../stm32_std/STM32F10x_StdPeriph_Driver/src/stm32f10x_wwdg.c ****   assert_param(IS_WWDG_PRESCALER(WWDG_Prescaler));
 123:../stm32_std/STM32F10x_StdPeriph_Driver/src/stm32f10x_wwdg.c ****   /* Clear WDGTB[1:0] bits */
 124:../stm32_std/STM32F10x_StdPeriph_Driver/src/stm32f10x_wwdg.c ****   tmpreg = WWDG->CFR & CFR_WDGTB_Mask;
  74              		.loc 1 124 0
  75 000c 4FF43053 		mov	r3, #11264
  76 0010 C4F20003 		movt	r3, 16384
  77 0014 5B68     		ldr	r3, [r3, #4]
  78 0016 23F4C073 		bic	r3, r3, #384
  79 001a FB60     		str	r3, [r7, #12]
 125:../stm32_std/STM32F10x_StdPeriph_Driver/src/stm32f10x_wwdg.c ****   /* Set WDGTB[1:0] bits according to WWDG_Prescaler value */
 126:../stm32_std/STM32F10x_StdPeriph_Driver/src/stm32f10x_wwdg.c ****   tmpreg |= WWDG_Prescaler;
  80              		.loc 1 126 0
  81 001c FA68     		ldr	r2, [r7, #12]
  82 001e 7B68     		ldr	r3, [r7, #4]
  83 0020 1343     		orrs	r3, r3, r2
  84 0022 FB60     		str	r3, [r7, #12]
 127:../stm32_std/STM32F10x_StdPeriph_Driver/src/stm32f10x_wwdg.c ****   /* Store the new value */
 128:../stm32_std/STM32F10x_StdPeriph_Driver/src/stm32f10x_wwdg.c ****   WWDG->CFR = tmpreg;
  85              		.loc 1 128 0
  86 0024 4FF43053 		mov	r3, #11264
  87 0028 C4F20003 		movt	r3, 16384
  88 002c FA68     		ldr	r2, [r7, #12]
  89 002e 5A60     		str	r2, [r3, #4]
 129:../stm32_std/STM32F10x_StdPeriph_Driver/src/stm32f10x_wwdg.c **** }
  90              		.loc 1 129 0
  91 0030 1437     		adds	r7, r7, #20
  92 0032 BD46     		mov	sp, r7
  93              		@ sp needed
  94 0034 5DF8047B 		ldr	r7, [sp], #4
  95 0038 7047     		bx	lr
  96              		.cfi_endproc
  97              	.LFE57:
  99 003a 00BF     		.section	.text.WWDG_SetWindowValue,"ax",%progbits
 100              		.align	2
 101              		.global	WWDG_SetWindowValue
 102              		.thumb
 103              		.thumb_func
 105              	WWDG_SetWindowValue:
 106              	.LFB58:
 130:../stm32_std/STM32F10x_StdPeriph_Driver/src/stm32f10x_wwdg.c **** 
 131:../stm32_std/STM32F10x_StdPeriph_Driver/src/stm32f10x_wwdg.c **** /**
 132:../stm32_std/STM32F10x_StdPeriph_Driver/src/stm32f10x_wwdg.c ****   * @brief  Sets the WWDG window value.
 133:../stm32_std/STM32F10x_StdPeriph_Driver/src/stm32f10x_wwdg.c ****   * @param  WindowValue: specifies the window value to be compared to the downcounter.
 134:../stm32_std/STM32F10x_StdPeriph_Driver/src/stm32f10x_wwdg.c ****   *   This parameter value must be lower than 0x80.
 135:../stm32_std/STM32F10x_StdPeriph_Driver/src/stm32f10x_wwdg.c ****   * @retval None
 136:../stm32_std/STM32F10x_StdPeriph_Driver/src/stm32f10x_wwdg.c ****   */
 137:../stm32_std/STM32F10x_StdPeriph_Driver/src/stm32f10x_wwdg.c **** void WWDG_SetWindowValue(uint8_t WindowValue)
 138:../stm32_std/STM32F10x_StdPeriph_Driver/src/stm32f10x_wwdg.c **** {
 107              		.loc 1 138 0
 108              		.cfi_startproc
 109              		@ args = 0, pretend = 0, frame = 16
 110              		@ frame_needed = 1, uses_anonymous_args = 0
 111              		@ link register save eliminated.
 112 0000 80B4     		push	{r7}
 113              		.cfi_def_cfa_offset 4
 114              		.cfi_offset 7, -4
 115 0002 85B0     		sub	sp, sp, #20
 116              		.cfi_def_cfa_offset 24
 117 0004 00AF     		add	r7, sp, #0
 118              		.cfi_def_cfa_register 7
 119 0006 0346     		mov	r3, r0
 120 0008 FB71     		strb	r3, [r7, #7]
 139:../stm32_std/STM32F10x_StdPeriph_Driver/src/stm32f10x_wwdg.c ****   __IO uint32_t tmpreg = 0;
 121              		.loc 1 139 0
 122 000a 0023     		movs	r3, #0
 123 000c FB60     		str	r3, [r7, #12]
 140:../stm32_std/STM32F10x_StdPeriph_Driver/src/stm32f10x_wwdg.c **** 
 141:../stm32_std/STM32F10x_StdPeriph_Driver/src/stm32f10x_wwdg.c ****   /* Check the parameters */
 142:../stm32_std/STM32F10x_StdPeriph_Driver/src/stm32f10x_wwdg.c ****   assert_param(IS_WWDG_WINDOW_VALUE(WindowValue));
 143:../stm32_std/STM32F10x_StdPeriph_Driver/src/stm32f10x_wwdg.c ****   /* Clear W[6:0] bits */
 144:../stm32_std/STM32F10x_StdPeriph_Driver/src/stm32f10x_wwdg.c **** 
 145:../stm32_std/STM32F10x_StdPeriph_Driver/src/stm32f10x_wwdg.c ****   tmpreg = WWDG->CFR & CFR_W_Mask;
 124              		.loc 1 145 0
 125 000e 4FF43053 		mov	r3, #11264
 126 0012 C4F20003 		movt	r3, 16384
 127 0016 5B68     		ldr	r3, [r3, #4]
 128 0018 23F07F03 		bic	r3, r3, #127
 129 001c FB60     		str	r3, [r7, #12]
 146:../stm32_std/STM32F10x_StdPeriph_Driver/src/stm32f10x_wwdg.c **** 
 147:../stm32_std/STM32F10x_StdPeriph_Driver/src/stm32f10x_wwdg.c ****   /* Set W[6:0] bits according to WindowValue value */
 148:../stm32_std/STM32F10x_StdPeriph_Driver/src/stm32f10x_wwdg.c ****   tmpreg |= WindowValue & (uint32_t) BIT_Mask;
 130              		.loc 1 148 0
 131 001e FB79     		ldrb	r3, [r7, #7]	@ zero_extendqisi2
 132 0020 03F07F02 		and	r2, r3, #127
 133 0024 FB68     		ldr	r3, [r7, #12]
 134 0026 1343     		orrs	r3, r3, r2
 135 0028 FB60     		str	r3, [r7, #12]
 149:../stm32_std/STM32F10x_StdPeriph_Driver/src/stm32f10x_wwdg.c **** 
 150:../stm32_std/STM32F10x_StdPeriph_Driver/src/stm32f10x_wwdg.c ****   /* Store the new value */
 151:../stm32_std/STM32F10x_StdPeriph_Driver/src/stm32f10x_wwdg.c ****   WWDG->CFR = tmpreg;
 136              		.loc 1 151 0
 137 002a 4FF43053 		mov	r3, #11264
 138 002e C4F20003 		movt	r3, 16384
 139 0032 FA68     		ldr	r2, [r7, #12]
 140 0034 5A60     		str	r2, [r3, #4]
 152:../stm32_std/STM32F10x_StdPeriph_Driver/src/stm32f10x_wwdg.c **** }
 141              		.loc 1 152 0
 142 0036 1437     		adds	r7, r7, #20
 143 0038 BD46     		mov	sp, r7
 144              		@ sp needed
 145 003a 5DF8047B 		ldr	r7, [sp], #4
 146 003e 7047     		bx	lr
 147              		.cfi_endproc
 148              	.LFE58:
 150              		.section	.text.WWDG_EnableIT,"ax",%progbits
 151              		.align	2
 152              		.global	WWDG_EnableIT
 153              		.thumb
 154              		.thumb_func
 156              	WWDG_EnableIT:
 157              	.LFB59:
 153:../stm32_std/STM32F10x_StdPeriph_Driver/src/stm32f10x_wwdg.c **** 
 154:../stm32_std/STM32F10x_StdPeriph_Driver/src/stm32f10x_wwdg.c **** /**
 155:../stm32_std/STM32F10x_StdPeriph_Driver/src/stm32f10x_wwdg.c ****   * @brief  Enables the WWDG Early Wakeup interrupt(EWI).
 156:../stm32_std/STM32F10x_StdPeriph_Driver/src/stm32f10x_wwdg.c ****   * @param  None
 157:../stm32_std/STM32F10x_StdPeriph_Driver/src/stm32f10x_wwdg.c ****   * @retval None
 158:../stm32_std/STM32F10x_StdPeriph_Driver/src/stm32f10x_wwdg.c ****   */
 159:../stm32_std/STM32F10x_StdPeriph_Driver/src/stm32f10x_wwdg.c **** void WWDG_EnableIT(void)
 160:../stm32_std/STM32F10x_StdPeriph_Driver/src/stm32f10x_wwdg.c **** {
 158              		.loc 1 160 0
 159              		.cfi_startproc
 160              		@ args = 0, pretend = 0, frame = 0
 161              		@ frame_needed = 1, uses_anonymous_args = 0
 162              		@ link register save eliminated.
 163 0000 80B4     		push	{r7}
 164              		.cfi_def_cfa_offset 4
 165              		.cfi_offset 7, -4
 166 0002 00AF     		add	r7, sp, #0
 167              		.cfi_def_cfa_register 7
 161:../stm32_std/STM32F10x_StdPeriph_Driver/src/stm32f10x_wwdg.c ****   *(__IO uint32_t *) CFR_EWI_BB = (uint32_t)ENABLE;
 168              		.loc 1 161 0
 169 0004 48F2A403 		movw	r3, #32932
 170 0008 C4F20523 		movt	r3, 16901
 171 000c 0122     		movs	r2, #1
 172 000e 1A60     		str	r2, [r3]
 162:../stm32_std/STM32F10x_StdPeriph_Driver/src/stm32f10x_wwdg.c **** }
 173              		.loc 1 162 0
 174 0010 BD46     		mov	sp, r7
 175              		@ sp needed
 176 0012 5DF8047B 		ldr	r7, [sp], #4
 177 0016 7047     		bx	lr
 178              		.cfi_endproc
 179              	.LFE59:
 181              		.section	.text.WWDG_SetCounter,"ax",%progbits
 182              		.align	2
 183              		.global	WWDG_SetCounter
 184              		.thumb
 185              		.thumb_func
 187              	WWDG_SetCounter:
 188              	.LFB60:
 163:../stm32_std/STM32F10x_StdPeriph_Driver/src/stm32f10x_wwdg.c **** 
 164:../stm32_std/STM32F10x_StdPeriph_Driver/src/stm32f10x_wwdg.c **** /**
 165:../stm32_std/STM32F10x_StdPeriph_Driver/src/stm32f10x_wwdg.c ****   * @brief  Sets the WWDG counter value.
 166:../stm32_std/STM32F10x_StdPeriph_Driver/src/stm32f10x_wwdg.c ****   * @param  Counter: specifies the watchdog counter value.
 167:../stm32_std/STM32F10x_StdPeriph_Driver/src/stm32f10x_wwdg.c ****   *   This parameter must be a number between 0x40 and 0x7F.
 168:../stm32_std/STM32F10x_StdPeriph_Driver/src/stm32f10x_wwdg.c ****   * @retval None
 169:../stm32_std/STM32F10x_StdPeriph_Driver/src/stm32f10x_wwdg.c ****   */
 170:../stm32_std/STM32F10x_StdPeriph_Driver/src/stm32f10x_wwdg.c **** void WWDG_SetCounter(uint8_t Counter)
 171:../stm32_std/STM32F10x_StdPeriph_Driver/src/stm32f10x_wwdg.c **** {
 189              		.loc 1 171 0
 190              		.cfi_startproc
 191              		@ args = 0, pretend = 0, frame = 8
 192              		@ frame_needed = 1, uses_anonymous_args = 0
 193              		@ link register save eliminated.
 194 0000 80B4     		push	{r7}
 195              		.cfi_def_cfa_offset 4
 196              		.cfi_offset 7, -4
 197 0002 83B0     		sub	sp, sp, #12
 198              		.cfi_def_cfa_offset 16
 199 0004 00AF     		add	r7, sp, #0
 200              		.cfi_def_cfa_register 7
 201 0006 0346     		mov	r3, r0
 202 0008 FB71     		strb	r3, [r7, #7]
 172:../stm32_std/STM32F10x_StdPeriph_Driver/src/stm32f10x_wwdg.c ****   /* Check the parameters */
 173:../stm32_std/STM32F10x_StdPeriph_Driver/src/stm32f10x_wwdg.c ****   assert_param(IS_WWDG_COUNTER(Counter));
 174:../stm32_std/STM32F10x_StdPeriph_Driver/src/stm32f10x_wwdg.c ****   /* Write to T[6:0] bits to configure the counter value, no need to do
 175:../stm32_std/STM32F10x_StdPeriph_Driver/src/stm32f10x_wwdg.c ****      a read-modify-write; writing a 0 to WDGA bit does nothing */
 176:../stm32_std/STM32F10x_StdPeriph_Driver/src/stm32f10x_wwdg.c ****   WWDG->CR = Counter & BIT_Mask;
 203              		.loc 1 176 0
 204 000a 4FF43053 		mov	r3, #11264
 205 000e C4F20003 		movt	r3, 16384
 206 0012 FA79     		ldrb	r2, [r7, #7]	@ zero_extendqisi2
 207 0014 02F07F02 		and	r2, r2, #127
 208 0018 1A60     		str	r2, [r3]
 177:../stm32_std/STM32F10x_StdPeriph_Driver/src/stm32f10x_wwdg.c **** }
 209              		.loc 1 177 0
 210 001a 0C37     		adds	r7, r7, #12
 211 001c BD46     		mov	sp, r7
 212              		@ sp needed
 213 001e 5DF8047B 		ldr	r7, [sp], #4
 214 0022 7047     		bx	lr
 215              		.cfi_endproc
 216              	.LFE60:
 218              		.section	.text.WWDG_Enable,"ax",%progbits
 219              		.align	2
 220              		.global	WWDG_Enable
 221              		.thumb
 222              		.thumb_func
 224              	WWDG_Enable:
 225              	.LFB61:
 178:../stm32_std/STM32F10x_StdPeriph_Driver/src/stm32f10x_wwdg.c **** 
 179:../stm32_std/STM32F10x_StdPeriph_Driver/src/stm32f10x_wwdg.c **** /**
 180:../stm32_std/STM32F10x_StdPeriph_Driver/src/stm32f10x_wwdg.c ****   * @brief  Enables WWDG and load the counter value.                  
 181:../stm32_std/STM32F10x_StdPeriph_Driver/src/stm32f10x_wwdg.c ****   * @param  Counter: specifies the watchdog counter value.
 182:../stm32_std/STM32F10x_StdPeriph_Driver/src/stm32f10x_wwdg.c ****   *   This parameter must be a number between 0x40 and 0x7F.
 183:../stm32_std/STM32F10x_StdPeriph_Driver/src/stm32f10x_wwdg.c ****   * @retval None
 184:../stm32_std/STM32F10x_StdPeriph_Driver/src/stm32f10x_wwdg.c ****   */
 185:../stm32_std/STM32F10x_StdPeriph_Driver/src/stm32f10x_wwdg.c **** void WWDG_Enable(uint8_t Counter)
 186:../stm32_std/STM32F10x_StdPeriph_Driver/src/stm32f10x_wwdg.c **** {
 226              		.loc 1 186 0
 227              		.cfi_startproc
 228              		@ args = 0, pretend = 0, frame = 8
 229              		@ frame_needed = 1, uses_anonymous_args = 0
 230              		@ link register save eliminated.
 231 0000 80B4     		push	{r7}
 232              		.cfi_def_cfa_offset 4
 233              		.cfi_offset 7, -4
 234 0002 83B0     		sub	sp, sp, #12
 235              		.cfi_def_cfa_offset 16
 236 0004 00AF     		add	r7, sp, #0
 237              		.cfi_def_cfa_register 7
 238 0006 0346     		mov	r3, r0
 239 0008 FB71     		strb	r3, [r7, #7]
 187:../stm32_std/STM32F10x_StdPeriph_Driver/src/stm32f10x_wwdg.c ****   /* Check the parameters */
 188:../stm32_std/STM32F10x_StdPeriph_Driver/src/stm32f10x_wwdg.c ****   assert_param(IS_WWDG_COUNTER(Counter));
 189:../stm32_std/STM32F10x_StdPeriph_Driver/src/stm32f10x_wwdg.c ****   WWDG->CR = CR_WDGA_Set | Counter;
 240              		.loc 1 189 0
 241 000a 4FF43053 		mov	r3, #11264
 242 000e C4F20003 		movt	r3, 16384
 243 0012 FA79     		ldrb	r2, [r7, #7]
 244 0014 62F07F02 		orn	r2, r2, #127
 245 0018 D2B2     		uxtb	r2, r2
 246 001a 1A60     		str	r2, [r3]
 190:../stm32_std/STM32F10x_StdPeriph_Driver/src/stm32f10x_wwdg.c **** }
 247              		.loc 1 190 0
 248 001c 0C37     		adds	r7, r7, #12
 249 001e BD46     		mov	sp, r7
 250              		@ sp needed
 251 0020 5DF8047B 		ldr	r7, [sp], #4
 252 0024 7047     		bx	lr
 253              		.cfi_endproc
 254              	.LFE61:
 256 0026 00BF     		.section	.text.WWDG_GetFlagStatus,"ax",%progbits
 257              		.align	2
 258              		.global	WWDG_GetFlagStatus
 259              		.thumb
 260              		.thumb_func
 262              	WWDG_GetFlagStatus:
 263              	.LFB62:
 191:../stm32_std/STM32F10x_StdPeriph_Driver/src/stm32f10x_wwdg.c **** 
 192:../stm32_std/STM32F10x_StdPeriph_Driver/src/stm32f10x_wwdg.c **** /**
 193:../stm32_std/STM32F10x_StdPeriph_Driver/src/stm32f10x_wwdg.c ****   * @brief  Checks whether the Early Wakeup interrupt flag is set or not.
 194:../stm32_std/STM32F10x_StdPeriph_Driver/src/stm32f10x_wwdg.c ****   * @param  None
 195:../stm32_std/STM32F10x_StdPeriph_Driver/src/stm32f10x_wwdg.c ****   * @retval The new state of the Early Wakeup interrupt flag (SET or RESET)
 196:../stm32_std/STM32F10x_StdPeriph_Driver/src/stm32f10x_wwdg.c ****   */
 197:../stm32_std/STM32F10x_StdPeriph_Driver/src/stm32f10x_wwdg.c **** FlagStatus WWDG_GetFlagStatus(void)
 198:../stm32_std/STM32F10x_StdPeriph_Driver/src/stm32f10x_wwdg.c **** {
 264              		.loc 1 198 0
 265              		.cfi_startproc
 266              		@ args = 0, pretend = 0, frame = 0
 267              		@ frame_needed = 1, uses_anonymous_args = 0
 268              		@ link register save eliminated.
 269 0000 80B4     		push	{r7}
 270              		.cfi_def_cfa_offset 4
 271              		.cfi_offset 7, -4
 272 0002 00AF     		add	r7, sp, #0
 273              		.cfi_def_cfa_register 7
 199:../stm32_std/STM32F10x_StdPeriph_Driver/src/stm32f10x_wwdg.c ****   return (FlagStatus)(WWDG->SR);
 274              		.loc 1 199 0
 275 0004 4FF43053 		mov	r3, #11264
 276 0008 C4F20003 		movt	r3, 16384
 277 000c 9B68     		ldr	r3, [r3, #8]
 278 000e DBB2     		uxtb	r3, r3
 200:../stm32_std/STM32F10x_StdPeriph_Driver/src/stm32f10x_wwdg.c **** }
 279              		.loc 1 200 0
 280 0010 1846     		mov	r0, r3
 281 0012 BD46     		mov	sp, r7
 282              		@ sp needed
 283 0014 5DF8047B 		ldr	r7, [sp], #4
 284 0018 7047     		bx	lr
 285              		.cfi_endproc
 286              	.LFE62:
 288 001a 00BF     		.section	.text.WWDG_ClearFlag,"ax",%progbits
 289              		.align	2
 290              		.global	WWDG_ClearFlag
 291              		.thumb
 292              		.thumb_func
 294              	WWDG_ClearFlag:
 295              	.LFB63:
 201:../stm32_std/STM32F10x_StdPeriph_Driver/src/stm32f10x_wwdg.c **** 
 202:../stm32_std/STM32F10x_StdPeriph_Driver/src/stm32f10x_wwdg.c **** /**
 203:../stm32_std/STM32F10x_StdPeriph_Driver/src/stm32f10x_wwdg.c ****   * @brief  Clears Early Wakeup interrupt flag.
 204:../stm32_std/STM32F10x_StdPeriph_Driver/src/stm32f10x_wwdg.c ****   * @param  None
 205:../stm32_std/STM32F10x_StdPeriph_Driver/src/stm32f10x_wwdg.c ****   * @retval None
 206:../stm32_std/STM32F10x_StdPeriph_Driver/src/stm32f10x_wwdg.c ****   */
 207:../stm32_std/STM32F10x_StdPeriph_Driver/src/stm32f10x_wwdg.c **** void WWDG_ClearFlag(void)
 208:../stm32_std/STM32F10x_StdPeriph_Driver/src/stm32f10x_wwdg.c **** {
 296              		.loc 1 208 0
 297              		.cfi_startproc
 298              		@ args = 0, pretend = 0, frame = 0
 299              		@ frame_needed = 1, uses_anonymous_args = 0
 300              		@ link register save eliminated.
 301 0000 80B4     		push	{r7}
 302              		.cfi_def_cfa_offset 4
 303              		.cfi_offset 7, -4
 304 0002 00AF     		add	r7, sp, #0
 305              		.cfi_def_cfa_register 7
 209:../stm32_std/STM32F10x_StdPeriph_Driver/src/stm32f10x_wwdg.c ****   WWDG->SR = (uint32_t)RESET;
 306              		.loc 1 209 0
 307 0004 4FF43053 		mov	r3, #11264
 308 0008 C4F20003 		movt	r3, 16384
 309 000c 0022     		movs	r2, #0
 310 000e 9A60     		str	r2, [r3, #8]
 210:../stm32_std/STM32F10x_StdPeriph_Driver/src/stm32f10x_wwdg.c **** }
 311              		.loc 1 210 0
 312 0010 BD46     		mov	sp, r7
 313              		@ sp needed
 314 0012 5DF8047B 		ldr	r7, [sp], #4
 315 0016 7047     		bx	lr
 316              		.cfi_endproc
 317              	.LFE63:
 319              		.text
 320              	.Letext0:
 321              		.file 2 "c:\\program files (x86)\\mentorgraphics\\sourcery_codebench_lite_for_arm_eabi\\arm-none-e
 322              		.file 3 "D:\\workspace\\rfm12\\stm32_std\\CMSIS\\CM3\\DeviceSupport\\ST\\STM32F10x/stm32f10x.h"
 323              		.file 4 "D:\\workspace\\rfm12\\stm32_std\\CMSIS\\CM3\\CoreSupport/core_cm3.h"
DEFINED SYMBOLS
                            *ABS*:00000000 stm32f10x_wwdg.c
C:\Users\Serj\AppData\Local\Temp\cc6IDr8V.s:19     .text.WWDG_DeInit:00000000 $t
C:\Users\Serj\AppData\Local\Temp\cc6IDr8V.s:24     .text.WWDG_DeInit:00000000 WWDG_DeInit
C:\Users\Serj\AppData\Local\Temp\cc6IDr8V.s:51     .text.WWDG_SetPrescaler:00000000 $t
C:\Users\Serj\AppData\Local\Temp\cc6IDr8V.s:56     .text.WWDG_SetPrescaler:00000000 WWDG_SetPrescaler
C:\Users\Serj\AppData\Local\Temp\cc6IDr8V.s:100    .text.WWDG_SetWindowValue:00000000 $t
C:\Users\Serj\AppData\Local\Temp\cc6IDr8V.s:105    .text.WWDG_SetWindowValue:00000000 WWDG_SetWindowValue
C:\Users\Serj\AppData\Local\Temp\cc6IDr8V.s:151    .text.WWDG_EnableIT:00000000 $t
C:\Users\Serj\AppData\Local\Temp\cc6IDr8V.s:156    .text.WWDG_EnableIT:00000000 WWDG_EnableIT
C:\Users\Serj\AppData\Local\Temp\cc6IDr8V.s:182    .text.WWDG_SetCounter:00000000 $t
C:\Users\Serj\AppData\Local\Temp\cc6IDr8V.s:187    .text.WWDG_SetCounter:00000000 WWDG_SetCounter
C:\Users\Serj\AppData\Local\Temp\cc6IDr8V.s:219    .text.WWDG_Enable:00000000 $t
C:\Users\Serj\AppData\Local\Temp\cc6IDr8V.s:224    .text.WWDG_Enable:00000000 WWDG_Enable
C:\Users\Serj\AppData\Local\Temp\cc6IDr8V.s:257    .text.WWDG_GetFlagStatus:00000000 $t
C:\Users\Serj\AppData\Local\Temp\cc6IDr8V.s:262    .text.WWDG_GetFlagStatus:00000000 WWDG_GetFlagStatus
C:\Users\Serj\AppData\Local\Temp\cc6IDr8V.s:289    .text.WWDG_ClearFlag:00000000 $t
C:\Users\Serj\AppData\Local\Temp\cc6IDr8V.s:294    .text.WWDG_ClearFlag:00000000 WWDG_ClearFlag
                     .debug_frame:00000010 $d
                           .group:00000000 wm4.1.69ef232822fae12fd5bc55108b75a1e4
                           .group:00000000 wm4.stm32f10x.h.51.b859cb68ed44ee02c916b41cb8c68f1c
                           .group:00000000 wm4.core_cm3.h.47.c45d264953076019d6b3b1c20e8ad771
                           .group:00000000 wm4.newlib.h.8.384a112feabb3bef7b573ae48cde2e3b
                           .group:00000000 wm4.features.h.22.6a4ca7cd053637cc1d0db6c16f39b2d7
                           .group:00000000 wm4.config.h.183.aa62afef667fb61d15fa64c48beb2f14
                           .group:00000000 wm4._ansi.h.23.2147fde150631f5584b9dc29b914d1b8
                           .group:00000000 wm4.stdint.h.20.54ad762faa59e3c05491630641c8d8bf
                           .group:00000000 wm4.core_cmInstr.h.39.3d3d1b4a79aef37532666dc6ee87c6ac
                           .group:00000000 wm4.core_cm3.h.144.f4158be2ca5a330459fef4214a4bb0f1
                           .group:00000000 wm4.stm32f10x.h.522.a925aafc848b1f088438cf0e9b167b78
                           .group:00000000 wm4.stm32f10x_adc.h.83.4d35a50d598070ecea6f33bcef02c922
                           .group:00000000 wm4.stm32f10x_bkp.h.25.4622919f1e30efdad5eb44e12edd5513
                           .group:00000000 wm4.stm32f10x_can.h.25.48aab46fcce6d08400bf960b028e4698
                           .group:00000000 wm4.stm32f10x_cec.h.25.8f03450e7bbb704d96e7bc73ec0f66a7
                           .group:00000000 wm4.stm32f10x_dac.h.25.d946244edf026333094657d55ea894b8
                           .group:00000000 wm4.stm32f10x_dbgmcu.h.25.d3351200fc7f9c8615d1ae81d40db08a
                           .group:00000000 wm4.stm32f10x_dma.h.25.94e36204daa98cae5dcc70a10a9694d5
                           .group:00000000 wm4.stm32f10x_exti.h.25.b9064155c5c006b5154b39788c79001a
                           .group:00000000 wm4.stm32f10x_flash.h.25.4be61fcb02863962a1e006449d310650
                           .group:00000000 wm4.stm32f10x_fsmc.h.25.bca154da2699cdb6024c0c6c4fc5aa89
                           .group:00000000 wm4.stm32f10x_gpio.h.25.80c981af0e637567395034c576cfb3ce
                           .group:00000000 wm4.stm32f10x_i2c.h.25.7b6cbaea24c6f25f538f8516d1814cb2
                           .group:00000000 wm4.stm32f10x_iwdg.h.25.da9374ab9856795610487f312ccf3122
                           .group:00000000 wm4.stm32f10x_pwr.h.25.37ef75009f751ef5fe27910e0bf00a62
                           .group:00000000 wm4.stm32f10x_rcc.h.25.fe8897e7491f2eb0cff54551d08eb765
                           .group:00000000 wm4.stm32f10x_rtc.h.25.361142606ba98ddcd10369f321f6e636
                           .group:00000000 wm4.stm32f10x_sdio.h.25.1fb5280a7690ef99070096bf8c866b3a
                           .group:00000000 wm4.stm32f10x_spi.h.25.68b3d5ccfcf895f9fe505ce20c0c300f
                           .group:00000000 wm4.stm32f10x_tim.h.25.21c6ec062f1e74898cb96a57da276fec
                           .group:00000000 wm4.stm32f10x_usart.h.25.29629c699b65db3f3efd3561f66b0bf6
                           .group:00000000 wm4.misc.h.25.068e106f368fa5369a681ef57c106f4b
                           .group:00000000 wm4.stm32f10x.h.8304.f7d8ad90959e99679b3257267c3aadfe
                           .group:00000000 wm4.stm32f10x_wwdg.h.58.4688eee61a2709866472b4b4c07d9275

UNDEFINED SYMBOLS
RCC_APB1PeriphResetCmd
