   1              		.syntax unified
   2              		.cpu cortex-m3
   3              		.fpu softvfp
   4              		.eabi_attribute 20, 1
   5              		.eabi_attribute 21, 1
   6              		.eabi_attribute 23, 3
   7              		.eabi_attribute 24, 1
   8              		.eabi_attribute 25, 1
   9              		.eabi_attribute 26, 1
  10              		.eabi_attribute 30, 6
  11              		.eabi_attribute 34, 1
  12              		.eabi_attribute 18, 4
  13              		.thumb
  14              		.file	"stm32f10x_dbgmcu.c"
  15              		.text
  16              	.Ltext0:
  17              		.cfi_sections	.debug_frame
  18              		.section	.text.DBGMCU_GetREVID,"ax",%progbits
  19              		.align	2
  20              		.global	DBGMCU_GetREVID
  21              		.thumb
  22              		.thumb_func
  24              	DBGMCU_GetREVID:
  25              	.LFB56:
  26              		.file 1 "../stm32_std/STM32F10x_StdPeriph_Driver/src/stm32f10x_dbgmcu.c"
   1:../stm32_std/STM32F10x_StdPeriph_Driver/src/stm32f10x_dbgmcu.c **** /**
   2:../stm32_std/STM32F10x_StdPeriph_Driver/src/stm32f10x_dbgmcu.c ****   ******************************************************************************
   3:../stm32_std/STM32F10x_StdPeriph_Driver/src/stm32f10x_dbgmcu.c ****   * @file    stm32f10x_dbgmcu.c
   4:../stm32_std/STM32F10x_StdPeriph_Driver/src/stm32f10x_dbgmcu.c ****   * @author  MCD Application Team
   5:../stm32_std/STM32F10x_StdPeriph_Driver/src/stm32f10x_dbgmcu.c ****   * @version V3.5.0
   6:../stm32_std/STM32F10x_StdPeriph_Driver/src/stm32f10x_dbgmcu.c ****   * @date    11-March-2011
   7:../stm32_std/STM32F10x_StdPeriph_Driver/src/stm32f10x_dbgmcu.c ****   * @brief   This file provides all the DBGMCU firmware functions.
   8:../stm32_std/STM32F10x_StdPeriph_Driver/src/stm32f10x_dbgmcu.c ****   ******************************************************************************
   9:../stm32_std/STM32F10x_StdPeriph_Driver/src/stm32f10x_dbgmcu.c ****   * @attention
  10:../stm32_std/STM32F10x_StdPeriph_Driver/src/stm32f10x_dbgmcu.c ****   *
  11:../stm32_std/STM32F10x_StdPeriph_Driver/src/stm32f10x_dbgmcu.c ****   * THE PRESENT FIRMWARE WHICH IS FOR GUIDANCE ONLY AIMS AT PROVIDING CUSTOMERS
  12:../stm32_std/STM32F10x_StdPeriph_Driver/src/stm32f10x_dbgmcu.c ****   * WITH CODING INFORMATION REGARDING THEIR PRODUCTS IN ORDER FOR THEM TO SAVE
  13:../stm32_std/STM32F10x_StdPeriph_Driver/src/stm32f10x_dbgmcu.c ****   * TIME. AS A RESULT, STMICROELECTRONICS SHALL NOT BE HELD LIABLE FOR ANY
  14:../stm32_std/STM32F10x_StdPeriph_Driver/src/stm32f10x_dbgmcu.c ****   * DIRECT, INDIRECT OR CONSEQUENTIAL DAMAGES WITH RESPECT TO ANY CLAIMS ARISING
  15:../stm32_std/STM32F10x_StdPeriph_Driver/src/stm32f10x_dbgmcu.c ****   * FROM THE CONTENT OF SUCH FIRMWARE AND/OR THE USE MADE BY CUSTOMERS OF THE
  16:../stm32_std/STM32F10x_StdPeriph_Driver/src/stm32f10x_dbgmcu.c ****   * CODING INFORMATION CONTAINED HEREIN IN CONNECTION WITH THEIR PRODUCTS.
  17:../stm32_std/STM32F10x_StdPeriph_Driver/src/stm32f10x_dbgmcu.c ****   *
  18:../stm32_std/STM32F10x_StdPeriph_Driver/src/stm32f10x_dbgmcu.c ****   * <h2><center>&copy; COPYRIGHT 2011 STMicroelectronics</center></h2>
  19:../stm32_std/STM32F10x_StdPeriph_Driver/src/stm32f10x_dbgmcu.c ****   ******************************************************************************
  20:../stm32_std/STM32F10x_StdPeriph_Driver/src/stm32f10x_dbgmcu.c ****   */
  21:../stm32_std/STM32F10x_StdPeriph_Driver/src/stm32f10x_dbgmcu.c **** 
  22:../stm32_std/STM32F10x_StdPeriph_Driver/src/stm32f10x_dbgmcu.c **** /* Includes ------------------------------------------------------------------*/
  23:../stm32_std/STM32F10x_StdPeriph_Driver/src/stm32f10x_dbgmcu.c **** #include "stm32f10x_dbgmcu.h"
  24:../stm32_std/STM32F10x_StdPeriph_Driver/src/stm32f10x_dbgmcu.c **** 
  25:../stm32_std/STM32F10x_StdPeriph_Driver/src/stm32f10x_dbgmcu.c **** /** @addtogroup STM32F10x_StdPeriph_Driver
  26:../stm32_std/STM32F10x_StdPeriph_Driver/src/stm32f10x_dbgmcu.c ****   * @{
  27:../stm32_std/STM32F10x_StdPeriph_Driver/src/stm32f10x_dbgmcu.c ****   */
  28:../stm32_std/STM32F10x_StdPeriph_Driver/src/stm32f10x_dbgmcu.c **** 
  29:../stm32_std/STM32F10x_StdPeriph_Driver/src/stm32f10x_dbgmcu.c **** /** @defgroup DBGMCU 
  30:../stm32_std/STM32F10x_StdPeriph_Driver/src/stm32f10x_dbgmcu.c ****   * @brief DBGMCU driver modules
  31:../stm32_std/STM32F10x_StdPeriph_Driver/src/stm32f10x_dbgmcu.c ****   * @{
  32:../stm32_std/STM32F10x_StdPeriph_Driver/src/stm32f10x_dbgmcu.c ****   */ 
  33:../stm32_std/STM32F10x_StdPeriph_Driver/src/stm32f10x_dbgmcu.c **** 
  34:../stm32_std/STM32F10x_StdPeriph_Driver/src/stm32f10x_dbgmcu.c **** /** @defgroup DBGMCU_Private_TypesDefinitions
  35:../stm32_std/STM32F10x_StdPeriph_Driver/src/stm32f10x_dbgmcu.c ****   * @{
  36:../stm32_std/STM32F10x_StdPeriph_Driver/src/stm32f10x_dbgmcu.c ****   */
  37:../stm32_std/STM32F10x_StdPeriph_Driver/src/stm32f10x_dbgmcu.c **** 
  38:../stm32_std/STM32F10x_StdPeriph_Driver/src/stm32f10x_dbgmcu.c **** /**
  39:../stm32_std/STM32F10x_StdPeriph_Driver/src/stm32f10x_dbgmcu.c ****   * @}
  40:../stm32_std/STM32F10x_StdPeriph_Driver/src/stm32f10x_dbgmcu.c ****   */
  41:../stm32_std/STM32F10x_StdPeriph_Driver/src/stm32f10x_dbgmcu.c **** 
  42:../stm32_std/STM32F10x_StdPeriph_Driver/src/stm32f10x_dbgmcu.c **** /** @defgroup DBGMCU_Private_Defines
  43:../stm32_std/STM32F10x_StdPeriph_Driver/src/stm32f10x_dbgmcu.c ****   * @{
  44:../stm32_std/STM32F10x_StdPeriph_Driver/src/stm32f10x_dbgmcu.c ****   */
  45:../stm32_std/STM32F10x_StdPeriph_Driver/src/stm32f10x_dbgmcu.c **** 
  46:../stm32_std/STM32F10x_StdPeriph_Driver/src/stm32f10x_dbgmcu.c **** #define IDCODE_DEVID_MASK    ((uint32_t)0x00000FFF)
  47:../stm32_std/STM32F10x_StdPeriph_Driver/src/stm32f10x_dbgmcu.c **** /**
  48:../stm32_std/STM32F10x_StdPeriph_Driver/src/stm32f10x_dbgmcu.c ****   * @}
  49:../stm32_std/STM32F10x_StdPeriph_Driver/src/stm32f10x_dbgmcu.c ****   */
  50:../stm32_std/STM32F10x_StdPeriph_Driver/src/stm32f10x_dbgmcu.c **** 
  51:../stm32_std/STM32F10x_StdPeriph_Driver/src/stm32f10x_dbgmcu.c **** /** @defgroup DBGMCU_Private_Macros
  52:../stm32_std/STM32F10x_StdPeriph_Driver/src/stm32f10x_dbgmcu.c ****   * @{
  53:../stm32_std/STM32F10x_StdPeriph_Driver/src/stm32f10x_dbgmcu.c ****   */
  54:../stm32_std/STM32F10x_StdPeriph_Driver/src/stm32f10x_dbgmcu.c **** 
  55:../stm32_std/STM32F10x_StdPeriph_Driver/src/stm32f10x_dbgmcu.c **** /**
  56:../stm32_std/STM32F10x_StdPeriph_Driver/src/stm32f10x_dbgmcu.c ****   * @}
  57:../stm32_std/STM32F10x_StdPeriph_Driver/src/stm32f10x_dbgmcu.c ****   */
  58:../stm32_std/STM32F10x_StdPeriph_Driver/src/stm32f10x_dbgmcu.c **** 
  59:../stm32_std/STM32F10x_StdPeriph_Driver/src/stm32f10x_dbgmcu.c **** /** @defgroup DBGMCU_Private_Variables
  60:../stm32_std/STM32F10x_StdPeriph_Driver/src/stm32f10x_dbgmcu.c ****   * @{
  61:../stm32_std/STM32F10x_StdPeriph_Driver/src/stm32f10x_dbgmcu.c ****   */
  62:../stm32_std/STM32F10x_StdPeriph_Driver/src/stm32f10x_dbgmcu.c **** 
  63:../stm32_std/STM32F10x_StdPeriph_Driver/src/stm32f10x_dbgmcu.c **** /**
  64:../stm32_std/STM32F10x_StdPeriph_Driver/src/stm32f10x_dbgmcu.c ****   * @}
  65:../stm32_std/STM32F10x_StdPeriph_Driver/src/stm32f10x_dbgmcu.c ****   */
  66:../stm32_std/STM32F10x_StdPeriph_Driver/src/stm32f10x_dbgmcu.c **** 
  67:../stm32_std/STM32F10x_StdPeriph_Driver/src/stm32f10x_dbgmcu.c **** /** @defgroup DBGMCU_Private_FunctionPrototypes
  68:../stm32_std/STM32F10x_StdPeriph_Driver/src/stm32f10x_dbgmcu.c ****   * @{
  69:../stm32_std/STM32F10x_StdPeriph_Driver/src/stm32f10x_dbgmcu.c ****   */
  70:../stm32_std/STM32F10x_StdPeriph_Driver/src/stm32f10x_dbgmcu.c **** 
  71:../stm32_std/STM32F10x_StdPeriph_Driver/src/stm32f10x_dbgmcu.c **** /**
  72:../stm32_std/STM32F10x_StdPeriph_Driver/src/stm32f10x_dbgmcu.c ****   * @}
  73:../stm32_std/STM32F10x_StdPeriph_Driver/src/stm32f10x_dbgmcu.c ****   */
  74:../stm32_std/STM32F10x_StdPeriph_Driver/src/stm32f10x_dbgmcu.c **** 
  75:../stm32_std/STM32F10x_StdPeriph_Driver/src/stm32f10x_dbgmcu.c **** /** @defgroup DBGMCU_Private_Functions
  76:../stm32_std/STM32F10x_StdPeriph_Driver/src/stm32f10x_dbgmcu.c ****   * @{
  77:../stm32_std/STM32F10x_StdPeriph_Driver/src/stm32f10x_dbgmcu.c ****   */
  78:../stm32_std/STM32F10x_StdPeriph_Driver/src/stm32f10x_dbgmcu.c **** 
  79:../stm32_std/STM32F10x_StdPeriph_Driver/src/stm32f10x_dbgmcu.c **** /**
  80:../stm32_std/STM32F10x_StdPeriph_Driver/src/stm32f10x_dbgmcu.c ****   * @brief  Returns the device revision identifier.
  81:../stm32_std/STM32F10x_StdPeriph_Driver/src/stm32f10x_dbgmcu.c ****   * @param  None
  82:../stm32_std/STM32F10x_StdPeriph_Driver/src/stm32f10x_dbgmcu.c ****   * @retval Device revision identifier
  83:../stm32_std/STM32F10x_StdPeriph_Driver/src/stm32f10x_dbgmcu.c ****   */
  84:../stm32_std/STM32F10x_StdPeriph_Driver/src/stm32f10x_dbgmcu.c **** uint32_t DBGMCU_GetREVID(void)
  85:../stm32_std/STM32F10x_StdPeriph_Driver/src/stm32f10x_dbgmcu.c **** {
  27              		.loc 1 85 0
  28              		.cfi_startproc
  29              		@ args = 0, pretend = 0, frame = 0
  30              		@ frame_needed = 1, uses_anonymous_args = 0
  31              		@ link register save eliminated.
  32 0000 80B4     		push	{r7}
  33              		.cfi_def_cfa_offset 4
  34              		.cfi_offset 7, -4
  35 0002 00AF     		add	r7, sp, #0
  36              		.cfi_def_cfa_register 7
  86:../stm32_std/STM32F10x_StdPeriph_Driver/src/stm32f10x_dbgmcu.c ****    return(DBGMCU->IDCODE >> 16);
  37              		.loc 1 86 0
  38 0004 4FF40053 		mov	r3, #8192
  39 0008 CEF20403 		movt	r3, 57348
  40 000c 1B68     		ldr	r3, [r3]
  41 000e 1B0C     		lsrs	r3, r3, #16
  87:../stm32_std/STM32F10x_StdPeriph_Driver/src/stm32f10x_dbgmcu.c **** }
  42              		.loc 1 87 0
  43 0010 1846     		mov	r0, r3
  44 0012 BD46     		mov	sp, r7
  45              		@ sp needed
  46 0014 5DF8047B 		ldr	r7, [sp], #4
  47 0018 7047     		bx	lr
  48              		.cfi_endproc
  49              	.LFE56:
  51 001a 00BF     		.section	.text.DBGMCU_GetDEVID,"ax",%progbits
  52              		.align	2
  53              		.global	DBGMCU_GetDEVID
  54              		.thumb
  55              		.thumb_func
  57              	DBGMCU_GetDEVID:
  58              	.LFB57:
  88:../stm32_std/STM32F10x_StdPeriph_Driver/src/stm32f10x_dbgmcu.c **** 
  89:../stm32_std/STM32F10x_StdPeriph_Driver/src/stm32f10x_dbgmcu.c **** /**
  90:../stm32_std/STM32F10x_StdPeriph_Driver/src/stm32f10x_dbgmcu.c ****   * @brief  Returns the device identifier.
  91:../stm32_std/STM32F10x_StdPeriph_Driver/src/stm32f10x_dbgmcu.c ****   * @param  None
  92:../stm32_std/STM32F10x_StdPeriph_Driver/src/stm32f10x_dbgmcu.c ****   * @retval Device identifier
  93:../stm32_std/STM32F10x_StdPeriph_Driver/src/stm32f10x_dbgmcu.c ****   */
  94:../stm32_std/STM32F10x_StdPeriph_Driver/src/stm32f10x_dbgmcu.c **** uint32_t DBGMCU_GetDEVID(void)
  95:../stm32_std/STM32F10x_StdPeriph_Driver/src/stm32f10x_dbgmcu.c **** {
  59              		.loc 1 95 0
  60              		.cfi_startproc
  61              		@ args = 0, pretend = 0, frame = 0
  62              		@ frame_needed = 1, uses_anonymous_args = 0
  63              		@ link register save eliminated.
  64 0000 80B4     		push	{r7}
  65              		.cfi_def_cfa_offset 4
  66              		.cfi_offset 7, -4
  67 0002 00AF     		add	r7, sp, #0
  68              		.cfi_def_cfa_register 7
  96:../stm32_std/STM32F10x_StdPeriph_Driver/src/stm32f10x_dbgmcu.c ****    return(DBGMCU->IDCODE & IDCODE_DEVID_MASK);
  69              		.loc 1 96 0
  70 0004 4FF40053 		mov	r3, #8192
  71 0008 CEF20403 		movt	r3, 57348
  72 000c 1B68     		ldr	r3, [r3]
  73 000e C3F30B03 		ubfx	r3, r3, #0, #12
  97:../stm32_std/STM32F10x_StdPeriph_Driver/src/stm32f10x_dbgmcu.c **** }
  74              		.loc 1 97 0
  75 0012 1846     		mov	r0, r3
  76 0014 BD46     		mov	sp, r7
  77              		@ sp needed
  78 0016 5DF8047B 		ldr	r7, [sp], #4
  79 001a 7047     		bx	lr
  80              		.cfi_endproc
  81              	.LFE57:
  83              		.section	.text.DBGMCU_Config,"ax",%progbits
  84              		.align	2
  85              		.global	DBGMCU_Config
  86              		.thumb
  87              		.thumb_func
  89              	DBGMCU_Config:
  90              	.LFB58:
  98:../stm32_std/STM32F10x_StdPeriph_Driver/src/stm32f10x_dbgmcu.c **** 
  99:../stm32_std/STM32F10x_StdPeriph_Driver/src/stm32f10x_dbgmcu.c **** /**
 100:../stm32_std/STM32F10x_StdPeriph_Driver/src/stm32f10x_dbgmcu.c ****   * @brief  Configures the specified peripheral and low power mode behavior
 101:../stm32_std/STM32F10x_StdPeriph_Driver/src/stm32f10x_dbgmcu.c ****   *   when the MCU under Debug mode.
 102:../stm32_std/STM32F10x_StdPeriph_Driver/src/stm32f10x_dbgmcu.c ****   * @param  DBGMCU_Periph: specifies the peripheral and low power mode.
 103:../stm32_std/STM32F10x_StdPeriph_Driver/src/stm32f10x_dbgmcu.c ****   *   This parameter can be any combination of the following values:
 104:../stm32_std/STM32F10x_StdPeriph_Driver/src/stm32f10x_dbgmcu.c ****   *     @arg DBGMCU_SLEEP: Keep debugger connection during SLEEP mode              
 105:../stm32_std/STM32F10x_StdPeriph_Driver/src/stm32f10x_dbgmcu.c ****   *     @arg DBGMCU_STOP: Keep debugger connection during STOP mode               
 106:../stm32_std/STM32F10x_StdPeriph_Driver/src/stm32f10x_dbgmcu.c ****   *     @arg DBGMCU_STANDBY: Keep debugger connection during STANDBY mode            
 107:../stm32_std/STM32F10x_StdPeriph_Driver/src/stm32f10x_dbgmcu.c ****   *     @arg DBGMCU_IWDG_STOP: Debug IWDG stopped when Core is halted          
 108:../stm32_std/STM32F10x_StdPeriph_Driver/src/stm32f10x_dbgmcu.c ****   *     @arg DBGMCU_WWDG_STOP: Debug WWDG stopped when Core is halted          
 109:../stm32_std/STM32F10x_StdPeriph_Driver/src/stm32f10x_dbgmcu.c ****   *     @arg DBGMCU_TIM1_STOP: TIM1 counter stopped when Core is halted          
 110:../stm32_std/STM32F10x_StdPeriph_Driver/src/stm32f10x_dbgmcu.c ****   *     @arg DBGMCU_TIM2_STOP: TIM2 counter stopped when Core is halted          
 111:../stm32_std/STM32F10x_StdPeriph_Driver/src/stm32f10x_dbgmcu.c ****   *     @arg DBGMCU_TIM3_STOP: TIM3 counter stopped when Core is halted          
 112:../stm32_std/STM32F10x_StdPeriph_Driver/src/stm32f10x_dbgmcu.c ****   *     @arg DBGMCU_TIM4_STOP: TIM4 counter stopped when Core is halted          
 113:../stm32_std/STM32F10x_StdPeriph_Driver/src/stm32f10x_dbgmcu.c ****   *     @arg DBGMCU_CAN1_STOP: Debug CAN2 stopped when Core is halted           
 114:../stm32_std/STM32F10x_StdPeriph_Driver/src/stm32f10x_dbgmcu.c ****   *     @arg DBGMCU_I2C1_SMBUS_TIMEOUT: I2C1 SMBUS timeout mode stopped when Core is halted
 115:../stm32_std/STM32F10x_StdPeriph_Driver/src/stm32f10x_dbgmcu.c ****   *     @arg DBGMCU_I2C2_SMBUS_TIMEOUT: I2C2 SMBUS timeout mode stopped when Core is halted
 116:../stm32_std/STM32F10x_StdPeriph_Driver/src/stm32f10x_dbgmcu.c ****   *     @arg DBGMCU_TIM5_STOP: TIM5 counter stopped when Core is halted          
 117:../stm32_std/STM32F10x_StdPeriph_Driver/src/stm32f10x_dbgmcu.c ****   *     @arg DBGMCU_TIM6_STOP: TIM6 counter stopped when Core is halted          
 118:../stm32_std/STM32F10x_StdPeriph_Driver/src/stm32f10x_dbgmcu.c ****   *     @arg DBGMCU_TIM7_STOP: TIM7 counter stopped when Core is halted          
 119:../stm32_std/STM32F10x_StdPeriph_Driver/src/stm32f10x_dbgmcu.c ****   *     @arg DBGMCU_TIM8_STOP: TIM8 counter stopped when Core is halted
 120:../stm32_std/STM32F10x_StdPeriph_Driver/src/stm32f10x_dbgmcu.c ****   *     @arg DBGMCU_CAN2_STOP: Debug CAN2 stopped when Core is halted 
 121:../stm32_std/STM32F10x_StdPeriph_Driver/src/stm32f10x_dbgmcu.c ****   *     @arg DBGMCU_TIM15_STOP: TIM15 counter stopped when Core is halted
 122:../stm32_std/STM32F10x_StdPeriph_Driver/src/stm32f10x_dbgmcu.c ****   *     @arg DBGMCU_TIM16_STOP: TIM16 counter stopped when Core is halted
 123:../stm32_std/STM32F10x_StdPeriph_Driver/src/stm32f10x_dbgmcu.c ****   *     @arg DBGMCU_TIM17_STOP: TIM17 counter stopped when Core is halted                
 124:../stm32_std/STM32F10x_StdPeriph_Driver/src/stm32f10x_dbgmcu.c ****   *     @arg DBGMCU_TIM9_STOP: TIM9 counter stopped when Core is halted
 125:../stm32_std/STM32F10x_StdPeriph_Driver/src/stm32f10x_dbgmcu.c ****   *     @arg DBGMCU_TIM10_STOP: TIM10 counter stopped when Core is halted
 126:../stm32_std/STM32F10x_StdPeriph_Driver/src/stm32f10x_dbgmcu.c ****   *     @arg DBGMCU_TIM11_STOP: TIM11 counter stopped when Core is halted
 127:../stm32_std/STM32F10x_StdPeriph_Driver/src/stm32f10x_dbgmcu.c ****   *     @arg DBGMCU_TIM12_STOP: TIM12 counter stopped when Core is halted
 128:../stm32_std/STM32F10x_StdPeriph_Driver/src/stm32f10x_dbgmcu.c ****   *     @arg DBGMCU_TIM13_STOP: TIM13 counter stopped when Core is halted
 129:../stm32_std/STM32F10x_StdPeriph_Driver/src/stm32f10x_dbgmcu.c ****   *     @arg DBGMCU_TIM14_STOP: TIM14 counter stopped when Core is halted
 130:../stm32_std/STM32F10x_StdPeriph_Driver/src/stm32f10x_dbgmcu.c ****   * @param  NewState: new state of the specified peripheral in Debug mode.
 131:../stm32_std/STM32F10x_StdPeriph_Driver/src/stm32f10x_dbgmcu.c ****   *   This parameter can be: ENABLE or DISABLE.
 132:../stm32_std/STM32F10x_StdPeriph_Driver/src/stm32f10x_dbgmcu.c ****   * @retval None
 133:../stm32_std/STM32F10x_StdPeriph_Driver/src/stm32f10x_dbgmcu.c ****   */
 134:../stm32_std/STM32F10x_StdPeriph_Driver/src/stm32f10x_dbgmcu.c **** void DBGMCU_Config(uint32_t DBGMCU_Periph, FunctionalState NewState)
 135:../stm32_std/STM32F10x_StdPeriph_Driver/src/stm32f10x_dbgmcu.c **** {
  91              		.loc 1 135 0
  92              		.cfi_startproc
  93              		@ args = 0, pretend = 0, frame = 8
  94              		@ frame_needed = 1, uses_anonymous_args = 0
  95              		@ link register save eliminated.
  96 0000 80B4     		push	{r7}
  97              		.cfi_def_cfa_offset 4
  98              		.cfi_offset 7, -4
  99 0002 83B0     		sub	sp, sp, #12
 100              		.cfi_def_cfa_offset 16
 101 0004 00AF     		add	r7, sp, #0
 102              		.cfi_def_cfa_register 7
 103 0006 7860     		str	r0, [r7, #4]
 104 0008 0B46     		mov	r3, r1
 105 000a FB70     		strb	r3, [r7, #3]
 136:../stm32_std/STM32F10x_StdPeriph_Driver/src/stm32f10x_dbgmcu.c ****   /* Check the parameters */
 137:../stm32_std/STM32F10x_StdPeriph_Driver/src/stm32f10x_dbgmcu.c ****   assert_param(IS_DBGMCU_PERIPH(DBGMCU_Periph));
 138:../stm32_std/STM32F10x_StdPeriph_Driver/src/stm32f10x_dbgmcu.c ****   assert_param(IS_FUNCTIONAL_STATE(NewState));
 139:../stm32_std/STM32F10x_StdPeriph_Driver/src/stm32f10x_dbgmcu.c **** 
 140:../stm32_std/STM32F10x_StdPeriph_Driver/src/stm32f10x_dbgmcu.c ****   if (NewState != DISABLE)
 106              		.loc 1 140 0
 107 000c FB78     		ldrb	r3, [r7, #3]	@ zero_extendqisi2
 108 000e 002B     		cmp	r3, #0
 109 0010 0CD0     		beq	.L6
 141:../stm32_std/STM32F10x_StdPeriph_Driver/src/stm32f10x_dbgmcu.c ****   {
 142:../stm32_std/STM32F10x_StdPeriph_Driver/src/stm32f10x_dbgmcu.c ****     DBGMCU->CR |= DBGMCU_Periph;
 110              		.loc 1 142 0
 111 0012 4FF40053 		mov	r3, #8192
 112 0016 CEF20403 		movt	r3, 57348
 113 001a 4FF40052 		mov	r2, #8192
 114 001e CEF20402 		movt	r2, 57348
 115 0022 5168     		ldr	r1, [r2, #4]
 116 0024 7A68     		ldr	r2, [r7, #4]
 117 0026 0A43     		orrs	r2, r2, r1
 118 0028 5A60     		str	r2, [r3, #4]
 119 002a 0CE0     		b	.L5
 120              	.L6:
 143:../stm32_std/STM32F10x_StdPeriph_Driver/src/stm32f10x_dbgmcu.c ****   }
 144:../stm32_std/STM32F10x_StdPeriph_Driver/src/stm32f10x_dbgmcu.c ****   else
 145:../stm32_std/STM32F10x_StdPeriph_Driver/src/stm32f10x_dbgmcu.c ****   {
 146:../stm32_std/STM32F10x_StdPeriph_Driver/src/stm32f10x_dbgmcu.c ****     DBGMCU->CR &= ~DBGMCU_Periph;
 121              		.loc 1 146 0
 122 002c 4FF40053 		mov	r3, #8192
 123 0030 CEF20403 		movt	r3, 57348
 124 0034 4FF40052 		mov	r2, #8192
 125 0038 CEF20402 		movt	r2, 57348
 126 003c 5168     		ldr	r1, [r2, #4]
 127 003e 7A68     		ldr	r2, [r7, #4]
 128 0040 D243     		mvns	r2, r2
 129 0042 0A40     		ands	r2, r2, r1
 130 0044 5A60     		str	r2, [r3, #4]
 131              	.L5:
 147:../stm32_std/STM32F10x_StdPeriph_Driver/src/stm32f10x_dbgmcu.c ****   }
 148:../stm32_std/STM32F10x_StdPeriph_Driver/src/stm32f10x_dbgmcu.c **** }
 132              		.loc 1 148 0
 133 0046 0C37     		adds	r7, r7, #12
 134 0048 BD46     		mov	sp, r7
 135              		@ sp needed
 136 004a 5DF8047B 		ldr	r7, [sp], #4
 137 004e 7047     		bx	lr
 138              		.cfi_endproc
 139              	.LFE58:
 141              		.text
 142              	.Letext0:
 143              		.file 2 "c:\\program files (x86)\\mentorgraphics\\sourcery_codebench_lite_for_arm_eabi\\arm-none-e
 144              		.file 3 "D:\\workspace\\rfm12\\stm32_std\\CMSIS\\CM3\\DeviceSupport\\ST\\STM32F10x/stm32f10x.h"
 145              		.file 4 "D:\\workspace\\rfm12\\stm32_std\\CMSIS\\CM3\\CoreSupport/core_cm3.h"
DEFINED SYMBOLS
                            *ABS*:00000000 stm32f10x_dbgmcu.c
C:\Users\Serj\AppData\Local\Temp\ccwATD6N.s:19     .text.DBGMCU_GetREVID:00000000 $t
C:\Users\Serj\AppData\Local\Temp\ccwATD6N.s:24     .text.DBGMCU_GetREVID:00000000 DBGMCU_GetREVID
C:\Users\Serj\AppData\Local\Temp\ccwATD6N.s:52     .text.DBGMCU_GetDEVID:00000000 $t
C:\Users\Serj\AppData\Local\Temp\ccwATD6N.s:57     .text.DBGMCU_GetDEVID:00000000 DBGMCU_GetDEVID
C:\Users\Serj\AppData\Local\Temp\ccwATD6N.s:84     .text.DBGMCU_Config:00000000 $t
C:\Users\Serj\AppData\Local\Temp\ccwATD6N.s:89     .text.DBGMCU_Config:00000000 DBGMCU_Config
                     .debug_frame:00000010 $d
                           .group:00000000 wm4.1.69ef232822fae12fd5bc55108b75a1e4
                           .group:00000000 wm4.stm32f10x.h.51.b859cb68ed44ee02c916b41cb8c68f1c
                           .group:00000000 wm4.core_cm3.h.47.c45d264953076019d6b3b1c20e8ad771
                           .group:00000000 wm4.newlib.h.8.384a112feabb3bef7b573ae48cde2e3b
                           .group:00000000 wm4.features.h.22.6a4ca7cd053637cc1d0db6c16f39b2d7
                           .group:00000000 wm4.config.h.183.aa62afef667fb61d15fa64c48beb2f14
                           .group:00000000 wm4._ansi.h.23.2147fde150631f5584b9dc29b914d1b8
                           .group:00000000 wm4.stdint.h.20.54ad762faa59e3c05491630641c8d8bf
                           .group:00000000 wm4.core_cmInstr.h.39.3d3d1b4a79aef37532666dc6ee87c6ac
                           .group:00000000 wm4.core_cm3.h.144.f4158be2ca5a330459fef4214a4bb0f1
                           .group:00000000 wm4.stm32f10x.h.522.a925aafc848b1f088438cf0e9b167b78
                           .group:00000000 wm4.stm32f10x_adc.h.83.4d35a50d598070ecea6f33bcef02c922
                           .group:00000000 wm4.stm32f10x_bkp.h.25.4622919f1e30efdad5eb44e12edd5513
                           .group:00000000 wm4.stm32f10x_can.h.25.48aab46fcce6d08400bf960b028e4698
                           .group:00000000 wm4.stm32f10x_cec.h.25.8f03450e7bbb704d96e7bc73ec0f66a7
                           .group:00000000 wm4.stm32f10x_dac.h.25.d946244edf026333094657d55ea894b8
                           .group:00000000 wm4.stm32f10x_dma.h.25.94e36204daa98cae5dcc70a10a9694d5
                           .group:00000000 wm4.stm32f10x_exti.h.25.b9064155c5c006b5154b39788c79001a
                           .group:00000000 wm4.stm32f10x_flash.h.25.4be61fcb02863962a1e006449d310650
                           .group:00000000 wm4.stm32f10x_fsmc.h.25.bca154da2699cdb6024c0c6c4fc5aa89
                           .group:00000000 wm4.stm32f10x_gpio.h.25.80c981af0e637567395034c576cfb3ce
                           .group:00000000 wm4.stm32f10x_i2c.h.25.7b6cbaea24c6f25f538f8516d1814cb2
                           .group:00000000 wm4.stm32f10x_iwdg.h.25.da9374ab9856795610487f312ccf3122
                           .group:00000000 wm4.stm32f10x_pwr.h.25.37ef75009f751ef5fe27910e0bf00a62
                           .group:00000000 wm4.stm32f10x_rcc.h.25.fe8897e7491f2eb0cff54551d08eb765
                           .group:00000000 wm4.stm32f10x_rtc.h.25.361142606ba98ddcd10369f321f6e636
                           .group:00000000 wm4.stm32f10x_sdio.h.25.1fb5280a7690ef99070096bf8c866b3a
                           .group:00000000 wm4.stm32f10x_spi.h.25.68b3d5ccfcf895f9fe505ce20c0c300f
                           .group:00000000 wm4.stm32f10x_tim.h.25.21c6ec062f1e74898cb96a57da276fec
                           .group:00000000 wm4.stm32f10x_usart.h.25.29629c699b65db3f3efd3561f66b0bf6
                           .group:00000000 wm4.stm32f10x_wwdg.h.25.dde12201d86b5aa9ecaafb5eccdc6549
                           .group:00000000 wm4.misc.h.25.068e106f368fa5369a681ef57c106f4b
                           .group:00000000 wm4.stm32f10x.h.8304.f7d8ad90959e99679b3257267c3aadfe
                           .group:00000000 wm4.stm32f10x_dbgmcu.h.54.c05c906cc4d790639345bc56e47258b9

NO UNDEFINED SYMBOLS
