   1              		.syntax unified
   2              		.cpu cortex-m3
   3              		.fpu softvfp
   4              		.eabi_attribute 20, 1
   5              		.eabi_attribute 21, 1
   6              		.eabi_attribute 23, 3
   7              		.eabi_attribute 24, 1
   8              		.eabi_attribute 25, 1
   9              		.eabi_attribute 26, 1
  10              		.eabi_attribute 30, 6
  11              		.eabi_attribute 34, 1
  12              		.eabi_attribute 18, 4
  13              		.thumb
  14              		.file	"stm32f10x_exti.c"
  15              		.text
  16              	.Ltext0:
  17              		.cfi_sections	.debug_frame
  18              		.section	.text.EXTI_DeInit,"ax",%progbits
  19              		.align	2
  20              		.global	EXTI_DeInit
  21              		.thumb
  22              		.thumb_func
  24              	EXTI_DeInit:
  25              	.LFB56:
  26              		.file 1 "../stm32_std/STM32F10x_StdPeriph_Driver/src/stm32f10x_exti.c"
   1:../stm32_std/STM32F10x_StdPeriph_Driver/src/stm32f10x_exti.c **** /**
   2:../stm32_std/STM32F10x_StdPeriph_Driver/src/stm32f10x_exti.c ****   ******************************************************************************
   3:../stm32_std/STM32F10x_StdPeriph_Driver/src/stm32f10x_exti.c ****   * @file    stm32f10x_exti.c
   4:../stm32_std/STM32F10x_StdPeriph_Driver/src/stm32f10x_exti.c ****   * @author  MCD Application Team
   5:../stm32_std/STM32F10x_StdPeriph_Driver/src/stm32f10x_exti.c ****   * @version V3.5.0
   6:../stm32_std/STM32F10x_StdPeriph_Driver/src/stm32f10x_exti.c ****   * @date    11-March-2011
   7:../stm32_std/STM32F10x_StdPeriph_Driver/src/stm32f10x_exti.c ****   * @brief   This file provides all the EXTI firmware functions.
   8:../stm32_std/STM32F10x_StdPeriph_Driver/src/stm32f10x_exti.c ****   ******************************************************************************
   9:../stm32_std/STM32F10x_StdPeriph_Driver/src/stm32f10x_exti.c ****   * @attention
  10:../stm32_std/STM32F10x_StdPeriph_Driver/src/stm32f10x_exti.c ****   *
  11:../stm32_std/STM32F10x_StdPeriph_Driver/src/stm32f10x_exti.c ****   * THE PRESENT FIRMWARE WHICH IS FOR GUIDANCE ONLY AIMS AT PROVIDING CUSTOMERS
  12:../stm32_std/STM32F10x_StdPeriph_Driver/src/stm32f10x_exti.c ****   * WITH CODING INFORMATION REGARDING THEIR PRODUCTS IN ORDER FOR THEM TO SAVE
  13:../stm32_std/STM32F10x_StdPeriph_Driver/src/stm32f10x_exti.c ****   * TIME. AS A RESULT, STMICROELECTRONICS SHALL NOT BE HELD LIABLE FOR ANY
  14:../stm32_std/STM32F10x_StdPeriph_Driver/src/stm32f10x_exti.c ****   * DIRECT, INDIRECT OR CONSEQUENTIAL DAMAGES WITH RESPECT TO ANY CLAIMS ARISING
  15:../stm32_std/STM32F10x_StdPeriph_Driver/src/stm32f10x_exti.c ****   * FROM THE CONTENT OF SUCH FIRMWARE AND/OR THE USE MADE BY CUSTOMERS OF THE
  16:../stm32_std/STM32F10x_StdPeriph_Driver/src/stm32f10x_exti.c ****   * CODING INFORMATION CONTAINED HEREIN IN CONNECTION WITH THEIR PRODUCTS.
  17:../stm32_std/STM32F10x_StdPeriph_Driver/src/stm32f10x_exti.c ****   *
  18:../stm32_std/STM32F10x_StdPeriph_Driver/src/stm32f10x_exti.c ****   * <h2><center>&copy; COPYRIGHT 2011 STMicroelectronics</center></h2>
  19:../stm32_std/STM32F10x_StdPeriph_Driver/src/stm32f10x_exti.c ****   ******************************************************************************
  20:../stm32_std/STM32F10x_StdPeriph_Driver/src/stm32f10x_exti.c ****   */
  21:../stm32_std/STM32F10x_StdPeriph_Driver/src/stm32f10x_exti.c **** 
  22:../stm32_std/STM32F10x_StdPeriph_Driver/src/stm32f10x_exti.c **** /* Includes ------------------------------------------------------------------*/
  23:../stm32_std/STM32F10x_StdPeriph_Driver/src/stm32f10x_exti.c **** #include "stm32f10x_exti.h"
  24:../stm32_std/STM32F10x_StdPeriph_Driver/src/stm32f10x_exti.c **** 
  25:../stm32_std/STM32F10x_StdPeriph_Driver/src/stm32f10x_exti.c **** /** @addtogroup STM32F10x_StdPeriph_Driver
  26:../stm32_std/STM32F10x_StdPeriph_Driver/src/stm32f10x_exti.c ****   * @{
  27:../stm32_std/STM32F10x_StdPeriph_Driver/src/stm32f10x_exti.c ****   */
  28:../stm32_std/STM32F10x_StdPeriph_Driver/src/stm32f10x_exti.c **** 
  29:../stm32_std/STM32F10x_StdPeriph_Driver/src/stm32f10x_exti.c **** /** @defgroup EXTI 
  30:../stm32_std/STM32F10x_StdPeriph_Driver/src/stm32f10x_exti.c ****   * @brief EXTI driver modules
  31:../stm32_std/STM32F10x_StdPeriph_Driver/src/stm32f10x_exti.c ****   * @{
  32:../stm32_std/STM32F10x_StdPeriph_Driver/src/stm32f10x_exti.c ****   */
  33:../stm32_std/STM32F10x_StdPeriph_Driver/src/stm32f10x_exti.c **** 
  34:../stm32_std/STM32F10x_StdPeriph_Driver/src/stm32f10x_exti.c **** /** @defgroup EXTI_Private_TypesDefinitions
  35:../stm32_std/STM32F10x_StdPeriph_Driver/src/stm32f10x_exti.c ****   * @{
  36:../stm32_std/STM32F10x_StdPeriph_Driver/src/stm32f10x_exti.c ****   */
  37:../stm32_std/STM32F10x_StdPeriph_Driver/src/stm32f10x_exti.c **** 
  38:../stm32_std/STM32F10x_StdPeriph_Driver/src/stm32f10x_exti.c **** /**
  39:../stm32_std/STM32F10x_StdPeriph_Driver/src/stm32f10x_exti.c ****   * @}
  40:../stm32_std/STM32F10x_StdPeriph_Driver/src/stm32f10x_exti.c ****   */
  41:../stm32_std/STM32F10x_StdPeriph_Driver/src/stm32f10x_exti.c **** 
  42:../stm32_std/STM32F10x_StdPeriph_Driver/src/stm32f10x_exti.c **** /** @defgroup EXTI_Private_Defines
  43:../stm32_std/STM32F10x_StdPeriph_Driver/src/stm32f10x_exti.c ****   * @{
  44:../stm32_std/STM32F10x_StdPeriph_Driver/src/stm32f10x_exti.c ****   */
  45:../stm32_std/STM32F10x_StdPeriph_Driver/src/stm32f10x_exti.c **** 
  46:../stm32_std/STM32F10x_StdPeriph_Driver/src/stm32f10x_exti.c **** #define EXTI_LINENONE    ((uint32_t)0x00000)  /* No interrupt selected */
  47:../stm32_std/STM32F10x_StdPeriph_Driver/src/stm32f10x_exti.c **** 
  48:../stm32_std/STM32F10x_StdPeriph_Driver/src/stm32f10x_exti.c **** /**
  49:../stm32_std/STM32F10x_StdPeriph_Driver/src/stm32f10x_exti.c ****   * @}
  50:../stm32_std/STM32F10x_StdPeriph_Driver/src/stm32f10x_exti.c ****   */
  51:../stm32_std/STM32F10x_StdPeriph_Driver/src/stm32f10x_exti.c **** 
  52:../stm32_std/STM32F10x_StdPeriph_Driver/src/stm32f10x_exti.c **** /** @defgroup EXTI_Private_Macros
  53:../stm32_std/STM32F10x_StdPeriph_Driver/src/stm32f10x_exti.c ****   * @{
  54:../stm32_std/STM32F10x_StdPeriph_Driver/src/stm32f10x_exti.c ****   */
  55:../stm32_std/STM32F10x_StdPeriph_Driver/src/stm32f10x_exti.c **** 
  56:../stm32_std/STM32F10x_StdPeriph_Driver/src/stm32f10x_exti.c **** /**
  57:../stm32_std/STM32F10x_StdPeriph_Driver/src/stm32f10x_exti.c ****   * @}
  58:../stm32_std/STM32F10x_StdPeriph_Driver/src/stm32f10x_exti.c ****   */
  59:../stm32_std/STM32F10x_StdPeriph_Driver/src/stm32f10x_exti.c **** 
  60:../stm32_std/STM32F10x_StdPeriph_Driver/src/stm32f10x_exti.c **** /** @defgroup EXTI_Private_Variables
  61:../stm32_std/STM32F10x_StdPeriph_Driver/src/stm32f10x_exti.c ****   * @{
  62:../stm32_std/STM32F10x_StdPeriph_Driver/src/stm32f10x_exti.c ****   */
  63:../stm32_std/STM32F10x_StdPeriph_Driver/src/stm32f10x_exti.c **** 
  64:../stm32_std/STM32F10x_StdPeriph_Driver/src/stm32f10x_exti.c **** /**
  65:../stm32_std/STM32F10x_StdPeriph_Driver/src/stm32f10x_exti.c ****   * @}
  66:../stm32_std/STM32F10x_StdPeriph_Driver/src/stm32f10x_exti.c ****   */
  67:../stm32_std/STM32F10x_StdPeriph_Driver/src/stm32f10x_exti.c **** 
  68:../stm32_std/STM32F10x_StdPeriph_Driver/src/stm32f10x_exti.c **** /** @defgroup EXTI_Private_FunctionPrototypes
  69:../stm32_std/STM32F10x_StdPeriph_Driver/src/stm32f10x_exti.c ****   * @{
  70:../stm32_std/STM32F10x_StdPeriph_Driver/src/stm32f10x_exti.c ****   */
  71:../stm32_std/STM32F10x_StdPeriph_Driver/src/stm32f10x_exti.c **** 
  72:../stm32_std/STM32F10x_StdPeriph_Driver/src/stm32f10x_exti.c **** /**
  73:../stm32_std/STM32F10x_StdPeriph_Driver/src/stm32f10x_exti.c ****   * @}
  74:../stm32_std/STM32F10x_StdPeriph_Driver/src/stm32f10x_exti.c ****   */
  75:../stm32_std/STM32F10x_StdPeriph_Driver/src/stm32f10x_exti.c **** 
  76:../stm32_std/STM32F10x_StdPeriph_Driver/src/stm32f10x_exti.c **** /** @defgroup EXTI_Private_Functions
  77:../stm32_std/STM32F10x_StdPeriph_Driver/src/stm32f10x_exti.c ****   * @{
  78:../stm32_std/STM32F10x_StdPeriph_Driver/src/stm32f10x_exti.c ****   */
  79:../stm32_std/STM32F10x_StdPeriph_Driver/src/stm32f10x_exti.c **** 
  80:../stm32_std/STM32F10x_StdPeriph_Driver/src/stm32f10x_exti.c **** /**
  81:../stm32_std/STM32F10x_StdPeriph_Driver/src/stm32f10x_exti.c ****   * @brief  Deinitializes the EXTI peripheral registers to their default reset values.
  82:../stm32_std/STM32F10x_StdPeriph_Driver/src/stm32f10x_exti.c ****   * @param  None
  83:../stm32_std/STM32F10x_StdPeriph_Driver/src/stm32f10x_exti.c ****   * @retval None
  84:../stm32_std/STM32F10x_StdPeriph_Driver/src/stm32f10x_exti.c ****   */
  85:../stm32_std/STM32F10x_StdPeriph_Driver/src/stm32f10x_exti.c **** void EXTI_DeInit(void)
  86:../stm32_std/STM32F10x_StdPeriph_Driver/src/stm32f10x_exti.c **** {
  27              		.loc 1 86 0
  28              		.cfi_startproc
  29              		@ args = 0, pretend = 0, frame = 0
  30              		@ frame_needed = 1, uses_anonymous_args = 0
  31              		@ link register save eliminated.
  32 0000 80B4     		push	{r7}
  33              		.cfi_def_cfa_offset 4
  34              		.cfi_offset 7, -4
  35 0002 00AF     		add	r7, sp, #0
  36              		.cfi_def_cfa_register 7
  87:../stm32_std/STM32F10x_StdPeriph_Driver/src/stm32f10x_exti.c ****   EXTI->IMR = 0x00000000;
  37              		.loc 1 87 0
  38 0004 4FF48063 		mov	r3, #1024
  39 0008 C4F20103 		movt	r3, 16385
  40 000c 0022     		movs	r2, #0
  41 000e 1A60     		str	r2, [r3]
  88:../stm32_std/STM32F10x_StdPeriph_Driver/src/stm32f10x_exti.c ****   EXTI->EMR = 0x00000000;
  42              		.loc 1 88 0
  43 0010 4FF48063 		mov	r3, #1024
  44 0014 C4F20103 		movt	r3, 16385
  45 0018 0022     		movs	r2, #0
  46 001a 5A60     		str	r2, [r3, #4]
  89:../stm32_std/STM32F10x_StdPeriph_Driver/src/stm32f10x_exti.c ****   EXTI->RTSR = 0x00000000; 
  47              		.loc 1 89 0
  48 001c 4FF48063 		mov	r3, #1024
  49 0020 C4F20103 		movt	r3, 16385
  50 0024 0022     		movs	r2, #0
  51 0026 9A60     		str	r2, [r3, #8]
  90:../stm32_std/STM32F10x_StdPeriph_Driver/src/stm32f10x_exti.c ****   EXTI->FTSR = 0x00000000; 
  52              		.loc 1 90 0
  53 0028 4FF48063 		mov	r3, #1024
  54 002c C4F20103 		movt	r3, 16385
  55 0030 0022     		movs	r2, #0
  56 0032 DA60     		str	r2, [r3, #12]
  91:../stm32_std/STM32F10x_StdPeriph_Driver/src/stm32f10x_exti.c ****   EXTI->PR = 0x000FFFFF;
  57              		.loc 1 91 0
  58 0034 4FF48063 		mov	r3, #1024
  59 0038 C4F20103 		movt	r3, 16385
  60 003c 4FF6FF72 		movw	r2, #65535
  61 0040 C0F20F02 		movt	r2, 15
  62 0044 5A61     		str	r2, [r3, #20]
  92:../stm32_std/STM32F10x_StdPeriph_Driver/src/stm32f10x_exti.c **** }
  63              		.loc 1 92 0
  64 0046 BD46     		mov	sp, r7
  65              		@ sp needed
  66 0048 5DF8047B 		ldr	r7, [sp], #4
  67 004c 7047     		bx	lr
  68              		.cfi_endproc
  69              	.LFE56:
  71 004e 00BF     		.section	.text.EXTI_Init,"ax",%progbits
  72              		.align	2
  73              		.global	EXTI_Init
  74              		.thumb
  75              		.thumb_func
  77              	EXTI_Init:
  78              	.LFB57:
  93:../stm32_std/STM32F10x_StdPeriph_Driver/src/stm32f10x_exti.c **** 
  94:../stm32_std/STM32F10x_StdPeriph_Driver/src/stm32f10x_exti.c **** /**
  95:../stm32_std/STM32F10x_StdPeriph_Driver/src/stm32f10x_exti.c ****   * @brief  Initializes the EXTI peripheral according to the specified
  96:../stm32_std/STM32F10x_StdPeriph_Driver/src/stm32f10x_exti.c ****   *         parameters in the EXTI_InitStruct.
  97:../stm32_std/STM32F10x_StdPeriph_Driver/src/stm32f10x_exti.c ****   * @param  EXTI_InitStruct: pointer to a EXTI_InitTypeDef structure
  98:../stm32_std/STM32F10x_StdPeriph_Driver/src/stm32f10x_exti.c ****   *         that contains the configuration information for the EXTI peripheral.
  99:../stm32_std/STM32F10x_StdPeriph_Driver/src/stm32f10x_exti.c ****   * @retval None
 100:../stm32_std/STM32F10x_StdPeriph_Driver/src/stm32f10x_exti.c ****   */
 101:../stm32_std/STM32F10x_StdPeriph_Driver/src/stm32f10x_exti.c **** void EXTI_Init(EXTI_InitTypeDef* EXTI_InitStruct)
 102:../stm32_std/STM32F10x_StdPeriph_Driver/src/stm32f10x_exti.c **** {
  79              		.loc 1 102 0
  80              		.cfi_startproc
  81              		@ args = 0, pretend = 0, frame = 16
  82              		@ frame_needed = 1, uses_anonymous_args = 0
  83              		@ link register save eliminated.
  84 0000 80B4     		push	{r7}
  85              		.cfi_def_cfa_offset 4
  86              		.cfi_offset 7, -4
  87 0002 85B0     		sub	sp, sp, #20
  88              		.cfi_def_cfa_offset 24
  89 0004 00AF     		add	r7, sp, #0
  90              		.cfi_def_cfa_register 7
  91 0006 7860     		str	r0, [r7, #4]
 103:../stm32_std/STM32F10x_StdPeriph_Driver/src/stm32f10x_exti.c ****   uint32_t tmp = 0;
  92              		.loc 1 103 0
  93 0008 0023     		movs	r3, #0
  94 000a FB60     		str	r3, [r7, #12]
 104:../stm32_std/STM32F10x_StdPeriph_Driver/src/stm32f10x_exti.c **** 
 105:../stm32_std/STM32F10x_StdPeriph_Driver/src/stm32f10x_exti.c ****   /* Check the parameters */
 106:../stm32_std/STM32F10x_StdPeriph_Driver/src/stm32f10x_exti.c ****   assert_param(IS_EXTI_MODE(EXTI_InitStruct->EXTI_Mode));
 107:../stm32_std/STM32F10x_StdPeriph_Driver/src/stm32f10x_exti.c ****   assert_param(IS_EXTI_TRIGGER(EXTI_InitStruct->EXTI_Trigger));
 108:../stm32_std/STM32F10x_StdPeriph_Driver/src/stm32f10x_exti.c ****   assert_param(IS_EXTI_LINE(EXTI_InitStruct->EXTI_Line));  
 109:../stm32_std/STM32F10x_StdPeriph_Driver/src/stm32f10x_exti.c ****   assert_param(IS_FUNCTIONAL_STATE(EXTI_InitStruct->EXTI_LineCmd));
 110:../stm32_std/STM32F10x_StdPeriph_Driver/src/stm32f10x_exti.c **** 
 111:../stm32_std/STM32F10x_StdPeriph_Driver/src/stm32f10x_exti.c ****   tmp = (uint32_t)EXTI_BASE;
  95              		.loc 1 111 0
  96 000c 4FF48063 		mov	r3, #1024
  97 0010 C4F20103 		movt	r3, 16385
  98 0014 FB60     		str	r3, [r7, #12]
 112:../stm32_std/STM32F10x_StdPeriph_Driver/src/stm32f10x_exti.c ****      
 113:../stm32_std/STM32F10x_StdPeriph_Driver/src/stm32f10x_exti.c ****   if (EXTI_InitStruct->EXTI_LineCmd != DISABLE)
  99              		.loc 1 113 0
 100 0016 7B68     		ldr	r3, [r7, #4]
 101 0018 9B79     		ldrb	r3, [r3, #6]	@ zero_extendqisi2
 102 001a 002B     		cmp	r3, #0
 103 001c 74D0     		beq	.L3
 114:../stm32_std/STM32F10x_StdPeriph_Driver/src/stm32f10x_exti.c ****   {
 115:../stm32_std/STM32F10x_StdPeriph_Driver/src/stm32f10x_exti.c ****     /* Clear EXTI line configuration */
 116:../stm32_std/STM32F10x_StdPeriph_Driver/src/stm32f10x_exti.c ****     EXTI->IMR &= ~EXTI_InitStruct->EXTI_Line;
 104              		.loc 1 116 0
 105 001e 4FF48063 		mov	r3, #1024
 106 0022 C4F20103 		movt	r3, 16385
 107 0026 4FF48062 		mov	r2, #1024
 108 002a C4F20102 		movt	r2, 16385
 109 002e 1168     		ldr	r1, [r2]
 110 0030 7A68     		ldr	r2, [r7, #4]
 111 0032 1268     		ldr	r2, [r2]
 112 0034 D243     		mvns	r2, r2
 113 0036 0A40     		ands	r2, r2, r1
 114 0038 1A60     		str	r2, [r3]
 117:../stm32_std/STM32F10x_StdPeriph_Driver/src/stm32f10x_exti.c ****     EXTI->EMR &= ~EXTI_InitStruct->EXTI_Line;
 115              		.loc 1 117 0
 116 003a 4FF48063 		mov	r3, #1024
 117 003e C4F20103 		movt	r3, 16385
 118 0042 4FF48062 		mov	r2, #1024
 119 0046 C4F20102 		movt	r2, 16385
 120 004a 5168     		ldr	r1, [r2, #4]
 121 004c 7A68     		ldr	r2, [r7, #4]
 122 004e 1268     		ldr	r2, [r2]
 123 0050 D243     		mvns	r2, r2
 124 0052 0A40     		ands	r2, r2, r1
 125 0054 5A60     		str	r2, [r3, #4]
 118:../stm32_std/STM32F10x_StdPeriph_Driver/src/stm32f10x_exti.c ****     
 119:../stm32_std/STM32F10x_StdPeriph_Driver/src/stm32f10x_exti.c ****     tmp += EXTI_InitStruct->EXTI_Mode;
 126              		.loc 1 119 0
 127 0056 7B68     		ldr	r3, [r7, #4]
 128 0058 1B79     		ldrb	r3, [r3, #4]	@ zero_extendqisi2
 129 005a FA68     		ldr	r2, [r7, #12]
 130 005c 1344     		add	r3, r3, r2
 131 005e FB60     		str	r3, [r7, #12]
 120:../stm32_std/STM32F10x_StdPeriph_Driver/src/stm32f10x_exti.c **** 
 121:../stm32_std/STM32F10x_StdPeriph_Driver/src/stm32f10x_exti.c ****     *(__IO uint32_t *) tmp |= EXTI_InitStruct->EXTI_Line;
 132              		.loc 1 121 0
 133 0060 FB68     		ldr	r3, [r7, #12]
 134 0062 FA68     		ldr	r2, [r7, #12]
 135 0064 1168     		ldr	r1, [r2]
 136 0066 7A68     		ldr	r2, [r7, #4]
 137 0068 1268     		ldr	r2, [r2]
 138 006a 0A43     		orrs	r2, r2, r1
 139 006c 1A60     		str	r2, [r3]
 122:../stm32_std/STM32F10x_StdPeriph_Driver/src/stm32f10x_exti.c **** 
 123:../stm32_std/STM32F10x_StdPeriph_Driver/src/stm32f10x_exti.c ****     /* Clear Rising Falling edge configuration */
 124:../stm32_std/STM32F10x_StdPeriph_Driver/src/stm32f10x_exti.c ****     EXTI->RTSR &= ~EXTI_InitStruct->EXTI_Line;
 140              		.loc 1 124 0
 141 006e 4FF48063 		mov	r3, #1024
 142 0072 C4F20103 		movt	r3, 16385
 143 0076 4FF48062 		mov	r2, #1024
 144 007a C4F20102 		movt	r2, 16385
 145 007e 9168     		ldr	r1, [r2, #8]
 146 0080 7A68     		ldr	r2, [r7, #4]
 147 0082 1268     		ldr	r2, [r2]
 148 0084 D243     		mvns	r2, r2
 149 0086 0A40     		ands	r2, r2, r1
 150 0088 9A60     		str	r2, [r3, #8]
 125:../stm32_std/STM32F10x_StdPeriph_Driver/src/stm32f10x_exti.c ****     EXTI->FTSR &= ~EXTI_InitStruct->EXTI_Line;
 151              		.loc 1 125 0
 152 008a 4FF48063 		mov	r3, #1024
 153 008e C4F20103 		movt	r3, 16385
 154 0092 4FF48062 		mov	r2, #1024
 155 0096 C4F20102 		movt	r2, 16385
 156 009a D168     		ldr	r1, [r2, #12]
 157 009c 7A68     		ldr	r2, [r7, #4]
 158 009e 1268     		ldr	r2, [r2]
 159 00a0 D243     		mvns	r2, r2
 160 00a2 0A40     		ands	r2, r2, r1
 161 00a4 DA60     		str	r2, [r3, #12]
 126:../stm32_std/STM32F10x_StdPeriph_Driver/src/stm32f10x_exti.c ****     
 127:../stm32_std/STM32F10x_StdPeriph_Driver/src/stm32f10x_exti.c ****     /* Select the trigger for the selected external interrupts */
 128:../stm32_std/STM32F10x_StdPeriph_Driver/src/stm32f10x_exti.c ****     if (EXTI_InitStruct->EXTI_Trigger == EXTI_Trigger_Rising_Falling)
 162              		.loc 1 128 0
 163 00a6 7B68     		ldr	r3, [r7, #4]
 164 00a8 5B79     		ldrb	r3, [r3, #5]	@ zero_extendqisi2
 165 00aa 102B     		cmp	r3, #16
 166 00ac 1AD1     		bne	.L4
 129:../stm32_std/STM32F10x_StdPeriph_Driver/src/stm32f10x_exti.c ****     {
 130:../stm32_std/STM32F10x_StdPeriph_Driver/src/stm32f10x_exti.c ****       /* Rising Falling edge */
 131:../stm32_std/STM32F10x_StdPeriph_Driver/src/stm32f10x_exti.c ****       EXTI->RTSR |= EXTI_InitStruct->EXTI_Line;
 167              		.loc 1 131 0
 168 00ae 4FF48063 		mov	r3, #1024
 169 00b2 C4F20103 		movt	r3, 16385
 170 00b6 4FF48062 		mov	r2, #1024
 171 00ba C4F20102 		movt	r2, 16385
 172 00be 9168     		ldr	r1, [r2, #8]
 173 00c0 7A68     		ldr	r2, [r7, #4]
 174 00c2 1268     		ldr	r2, [r2]
 175 00c4 0A43     		orrs	r2, r2, r1
 176 00c6 9A60     		str	r2, [r3, #8]
 132:../stm32_std/STM32F10x_StdPeriph_Driver/src/stm32f10x_exti.c ****       EXTI->FTSR |= EXTI_InitStruct->EXTI_Line;
 177              		.loc 1 132 0
 178 00c8 4FF48063 		mov	r3, #1024
 179 00cc C4F20103 		movt	r3, 16385
 180 00d0 4FF48062 		mov	r2, #1024
 181 00d4 C4F20102 		movt	r2, 16385
 182 00d8 D168     		ldr	r1, [r2, #12]
 183 00da 7A68     		ldr	r2, [r7, #4]
 184 00dc 1268     		ldr	r2, [r2]
 185 00de 0A43     		orrs	r2, r2, r1
 186 00e0 DA60     		str	r2, [r3, #12]
 187 00e2 1EE0     		b	.L2
 188              	.L4:
 133:../stm32_std/STM32F10x_StdPeriph_Driver/src/stm32f10x_exti.c ****     }
 134:../stm32_std/STM32F10x_StdPeriph_Driver/src/stm32f10x_exti.c ****     else
 135:../stm32_std/STM32F10x_StdPeriph_Driver/src/stm32f10x_exti.c ****     {
 136:../stm32_std/STM32F10x_StdPeriph_Driver/src/stm32f10x_exti.c ****       tmp = (uint32_t)EXTI_BASE;
 189              		.loc 1 136 0
 190 00e4 4FF48063 		mov	r3, #1024
 191 00e8 C4F20103 		movt	r3, 16385
 192 00ec FB60     		str	r3, [r7, #12]
 137:../stm32_std/STM32F10x_StdPeriph_Driver/src/stm32f10x_exti.c ****       tmp += EXTI_InitStruct->EXTI_Trigger;
 193              		.loc 1 137 0
 194 00ee 7B68     		ldr	r3, [r7, #4]
 195 00f0 5B79     		ldrb	r3, [r3, #5]	@ zero_extendqisi2
 196 00f2 FA68     		ldr	r2, [r7, #12]
 197 00f4 1344     		add	r3, r3, r2
 198 00f6 FB60     		str	r3, [r7, #12]
 138:../stm32_std/STM32F10x_StdPeriph_Driver/src/stm32f10x_exti.c **** 
 139:../stm32_std/STM32F10x_StdPeriph_Driver/src/stm32f10x_exti.c ****       *(__IO uint32_t *) tmp |= EXTI_InitStruct->EXTI_Line;
 199              		.loc 1 139 0
 200 00f8 FB68     		ldr	r3, [r7, #12]
 201 00fa FA68     		ldr	r2, [r7, #12]
 202 00fc 1168     		ldr	r1, [r2]
 203 00fe 7A68     		ldr	r2, [r7, #4]
 204 0100 1268     		ldr	r2, [r2]
 205 0102 0A43     		orrs	r2, r2, r1
 206 0104 1A60     		str	r2, [r3]
 207 0106 0CE0     		b	.L2
 208              	.L3:
 140:../stm32_std/STM32F10x_StdPeriph_Driver/src/stm32f10x_exti.c ****     }
 141:../stm32_std/STM32F10x_StdPeriph_Driver/src/stm32f10x_exti.c ****   }
 142:../stm32_std/STM32F10x_StdPeriph_Driver/src/stm32f10x_exti.c ****   else
 143:../stm32_std/STM32F10x_StdPeriph_Driver/src/stm32f10x_exti.c ****   {
 144:../stm32_std/STM32F10x_StdPeriph_Driver/src/stm32f10x_exti.c ****     tmp += EXTI_InitStruct->EXTI_Mode;
 209              		.loc 1 144 0
 210 0108 7B68     		ldr	r3, [r7, #4]
 211 010a 1B79     		ldrb	r3, [r3, #4]	@ zero_extendqisi2
 212 010c FA68     		ldr	r2, [r7, #12]
 213 010e 1344     		add	r3, r3, r2
 214 0110 FB60     		str	r3, [r7, #12]
 145:../stm32_std/STM32F10x_StdPeriph_Driver/src/stm32f10x_exti.c **** 
 146:../stm32_std/STM32F10x_StdPeriph_Driver/src/stm32f10x_exti.c ****     /* Disable the selected external lines */
 147:../stm32_std/STM32F10x_StdPeriph_Driver/src/stm32f10x_exti.c ****     *(__IO uint32_t *) tmp &= ~EXTI_InitStruct->EXTI_Line;
 215              		.loc 1 147 0
 216 0112 FB68     		ldr	r3, [r7, #12]
 217 0114 FA68     		ldr	r2, [r7, #12]
 218 0116 1168     		ldr	r1, [r2]
 219 0118 7A68     		ldr	r2, [r7, #4]
 220 011a 1268     		ldr	r2, [r2]
 221 011c D243     		mvns	r2, r2
 222 011e 0A40     		ands	r2, r2, r1
 223 0120 1A60     		str	r2, [r3]
 224              	.L2:
 148:../stm32_std/STM32F10x_StdPeriph_Driver/src/stm32f10x_exti.c ****   }
 149:../stm32_std/STM32F10x_StdPeriph_Driver/src/stm32f10x_exti.c **** }
 225              		.loc 1 149 0
 226 0122 1437     		adds	r7, r7, #20
 227 0124 BD46     		mov	sp, r7
 228              		@ sp needed
 229 0126 5DF8047B 		ldr	r7, [sp], #4
 230 012a 7047     		bx	lr
 231              		.cfi_endproc
 232              	.LFE57:
 234              		.section	.text.EXTI_StructInit,"ax",%progbits
 235              		.align	2
 236              		.global	EXTI_StructInit
 237              		.thumb
 238              		.thumb_func
 240              	EXTI_StructInit:
 241              	.LFB58:
 150:../stm32_std/STM32F10x_StdPeriph_Driver/src/stm32f10x_exti.c **** 
 151:../stm32_std/STM32F10x_StdPeriph_Driver/src/stm32f10x_exti.c **** /**
 152:../stm32_std/STM32F10x_StdPeriph_Driver/src/stm32f10x_exti.c ****   * @brief  Fills each EXTI_InitStruct member with its reset value.
 153:../stm32_std/STM32F10x_StdPeriph_Driver/src/stm32f10x_exti.c ****   * @param  EXTI_InitStruct: pointer to a EXTI_InitTypeDef structure which will
 154:../stm32_std/STM32F10x_StdPeriph_Driver/src/stm32f10x_exti.c ****   *         be initialized.
 155:../stm32_std/STM32F10x_StdPeriph_Driver/src/stm32f10x_exti.c ****   * @retval None
 156:../stm32_std/STM32F10x_StdPeriph_Driver/src/stm32f10x_exti.c ****   */
 157:../stm32_std/STM32F10x_StdPeriph_Driver/src/stm32f10x_exti.c **** void EXTI_StructInit(EXTI_InitTypeDef* EXTI_InitStruct)
 158:../stm32_std/STM32F10x_StdPeriph_Driver/src/stm32f10x_exti.c **** {
 242              		.loc 1 158 0
 243              		.cfi_startproc
 244              		@ args = 0, pretend = 0, frame = 8
 245              		@ frame_needed = 1, uses_anonymous_args = 0
 246              		@ link register save eliminated.
 247 0000 80B4     		push	{r7}
 248              		.cfi_def_cfa_offset 4
 249              		.cfi_offset 7, -4
 250 0002 83B0     		sub	sp, sp, #12
 251              		.cfi_def_cfa_offset 16
 252 0004 00AF     		add	r7, sp, #0
 253              		.cfi_def_cfa_register 7
 254 0006 7860     		str	r0, [r7, #4]
 159:../stm32_std/STM32F10x_StdPeriph_Driver/src/stm32f10x_exti.c ****   EXTI_InitStruct->EXTI_Line = EXTI_LINENONE;
 255              		.loc 1 159 0
 256 0008 7B68     		ldr	r3, [r7, #4]
 257 000a 0022     		movs	r2, #0
 258 000c 1A60     		str	r2, [r3]
 160:../stm32_std/STM32F10x_StdPeriph_Driver/src/stm32f10x_exti.c ****   EXTI_InitStruct->EXTI_Mode = EXTI_Mode_Interrupt;
 259              		.loc 1 160 0
 260 000e 7B68     		ldr	r3, [r7, #4]
 261 0010 0022     		movs	r2, #0
 262 0012 1A71     		strb	r2, [r3, #4]
 161:../stm32_std/STM32F10x_StdPeriph_Driver/src/stm32f10x_exti.c ****   EXTI_InitStruct->EXTI_Trigger = EXTI_Trigger_Falling;
 263              		.loc 1 161 0
 264 0014 7B68     		ldr	r3, [r7, #4]
 265 0016 0C22     		movs	r2, #12
 266 0018 5A71     		strb	r2, [r3, #5]
 162:../stm32_std/STM32F10x_StdPeriph_Driver/src/stm32f10x_exti.c ****   EXTI_InitStruct->EXTI_LineCmd = DISABLE;
 267              		.loc 1 162 0
 268 001a 7B68     		ldr	r3, [r7, #4]
 269 001c 0022     		movs	r2, #0
 270 001e 9A71     		strb	r2, [r3, #6]
 163:../stm32_std/STM32F10x_StdPeriph_Driver/src/stm32f10x_exti.c **** }
 271              		.loc 1 163 0
 272 0020 0C37     		adds	r7, r7, #12
 273 0022 BD46     		mov	sp, r7
 274              		@ sp needed
 275 0024 5DF8047B 		ldr	r7, [sp], #4
 276 0028 7047     		bx	lr
 277              		.cfi_endproc
 278              	.LFE58:
 280 002a 00BF     		.section	.text.EXTI_GenerateSWInterrupt,"ax",%progbits
 281              		.align	2
 282              		.global	EXTI_GenerateSWInterrupt
 283              		.thumb
 284              		.thumb_func
 286              	EXTI_GenerateSWInterrupt:
 287              	.LFB59:
 164:../stm32_std/STM32F10x_StdPeriph_Driver/src/stm32f10x_exti.c **** 
 165:../stm32_std/STM32F10x_StdPeriph_Driver/src/stm32f10x_exti.c **** /**
 166:../stm32_std/STM32F10x_StdPeriph_Driver/src/stm32f10x_exti.c ****   * @brief  Generates a Software interrupt.
 167:../stm32_std/STM32F10x_StdPeriph_Driver/src/stm32f10x_exti.c ****   * @param  EXTI_Line: specifies the EXTI lines to be enabled or disabled.
 168:../stm32_std/STM32F10x_StdPeriph_Driver/src/stm32f10x_exti.c ****   *   This parameter can be any combination of EXTI_Linex where x can be (0..19).
 169:../stm32_std/STM32F10x_StdPeriph_Driver/src/stm32f10x_exti.c ****   * @retval None
 170:../stm32_std/STM32F10x_StdPeriph_Driver/src/stm32f10x_exti.c ****   */
 171:../stm32_std/STM32F10x_StdPeriph_Driver/src/stm32f10x_exti.c **** void EXTI_GenerateSWInterrupt(uint32_t EXTI_Line)
 172:../stm32_std/STM32F10x_StdPeriph_Driver/src/stm32f10x_exti.c **** {
 288              		.loc 1 172 0
 289              		.cfi_startproc
 290              		@ args = 0, pretend = 0, frame = 8
 291              		@ frame_needed = 1, uses_anonymous_args = 0
 292              		@ link register save eliminated.
 293 0000 80B4     		push	{r7}
 294              		.cfi_def_cfa_offset 4
 295              		.cfi_offset 7, -4
 296 0002 83B0     		sub	sp, sp, #12
 297              		.cfi_def_cfa_offset 16
 298 0004 00AF     		add	r7, sp, #0
 299              		.cfi_def_cfa_register 7
 300 0006 7860     		str	r0, [r7, #4]
 173:../stm32_std/STM32F10x_StdPeriph_Driver/src/stm32f10x_exti.c ****   /* Check the parameters */
 174:../stm32_std/STM32F10x_StdPeriph_Driver/src/stm32f10x_exti.c ****   assert_param(IS_EXTI_LINE(EXTI_Line));
 175:../stm32_std/STM32F10x_StdPeriph_Driver/src/stm32f10x_exti.c ****   
 176:../stm32_std/STM32F10x_StdPeriph_Driver/src/stm32f10x_exti.c ****   EXTI->SWIER |= EXTI_Line;
 301              		.loc 1 176 0
 302 0008 4FF48063 		mov	r3, #1024
 303 000c C4F20103 		movt	r3, 16385
 304 0010 4FF48062 		mov	r2, #1024
 305 0014 C4F20102 		movt	r2, 16385
 306 0018 1169     		ldr	r1, [r2, #16]
 307 001a 7A68     		ldr	r2, [r7, #4]
 308 001c 0A43     		orrs	r2, r2, r1
 309 001e 1A61     		str	r2, [r3, #16]
 177:../stm32_std/STM32F10x_StdPeriph_Driver/src/stm32f10x_exti.c **** }
 310              		.loc 1 177 0
 311 0020 0C37     		adds	r7, r7, #12
 312 0022 BD46     		mov	sp, r7
 313              		@ sp needed
 314 0024 5DF8047B 		ldr	r7, [sp], #4
 315 0028 7047     		bx	lr
 316              		.cfi_endproc
 317              	.LFE59:
 319 002a 00BF     		.section	.text.EXTI_GetFlagStatus,"ax",%progbits
 320              		.align	2
 321              		.global	EXTI_GetFlagStatus
 322              		.thumb
 323              		.thumb_func
 325              	EXTI_GetFlagStatus:
 326              	.LFB60:
 178:../stm32_std/STM32F10x_StdPeriph_Driver/src/stm32f10x_exti.c **** 
 179:../stm32_std/STM32F10x_StdPeriph_Driver/src/stm32f10x_exti.c **** /**
 180:../stm32_std/STM32F10x_StdPeriph_Driver/src/stm32f10x_exti.c ****   * @brief  Checks whether the specified EXTI line flag is set or not.
 181:../stm32_std/STM32F10x_StdPeriph_Driver/src/stm32f10x_exti.c ****   * @param  EXTI_Line: specifies the EXTI line flag to check.
 182:../stm32_std/STM32F10x_StdPeriph_Driver/src/stm32f10x_exti.c ****   *   This parameter can be:
 183:../stm32_std/STM32F10x_StdPeriph_Driver/src/stm32f10x_exti.c ****   *     @arg EXTI_Linex: External interrupt line x where x(0..19)
 184:../stm32_std/STM32F10x_StdPeriph_Driver/src/stm32f10x_exti.c ****   * @retval The new state of EXTI_Line (SET or RESET).
 185:../stm32_std/STM32F10x_StdPeriph_Driver/src/stm32f10x_exti.c ****   */
 186:../stm32_std/STM32F10x_StdPeriph_Driver/src/stm32f10x_exti.c **** FlagStatus EXTI_GetFlagStatus(uint32_t EXTI_Line)
 187:../stm32_std/STM32F10x_StdPeriph_Driver/src/stm32f10x_exti.c **** {
 327              		.loc 1 187 0
 328              		.cfi_startproc
 329              		@ args = 0, pretend = 0, frame = 16
 330              		@ frame_needed = 1, uses_anonymous_args = 0
 331              		@ link register save eliminated.
 332 0000 80B4     		push	{r7}
 333              		.cfi_def_cfa_offset 4
 334              		.cfi_offset 7, -4
 335 0002 85B0     		sub	sp, sp, #20
 336              		.cfi_def_cfa_offset 24
 337 0004 00AF     		add	r7, sp, #0
 338              		.cfi_def_cfa_register 7
 339 0006 7860     		str	r0, [r7, #4]
 188:../stm32_std/STM32F10x_StdPeriph_Driver/src/stm32f10x_exti.c ****   FlagStatus bitstatus = RESET;
 340              		.loc 1 188 0
 341 0008 0023     		movs	r3, #0
 342 000a FB73     		strb	r3, [r7, #15]
 189:../stm32_std/STM32F10x_StdPeriph_Driver/src/stm32f10x_exti.c ****   /* Check the parameters */
 190:../stm32_std/STM32F10x_StdPeriph_Driver/src/stm32f10x_exti.c ****   assert_param(IS_GET_EXTI_LINE(EXTI_Line));
 191:../stm32_std/STM32F10x_StdPeriph_Driver/src/stm32f10x_exti.c ****   
 192:../stm32_std/STM32F10x_StdPeriph_Driver/src/stm32f10x_exti.c ****   if ((EXTI->PR & EXTI_Line) != (uint32_t)RESET)
 343              		.loc 1 192 0
 344 000c 4FF48063 		mov	r3, #1024
 345 0010 C4F20103 		movt	r3, 16385
 346 0014 5A69     		ldr	r2, [r3, #20]
 347 0016 7B68     		ldr	r3, [r7, #4]
 348 0018 1340     		ands	r3, r3, r2
 349 001a 002B     		cmp	r3, #0
 350 001c 02D0     		beq	.L10
 193:../stm32_std/STM32F10x_StdPeriph_Driver/src/stm32f10x_exti.c ****   {
 194:../stm32_std/STM32F10x_StdPeriph_Driver/src/stm32f10x_exti.c ****     bitstatus = SET;
 351              		.loc 1 194 0
 352 001e 0123     		movs	r3, #1
 353 0020 FB73     		strb	r3, [r7, #15]
 354 0022 01E0     		b	.L11
 355              	.L10:
 195:../stm32_std/STM32F10x_StdPeriph_Driver/src/stm32f10x_exti.c ****   }
 196:../stm32_std/STM32F10x_StdPeriph_Driver/src/stm32f10x_exti.c ****   else
 197:../stm32_std/STM32F10x_StdPeriph_Driver/src/stm32f10x_exti.c ****   {
 198:../stm32_std/STM32F10x_StdPeriph_Driver/src/stm32f10x_exti.c ****     bitstatus = RESET;
 356              		.loc 1 198 0
 357 0024 0023     		movs	r3, #0
 358 0026 FB73     		strb	r3, [r7, #15]
 359              	.L11:
 199:../stm32_std/STM32F10x_StdPeriph_Driver/src/stm32f10x_exti.c ****   }
 200:../stm32_std/STM32F10x_StdPeriph_Driver/src/stm32f10x_exti.c ****   return bitstatus;
 360              		.loc 1 200 0
 361 0028 FB7B     		ldrb	r3, [r7, #15]	@ zero_extendqisi2
 201:../stm32_std/STM32F10x_StdPeriph_Driver/src/stm32f10x_exti.c **** }
 362              		.loc 1 201 0
 363 002a 1846     		mov	r0, r3
 364 002c 1437     		adds	r7, r7, #20
 365 002e BD46     		mov	sp, r7
 366              		@ sp needed
 367 0030 5DF8047B 		ldr	r7, [sp], #4
 368 0034 7047     		bx	lr
 369              		.cfi_endproc
 370              	.LFE60:
 372 0036 00BF     		.section	.text.EXTI_ClearFlag,"ax",%progbits
 373              		.align	2
 374              		.global	EXTI_ClearFlag
 375              		.thumb
 376              		.thumb_func
 378              	EXTI_ClearFlag:
 379              	.LFB61:
 202:../stm32_std/STM32F10x_StdPeriph_Driver/src/stm32f10x_exti.c **** 
 203:../stm32_std/STM32F10x_StdPeriph_Driver/src/stm32f10x_exti.c **** /**
 204:../stm32_std/STM32F10x_StdPeriph_Driver/src/stm32f10x_exti.c ****   * @brief  Clears the EXTI's line pending flags.
 205:../stm32_std/STM32F10x_StdPeriph_Driver/src/stm32f10x_exti.c ****   * @param  EXTI_Line: specifies the EXTI lines flags to clear.
 206:../stm32_std/STM32F10x_StdPeriph_Driver/src/stm32f10x_exti.c ****   *   This parameter can be any combination of EXTI_Linex where x can be (0..19).
 207:../stm32_std/STM32F10x_StdPeriph_Driver/src/stm32f10x_exti.c ****   * @retval None
 208:../stm32_std/STM32F10x_StdPeriph_Driver/src/stm32f10x_exti.c ****   */
 209:../stm32_std/STM32F10x_StdPeriph_Driver/src/stm32f10x_exti.c **** void EXTI_ClearFlag(uint32_t EXTI_Line)
 210:../stm32_std/STM32F10x_StdPeriph_Driver/src/stm32f10x_exti.c **** {
 380              		.loc 1 210 0
 381              		.cfi_startproc
 382              		@ args = 0, pretend = 0, frame = 8
 383              		@ frame_needed = 1, uses_anonymous_args = 0
 384              		@ link register save eliminated.
 385 0000 80B4     		push	{r7}
 386              		.cfi_def_cfa_offset 4
 387              		.cfi_offset 7, -4
 388 0002 83B0     		sub	sp, sp, #12
 389              		.cfi_def_cfa_offset 16
 390 0004 00AF     		add	r7, sp, #0
 391              		.cfi_def_cfa_register 7
 392 0006 7860     		str	r0, [r7, #4]
 211:../stm32_std/STM32F10x_StdPeriph_Driver/src/stm32f10x_exti.c ****   /* Check the parameters */
 212:../stm32_std/STM32F10x_StdPeriph_Driver/src/stm32f10x_exti.c ****   assert_param(IS_EXTI_LINE(EXTI_Line));
 213:../stm32_std/STM32F10x_StdPeriph_Driver/src/stm32f10x_exti.c ****   
 214:../stm32_std/STM32F10x_StdPeriph_Driver/src/stm32f10x_exti.c ****   EXTI->PR = EXTI_Line;
 393              		.loc 1 214 0
 394 0008 4FF48063 		mov	r3, #1024
 395 000c C4F20103 		movt	r3, 16385
 396 0010 7A68     		ldr	r2, [r7, #4]
 397 0012 5A61     		str	r2, [r3, #20]
 215:../stm32_std/STM32F10x_StdPeriph_Driver/src/stm32f10x_exti.c **** }
 398              		.loc 1 215 0
 399 0014 0C37     		adds	r7, r7, #12
 400 0016 BD46     		mov	sp, r7
 401              		@ sp needed
 402 0018 5DF8047B 		ldr	r7, [sp], #4
 403 001c 7047     		bx	lr
 404              		.cfi_endproc
 405              	.LFE61:
 407 001e 00BF     		.section	.text.EXTI_GetITStatus,"ax",%progbits
 408              		.align	2
 409              		.global	EXTI_GetITStatus
 410              		.thumb
 411              		.thumb_func
 413              	EXTI_GetITStatus:
 414              	.LFB62:
 216:../stm32_std/STM32F10x_StdPeriph_Driver/src/stm32f10x_exti.c **** 
 217:../stm32_std/STM32F10x_StdPeriph_Driver/src/stm32f10x_exti.c **** /**
 218:../stm32_std/STM32F10x_StdPeriph_Driver/src/stm32f10x_exti.c ****   * @brief  Checks whether the specified EXTI line is asserted or not.
 219:../stm32_std/STM32F10x_StdPeriph_Driver/src/stm32f10x_exti.c ****   * @param  EXTI_Line: specifies the EXTI line to check.
 220:../stm32_std/STM32F10x_StdPeriph_Driver/src/stm32f10x_exti.c ****   *   This parameter can be:
 221:../stm32_std/STM32F10x_StdPeriph_Driver/src/stm32f10x_exti.c ****   *     @arg EXTI_Linex: External interrupt line x where x(0..19)
 222:../stm32_std/STM32F10x_StdPeriph_Driver/src/stm32f10x_exti.c ****   * @retval The new state of EXTI_Line (SET or RESET).
 223:../stm32_std/STM32F10x_StdPeriph_Driver/src/stm32f10x_exti.c ****   */
 224:../stm32_std/STM32F10x_StdPeriph_Driver/src/stm32f10x_exti.c **** ITStatus EXTI_GetITStatus(uint32_t EXTI_Line)
 225:../stm32_std/STM32F10x_StdPeriph_Driver/src/stm32f10x_exti.c **** {
 415              		.loc 1 225 0
 416              		.cfi_startproc
 417              		@ args = 0, pretend = 0, frame = 16
 418              		@ frame_needed = 1, uses_anonymous_args = 0
 419              		@ link register save eliminated.
 420 0000 80B4     		push	{r7}
 421              		.cfi_def_cfa_offset 4
 422              		.cfi_offset 7, -4
 423 0002 85B0     		sub	sp, sp, #20
 424              		.cfi_def_cfa_offset 24
 425 0004 00AF     		add	r7, sp, #0
 426              		.cfi_def_cfa_register 7
 427 0006 7860     		str	r0, [r7, #4]
 226:../stm32_std/STM32F10x_StdPeriph_Driver/src/stm32f10x_exti.c ****   ITStatus bitstatus = RESET;
 428              		.loc 1 226 0
 429 0008 0023     		movs	r3, #0
 430 000a FB73     		strb	r3, [r7, #15]
 227:../stm32_std/STM32F10x_StdPeriph_Driver/src/stm32f10x_exti.c ****   uint32_t enablestatus = 0;
 431              		.loc 1 227 0
 432 000c 0023     		movs	r3, #0
 433 000e BB60     		str	r3, [r7, #8]
 228:../stm32_std/STM32F10x_StdPeriph_Driver/src/stm32f10x_exti.c ****   /* Check the parameters */
 229:../stm32_std/STM32F10x_StdPeriph_Driver/src/stm32f10x_exti.c ****   assert_param(IS_GET_EXTI_LINE(EXTI_Line));
 230:../stm32_std/STM32F10x_StdPeriph_Driver/src/stm32f10x_exti.c ****   
 231:../stm32_std/STM32F10x_StdPeriph_Driver/src/stm32f10x_exti.c ****   enablestatus =  EXTI->IMR & EXTI_Line;
 434              		.loc 1 231 0
 435 0010 4FF48063 		mov	r3, #1024
 436 0014 C4F20103 		movt	r3, 16385
 437 0018 1A68     		ldr	r2, [r3]
 438 001a 7B68     		ldr	r3, [r7, #4]
 439 001c 1340     		ands	r3, r3, r2
 440 001e BB60     		str	r3, [r7, #8]
 232:../stm32_std/STM32F10x_StdPeriph_Driver/src/stm32f10x_exti.c ****   if (((EXTI->PR & EXTI_Line) != (uint32_t)RESET) && (enablestatus != (uint32_t)RESET))
 441              		.loc 1 232 0
 442 0020 4FF48063 		mov	r3, #1024
 443 0024 C4F20103 		movt	r3, 16385
 444 0028 5A69     		ldr	r2, [r3, #20]
 445 002a 7B68     		ldr	r3, [r7, #4]
 446 002c 1340     		ands	r3, r3, r2
 447 002e 002B     		cmp	r3, #0
 448 0030 05D0     		beq	.L15
 449              		.loc 1 232 0 is_stmt 0 discriminator 1
 450 0032 BB68     		ldr	r3, [r7, #8]
 451 0034 002B     		cmp	r3, #0
 452 0036 02D0     		beq	.L15
 233:../stm32_std/STM32F10x_StdPeriph_Driver/src/stm32f10x_exti.c ****   {
 234:../stm32_std/STM32F10x_StdPeriph_Driver/src/stm32f10x_exti.c ****     bitstatus = SET;
 453              		.loc 1 234 0 is_stmt 1
 454 0038 0123     		movs	r3, #1
 455 003a FB73     		strb	r3, [r7, #15]
 456 003c 01E0     		b	.L16
 457              	.L15:
 235:../stm32_std/STM32F10x_StdPeriph_Driver/src/stm32f10x_exti.c ****   }
 236:../stm32_std/STM32F10x_StdPeriph_Driver/src/stm32f10x_exti.c ****   else
 237:../stm32_std/STM32F10x_StdPeriph_Driver/src/stm32f10x_exti.c ****   {
 238:../stm32_std/STM32F10x_StdPeriph_Driver/src/stm32f10x_exti.c ****     bitstatus = RESET;
 458              		.loc 1 238 0
 459 003e 0023     		movs	r3, #0
 460 0040 FB73     		strb	r3, [r7, #15]
 461              	.L16:
 239:../stm32_std/STM32F10x_StdPeriph_Driver/src/stm32f10x_exti.c ****   }
 240:../stm32_std/STM32F10x_StdPeriph_Driver/src/stm32f10x_exti.c ****   return bitstatus;
 462              		.loc 1 240 0
 463 0042 FB7B     		ldrb	r3, [r7, #15]	@ zero_extendqisi2
 241:../stm32_std/STM32F10x_StdPeriph_Driver/src/stm32f10x_exti.c **** }
 464              		.loc 1 241 0
 465 0044 1846     		mov	r0, r3
 466 0046 1437     		adds	r7, r7, #20
 467 0048 BD46     		mov	sp, r7
 468              		@ sp needed
 469 004a 5DF8047B 		ldr	r7, [sp], #4
 470 004e 7047     		bx	lr
 471              		.cfi_endproc
 472              	.LFE62:
 474              		.section	.text.EXTI_ClearITPendingBit,"ax",%progbits
 475              		.align	2
 476              		.global	EXTI_ClearITPendingBit
 477              		.thumb
 478              		.thumb_func
 480              	EXTI_ClearITPendingBit:
 481              	.LFB63:
 242:../stm32_std/STM32F10x_StdPeriph_Driver/src/stm32f10x_exti.c **** 
 243:../stm32_std/STM32F10x_StdPeriph_Driver/src/stm32f10x_exti.c **** /**
 244:../stm32_std/STM32F10x_StdPeriph_Driver/src/stm32f10x_exti.c ****   * @brief  Clears the EXTI's line pending bits.
 245:../stm32_std/STM32F10x_StdPeriph_Driver/src/stm32f10x_exti.c ****   * @param  EXTI_Line: specifies the EXTI lines to clear.
 246:../stm32_std/STM32F10x_StdPeriph_Driver/src/stm32f10x_exti.c ****   *   This parameter can be any combination of EXTI_Linex where x can be (0..19).
 247:../stm32_std/STM32F10x_StdPeriph_Driver/src/stm32f10x_exti.c ****   * @retval None
 248:../stm32_std/STM32F10x_StdPeriph_Driver/src/stm32f10x_exti.c ****   */
 249:../stm32_std/STM32F10x_StdPeriph_Driver/src/stm32f10x_exti.c **** void EXTI_ClearITPendingBit(uint32_t EXTI_Line)
 250:../stm32_std/STM32F10x_StdPeriph_Driver/src/stm32f10x_exti.c **** {
 482              		.loc 1 250 0
 483              		.cfi_startproc
 484              		@ args = 0, pretend = 0, frame = 8
 485              		@ frame_needed = 1, uses_anonymous_args = 0
 486              		@ link register save eliminated.
 487 0000 80B4     		push	{r7}
 488              		.cfi_def_cfa_offset 4
 489              		.cfi_offset 7, -4
 490 0002 83B0     		sub	sp, sp, #12
 491              		.cfi_def_cfa_offset 16
 492 0004 00AF     		add	r7, sp, #0
 493              		.cfi_def_cfa_register 7
 494 0006 7860     		str	r0, [r7, #4]
 251:../stm32_std/STM32F10x_StdPeriph_Driver/src/stm32f10x_exti.c ****   /* Check the parameters */
 252:../stm32_std/STM32F10x_StdPeriph_Driver/src/stm32f10x_exti.c ****   assert_param(IS_EXTI_LINE(EXTI_Line));
 253:../stm32_std/STM32F10x_StdPeriph_Driver/src/stm32f10x_exti.c ****   
 254:../stm32_std/STM32F10x_StdPeriph_Driver/src/stm32f10x_exti.c ****   EXTI->PR = EXTI_Line;
 495              		.loc 1 254 0
 496 0008 4FF48063 		mov	r3, #1024
 497 000c C4F20103 		movt	r3, 16385
 498 0010 7A68     		ldr	r2, [r7, #4]
 499 0012 5A61     		str	r2, [r3, #20]
 255:../stm32_std/STM32F10x_StdPeriph_Driver/src/stm32f10x_exti.c **** }
 500              		.loc 1 255 0
 501 0014 0C37     		adds	r7, r7, #12
 502 0016 BD46     		mov	sp, r7
 503              		@ sp needed
 504 0018 5DF8047B 		ldr	r7, [sp], #4
 505 001c 7047     		bx	lr
 506              		.cfi_endproc
 507              	.LFE63:
 509 001e 00BF     		.text
 510              	.Letext0:
 511              		.file 2 "c:\\program files (x86)\\mentorgraphics\\sourcery_codebench_lite_for_arm_eabi\\arm-none-e
 512              		.file 3 "D:\\workspace\\rfm12\\stm32_std\\CMSIS\\CM3\\DeviceSupport\\ST\\STM32F10x/stm32f10x.h"
 513              		.file 4 "D:\\workspace\\rfm12\\stm32_std\\STM32F10x_StdPeriph_Driver\\inc/stm32f10x_exti.h"
 514              		.file 5 "D:\\workspace\\rfm12\\stm32_std\\CMSIS\\CM3\\CoreSupport/core_cm3.h"
DEFINED SYMBOLS
                            *ABS*:00000000 stm32f10x_exti.c
C:\Users\Serj\AppData\Local\Temp\ccP3mGXq.s:19     .text.EXTI_DeInit:00000000 $t
C:\Users\Serj\AppData\Local\Temp\ccP3mGXq.s:24     .text.EXTI_DeInit:00000000 EXTI_DeInit
C:\Users\Serj\AppData\Local\Temp\ccP3mGXq.s:72     .text.EXTI_Init:00000000 $t
C:\Users\Serj\AppData\Local\Temp\ccP3mGXq.s:77     .text.EXTI_Init:00000000 EXTI_Init
C:\Users\Serj\AppData\Local\Temp\ccP3mGXq.s:235    .text.EXTI_StructInit:00000000 $t
C:\Users\Serj\AppData\Local\Temp\ccP3mGXq.s:240    .text.EXTI_StructInit:00000000 EXTI_StructInit
C:\Users\Serj\AppData\Local\Temp\ccP3mGXq.s:281    .text.EXTI_GenerateSWInterrupt:00000000 $t
C:\Users\Serj\AppData\Local\Temp\ccP3mGXq.s:286    .text.EXTI_GenerateSWInterrupt:00000000 EXTI_GenerateSWInterrupt
C:\Users\Serj\AppData\Local\Temp\ccP3mGXq.s:320    .text.EXTI_GetFlagStatus:00000000 $t
C:\Users\Serj\AppData\Local\Temp\ccP3mGXq.s:325    .text.EXTI_GetFlagStatus:00000000 EXTI_GetFlagStatus
C:\Users\Serj\AppData\Local\Temp\ccP3mGXq.s:373    .text.EXTI_ClearFlag:00000000 $t
C:\Users\Serj\AppData\Local\Temp\ccP3mGXq.s:378    .text.EXTI_ClearFlag:00000000 EXTI_ClearFlag
C:\Users\Serj\AppData\Local\Temp\ccP3mGXq.s:408    .text.EXTI_GetITStatus:00000000 $t
C:\Users\Serj\AppData\Local\Temp\ccP3mGXq.s:413    .text.EXTI_GetITStatus:00000000 EXTI_GetITStatus
C:\Users\Serj\AppData\Local\Temp\ccP3mGXq.s:475    .text.EXTI_ClearITPendingBit:00000000 $t
C:\Users\Serj\AppData\Local\Temp\ccP3mGXq.s:480    .text.EXTI_ClearITPendingBit:00000000 EXTI_ClearITPendingBit
                     .debug_frame:00000010 $d
                           .group:00000000 wm4.1.69ef232822fae12fd5bc55108b75a1e4
                           .group:00000000 wm4.stm32f10x.h.51.b859cb68ed44ee02c916b41cb8c68f1c
                           .group:00000000 wm4.core_cm3.h.47.c45d264953076019d6b3b1c20e8ad771
                           .group:00000000 wm4.newlib.h.8.384a112feabb3bef7b573ae48cde2e3b
                           .group:00000000 wm4.features.h.22.6a4ca7cd053637cc1d0db6c16f39b2d7
                           .group:00000000 wm4.config.h.183.aa62afef667fb61d15fa64c48beb2f14
                           .group:00000000 wm4._ansi.h.23.2147fde150631f5584b9dc29b914d1b8
                           .group:00000000 wm4.stdint.h.20.54ad762faa59e3c05491630641c8d8bf
                           .group:00000000 wm4.core_cmInstr.h.39.3d3d1b4a79aef37532666dc6ee87c6ac
                           .group:00000000 wm4.core_cm3.h.144.f4158be2ca5a330459fef4214a4bb0f1
                           .group:00000000 wm4.stm32f10x.h.522.a925aafc848b1f088438cf0e9b167b78
                           .group:00000000 wm4.stm32f10x_adc.h.83.4d35a50d598070ecea6f33bcef02c922
                           .group:00000000 wm4.stm32f10x_bkp.h.25.4622919f1e30efdad5eb44e12edd5513
                           .group:00000000 wm4.stm32f10x_can.h.25.48aab46fcce6d08400bf960b028e4698
                           .group:00000000 wm4.stm32f10x_cec.h.25.8f03450e7bbb704d96e7bc73ec0f66a7
                           .group:00000000 wm4.stm32f10x_dac.h.25.d946244edf026333094657d55ea894b8
                           .group:00000000 wm4.stm32f10x_dbgmcu.h.25.d3351200fc7f9c8615d1ae81d40db08a
                           .group:00000000 wm4.stm32f10x_dma.h.25.94e36204daa98cae5dcc70a10a9694d5
                           .group:00000000 wm4.stm32f10x_flash.h.25.4be61fcb02863962a1e006449d310650
                           .group:00000000 wm4.stm32f10x_fsmc.h.25.bca154da2699cdb6024c0c6c4fc5aa89
                           .group:00000000 wm4.stm32f10x_gpio.h.25.80c981af0e637567395034c576cfb3ce
                           .group:00000000 wm4.stm32f10x_i2c.h.25.7b6cbaea24c6f25f538f8516d1814cb2
                           .group:00000000 wm4.stm32f10x_iwdg.h.25.da9374ab9856795610487f312ccf3122
                           .group:00000000 wm4.stm32f10x_pwr.h.25.37ef75009f751ef5fe27910e0bf00a62
                           .group:00000000 wm4.stm32f10x_rcc.h.25.fe8897e7491f2eb0cff54551d08eb765
                           .group:00000000 wm4.stm32f10x_rtc.h.25.361142606ba98ddcd10369f321f6e636
                           .group:00000000 wm4.stm32f10x_sdio.h.25.1fb5280a7690ef99070096bf8c866b3a
                           .group:00000000 wm4.stm32f10x_spi.h.25.68b3d5ccfcf895f9fe505ce20c0c300f
                           .group:00000000 wm4.stm32f10x_tim.h.25.21c6ec062f1e74898cb96a57da276fec
                           .group:00000000 wm4.stm32f10x_usart.h.25.29629c699b65db3f3efd3561f66b0bf6
                           .group:00000000 wm4.stm32f10x_wwdg.h.25.dde12201d86b5aa9ecaafb5eccdc6549
                           .group:00000000 wm4.misc.h.25.068e106f368fa5369a681ef57c106f4b
                           .group:00000000 wm4.stm32f10x.h.8304.f7d8ad90959e99679b3257267c3aadfe
                           .group:00000000 wm4.stm32f10x_exti.h.56.8b2f216f9ded9d03a9eb42ed6973fc04

NO UNDEFINED SYMBOLS
