   1              		.syntax unified
   2              		.cpu cortex-m3
   3              		.fpu softvfp
   4              		.eabi_attribute 20, 1
   5              		.eabi_attribute 21, 1
   6              		.eabi_attribute 23, 3
   7              		.eabi_attribute 24, 1
   8              		.eabi_attribute 25, 1
   9              		.eabi_attribute 26, 1
  10              		.eabi_attribute 30, 6
  11              		.eabi_attribute 34, 1
  12              		.eabi_attribute 18, 4
  13              		.thumb
  14              		.file	"stm32f10x_crc.c"
  15              		.text
  16              	.Ltext0:
  17              		.cfi_sections	.debug_frame
  18              		.section	.text.CRC_ResetDR,"ax",%progbits
  19              		.align	2
  20              		.global	CRC_ResetDR
  21              		.thumb
  22              		.thumb_func
  24              	CRC_ResetDR:
  25              	.LFB56:
  26              		.file 1 "../stm32_std/STM32F10x_StdPeriph_Driver/src/stm32f10x_crc.c"
   1:../stm32_std/STM32F10x_StdPeriph_Driver/src/stm32f10x_crc.c **** /**
   2:../stm32_std/STM32F10x_StdPeriph_Driver/src/stm32f10x_crc.c ****   ******************************************************************************
   3:../stm32_std/STM32F10x_StdPeriph_Driver/src/stm32f10x_crc.c ****   * @file    stm32f10x_crc.c
   4:../stm32_std/STM32F10x_StdPeriph_Driver/src/stm32f10x_crc.c ****   * @author  MCD Application Team
   5:../stm32_std/STM32F10x_StdPeriph_Driver/src/stm32f10x_crc.c ****   * @version V3.5.0
   6:../stm32_std/STM32F10x_StdPeriph_Driver/src/stm32f10x_crc.c ****   * @date    11-March-2011
   7:../stm32_std/STM32F10x_StdPeriph_Driver/src/stm32f10x_crc.c ****   * @brief   This file provides all the CRC firmware functions.
   8:../stm32_std/STM32F10x_StdPeriph_Driver/src/stm32f10x_crc.c ****   ******************************************************************************
   9:../stm32_std/STM32F10x_StdPeriph_Driver/src/stm32f10x_crc.c ****   * @attention
  10:../stm32_std/STM32F10x_StdPeriph_Driver/src/stm32f10x_crc.c ****   *
  11:../stm32_std/STM32F10x_StdPeriph_Driver/src/stm32f10x_crc.c ****   * THE PRESENT FIRMWARE WHICH IS FOR GUIDANCE ONLY AIMS AT PROVIDING CUSTOMERS
  12:../stm32_std/STM32F10x_StdPeriph_Driver/src/stm32f10x_crc.c ****   * WITH CODING INFORMATION REGARDING THEIR PRODUCTS IN ORDER FOR THEM TO SAVE
  13:../stm32_std/STM32F10x_StdPeriph_Driver/src/stm32f10x_crc.c ****   * TIME. AS A RESULT, STMICROELECTRONICS SHALL NOT BE HELD LIABLE FOR ANY
  14:../stm32_std/STM32F10x_StdPeriph_Driver/src/stm32f10x_crc.c ****   * DIRECT, INDIRECT OR CONSEQUENTIAL DAMAGES WITH RESPECT TO ANY CLAIMS ARISING
  15:../stm32_std/STM32F10x_StdPeriph_Driver/src/stm32f10x_crc.c ****   * FROM THE CONTENT OF SUCH FIRMWARE AND/OR THE USE MADE BY CUSTOMERS OF THE
  16:../stm32_std/STM32F10x_StdPeriph_Driver/src/stm32f10x_crc.c ****   * CODING INFORMATION CONTAINED HEREIN IN CONNECTION WITH THEIR PRODUCTS.
  17:../stm32_std/STM32F10x_StdPeriph_Driver/src/stm32f10x_crc.c ****   *
  18:../stm32_std/STM32F10x_StdPeriph_Driver/src/stm32f10x_crc.c ****   * <h2><center>&copy; COPYRIGHT 2011 STMicroelectronics</center></h2>
  19:../stm32_std/STM32F10x_StdPeriph_Driver/src/stm32f10x_crc.c ****   ******************************************************************************
  20:../stm32_std/STM32F10x_StdPeriph_Driver/src/stm32f10x_crc.c ****   */
  21:../stm32_std/STM32F10x_StdPeriph_Driver/src/stm32f10x_crc.c **** 
  22:../stm32_std/STM32F10x_StdPeriph_Driver/src/stm32f10x_crc.c **** /* Includes ------------------------------------------------------------------*/
  23:../stm32_std/STM32F10x_StdPeriph_Driver/src/stm32f10x_crc.c **** #include "stm32f10x_crc.h"
  24:../stm32_std/STM32F10x_StdPeriph_Driver/src/stm32f10x_crc.c **** 
  25:../stm32_std/STM32F10x_StdPeriph_Driver/src/stm32f10x_crc.c **** /** @addtogroup STM32F10x_StdPeriph_Driver
  26:../stm32_std/STM32F10x_StdPeriph_Driver/src/stm32f10x_crc.c ****   * @{
  27:../stm32_std/STM32F10x_StdPeriph_Driver/src/stm32f10x_crc.c ****   */
  28:../stm32_std/STM32F10x_StdPeriph_Driver/src/stm32f10x_crc.c **** 
  29:../stm32_std/STM32F10x_StdPeriph_Driver/src/stm32f10x_crc.c **** /** @defgroup CRC 
  30:../stm32_std/STM32F10x_StdPeriph_Driver/src/stm32f10x_crc.c ****   * @brief CRC driver modules
  31:../stm32_std/STM32F10x_StdPeriph_Driver/src/stm32f10x_crc.c ****   * @{
  32:../stm32_std/STM32F10x_StdPeriph_Driver/src/stm32f10x_crc.c ****   */
  33:../stm32_std/STM32F10x_StdPeriph_Driver/src/stm32f10x_crc.c **** 
  34:../stm32_std/STM32F10x_StdPeriph_Driver/src/stm32f10x_crc.c **** /** @defgroup CRC_Private_TypesDefinitions
  35:../stm32_std/STM32F10x_StdPeriph_Driver/src/stm32f10x_crc.c ****   * @{
  36:../stm32_std/STM32F10x_StdPeriph_Driver/src/stm32f10x_crc.c ****   */
  37:../stm32_std/STM32F10x_StdPeriph_Driver/src/stm32f10x_crc.c **** 
  38:../stm32_std/STM32F10x_StdPeriph_Driver/src/stm32f10x_crc.c **** /**
  39:../stm32_std/STM32F10x_StdPeriph_Driver/src/stm32f10x_crc.c ****   * @}
  40:../stm32_std/STM32F10x_StdPeriph_Driver/src/stm32f10x_crc.c ****   */
  41:../stm32_std/STM32F10x_StdPeriph_Driver/src/stm32f10x_crc.c **** 
  42:../stm32_std/STM32F10x_StdPeriph_Driver/src/stm32f10x_crc.c **** /** @defgroup CRC_Private_Defines
  43:../stm32_std/STM32F10x_StdPeriph_Driver/src/stm32f10x_crc.c ****   * @{
  44:../stm32_std/STM32F10x_StdPeriph_Driver/src/stm32f10x_crc.c ****   */
  45:../stm32_std/STM32F10x_StdPeriph_Driver/src/stm32f10x_crc.c **** 
  46:../stm32_std/STM32F10x_StdPeriph_Driver/src/stm32f10x_crc.c **** /**
  47:../stm32_std/STM32F10x_StdPeriph_Driver/src/stm32f10x_crc.c ****   * @}
  48:../stm32_std/STM32F10x_StdPeriph_Driver/src/stm32f10x_crc.c ****   */
  49:../stm32_std/STM32F10x_StdPeriph_Driver/src/stm32f10x_crc.c **** 
  50:../stm32_std/STM32F10x_StdPeriph_Driver/src/stm32f10x_crc.c **** /** @defgroup CRC_Private_Macros
  51:../stm32_std/STM32F10x_StdPeriph_Driver/src/stm32f10x_crc.c ****   * @{
  52:../stm32_std/STM32F10x_StdPeriph_Driver/src/stm32f10x_crc.c ****   */
  53:../stm32_std/STM32F10x_StdPeriph_Driver/src/stm32f10x_crc.c **** 
  54:../stm32_std/STM32F10x_StdPeriph_Driver/src/stm32f10x_crc.c **** /**
  55:../stm32_std/STM32F10x_StdPeriph_Driver/src/stm32f10x_crc.c ****   * @}
  56:../stm32_std/STM32F10x_StdPeriph_Driver/src/stm32f10x_crc.c ****   */
  57:../stm32_std/STM32F10x_StdPeriph_Driver/src/stm32f10x_crc.c **** 
  58:../stm32_std/STM32F10x_StdPeriph_Driver/src/stm32f10x_crc.c **** /** @defgroup CRC_Private_Variables
  59:../stm32_std/STM32F10x_StdPeriph_Driver/src/stm32f10x_crc.c ****   * @{
  60:../stm32_std/STM32F10x_StdPeriph_Driver/src/stm32f10x_crc.c ****   */
  61:../stm32_std/STM32F10x_StdPeriph_Driver/src/stm32f10x_crc.c **** 
  62:../stm32_std/STM32F10x_StdPeriph_Driver/src/stm32f10x_crc.c **** /**
  63:../stm32_std/STM32F10x_StdPeriph_Driver/src/stm32f10x_crc.c ****   * @}
  64:../stm32_std/STM32F10x_StdPeriph_Driver/src/stm32f10x_crc.c ****   */
  65:../stm32_std/STM32F10x_StdPeriph_Driver/src/stm32f10x_crc.c **** 
  66:../stm32_std/STM32F10x_StdPeriph_Driver/src/stm32f10x_crc.c **** /** @defgroup CRC_Private_FunctionPrototypes
  67:../stm32_std/STM32F10x_StdPeriph_Driver/src/stm32f10x_crc.c ****   * @{
  68:../stm32_std/STM32F10x_StdPeriph_Driver/src/stm32f10x_crc.c ****   */
  69:../stm32_std/STM32F10x_StdPeriph_Driver/src/stm32f10x_crc.c **** 
  70:../stm32_std/STM32F10x_StdPeriph_Driver/src/stm32f10x_crc.c **** /**
  71:../stm32_std/STM32F10x_StdPeriph_Driver/src/stm32f10x_crc.c ****   * @}
  72:../stm32_std/STM32F10x_StdPeriph_Driver/src/stm32f10x_crc.c ****   */
  73:../stm32_std/STM32F10x_StdPeriph_Driver/src/stm32f10x_crc.c **** 
  74:../stm32_std/STM32F10x_StdPeriph_Driver/src/stm32f10x_crc.c **** /** @defgroup CRC_Private_Functions
  75:../stm32_std/STM32F10x_StdPeriph_Driver/src/stm32f10x_crc.c ****   * @{
  76:../stm32_std/STM32F10x_StdPeriph_Driver/src/stm32f10x_crc.c ****   */
  77:../stm32_std/STM32F10x_StdPeriph_Driver/src/stm32f10x_crc.c **** 
  78:../stm32_std/STM32F10x_StdPeriph_Driver/src/stm32f10x_crc.c **** /**
  79:../stm32_std/STM32F10x_StdPeriph_Driver/src/stm32f10x_crc.c ****   * @brief  Resets the CRC Data register (DR).
  80:../stm32_std/STM32F10x_StdPeriph_Driver/src/stm32f10x_crc.c ****   * @param  None
  81:../stm32_std/STM32F10x_StdPeriph_Driver/src/stm32f10x_crc.c ****   * @retval None
  82:../stm32_std/STM32F10x_StdPeriph_Driver/src/stm32f10x_crc.c ****   */
  83:../stm32_std/STM32F10x_StdPeriph_Driver/src/stm32f10x_crc.c **** void CRC_ResetDR(void)
  84:../stm32_std/STM32F10x_StdPeriph_Driver/src/stm32f10x_crc.c **** {
  27              		.loc 1 84 0
  28              		.cfi_startproc
  29              		@ args = 0, pretend = 0, frame = 0
  30              		@ frame_needed = 1, uses_anonymous_args = 0
  31              		@ link register save eliminated.
  32 0000 80B4     		push	{r7}
  33              		.cfi_def_cfa_offset 4
  34              		.cfi_offset 7, -4
  35 0002 00AF     		add	r7, sp, #0
  36              		.cfi_def_cfa_register 7
  85:../stm32_std/STM32F10x_StdPeriph_Driver/src/stm32f10x_crc.c ****   /* Reset CRC generator */
  86:../stm32_std/STM32F10x_StdPeriph_Driver/src/stm32f10x_crc.c ****   CRC->CR = CRC_CR_RESET;
  37              		.loc 1 86 0
  38 0004 4FF44053 		mov	r3, #12288
  39 0008 C4F20203 		movt	r3, 16386
  40 000c 0122     		movs	r2, #1
  41 000e 9A60     		str	r2, [r3, #8]
  87:../stm32_std/STM32F10x_StdPeriph_Driver/src/stm32f10x_crc.c **** }
  42              		.loc 1 87 0
  43 0010 BD46     		mov	sp, r7
  44              		@ sp needed
  45 0012 5DF8047B 		ldr	r7, [sp], #4
  46 0016 7047     		bx	lr
  47              		.cfi_endproc
  48              	.LFE56:
  50              		.section	.text.CRC_CalcCRC,"ax",%progbits
  51              		.align	2
  52              		.global	CRC_CalcCRC
  53              		.thumb
  54              		.thumb_func
  56              	CRC_CalcCRC:
  57              	.LFB57:
  88:../stm32_std/STM32F10x_StdPeriph_Driver/src/stm32f10x_crc.c **** 
  89:../stm32_std/STM32F10x_StdPeriph_Driver/src/stm32f10x_crc.c **** /**
  90:../stm32_std/STM32F10x_StdPeriph_Driver/src/stm32f10x_crc.c ****   * @brief  Computes the 32-bit CRC of a given data word(32-bit).
  91:../stm32_std/STM32F10x_StdPeriph_Driver/src/stm32f10x_crc.c ****   * @param  Data: data word(32-bit) to compute its CRC
  92:../stm32_std/STM32F10x_StdPeriph_Driver/src/stm32f10x_crc.c ****   * @retval 32-bit CRC
  93:../stm32_std/STM32F10x_StdPeriph_Driver/src/stm32f10x_crc.c ****   */
  94:../stm32_std/STM32F10x_StdPeriph_Driver/src/stm32f10x_crc.c **** uint32_t CRC_CalcCRC(uint32_t Data)
  95:../stm32_std/STM32F10x_StdPeriph_Driver/src/stm32f10x_crc.c **** {
  58              		.loc 1 95 0
  59              		.cfi_startproc
  60              		@ args = 0, pretend = 0, frame = 8
  61              		@ frame_needed = 1, uses_anonymous_args = 0
  62              		@ link register save eliminated.
  63 0000 80B4     		push	{r7}
  64              		.cfi_def_cfa_offset 4
  65              		.cfi_offset 7, -4
  66 0002 83B0     		sub	sp, sp, #12
  67              		.cfi_def_cfa_offset 16
  68 0004 00AF     		add	r7, sp, #0
  69              		.cfi_def_cfa_register 7
  70 0006 7860     		str	r0, [r7, #4]
  96:../stm32_std/STM32F10x_StdPeriph_Driver/src/stm32f10x_crc.c ****   CRC->DR = Data;
  71              		.loc 1 96 0
  72 0008 4FF44053 		mov	r3, #12288
  73 000c C4F20203 		movt	r3, 16386
  74 0010 7A68     		ldr	r2, [r7, #4]
  75 0012 1A60     		str	r2, [r3]
  97:../stm32_std/STM32F10x_StdPeriph_Driver/src/stm32f10x_crc.c ****   
  98:../stm32_std/STM32F10x_StdPeriph_Driver/src/stm32f10x_crc.c ****   return (CRC->DR);
  76              		.loc 1 98 0
  77 0014 4FF44053 		mov	r3, #12288
  78 0018 C4F20203 		movt	r3, 16386
  79 001c 1B68     		ldr	r3, [r3]
  99:../stm32_std/STM32F10x_StdPeriph_Driver/src/stm32f10x_crc.c **** }
  80              		.loc 1 99 0
  81 001e 1846     		mov	r0, r3
  82 0020 0C37     		adds	r7, r7, #12
  83 0022 BD46     		mov	sp, r7
  84              		@ sp needed
  85 0024 5DF8047B 		ldr	r7, [sp], #4
  86 0028 7047     		bx	lr
  87              		.cfi_endproc
  88              	.LFE57:
  90 002a 00BF     		.section	.text.CRC_CalcBlockCRC,"ax",%progbits
  91              		.align	2
  92              		.global	CRC_CalcBlockCRC
  93              		.thumb
  94              		.thumb_func
  96              	CRC_CalcBlockCRC:
  97              	.LFB58:
 100:../stm32_std/STM32F10x_StdPeriph_Driver/src/stm32f10x_crc.c **** 
 101:../stm32_std/STM32F10x_StdPeriph_Driver/src/stm32f10x_crc.c **** /**
 102:../stm32_std/STM32F10x_StdPeriph_Driver/src/stm32f10x_crc.c ****   * @brief  Computes the 32-bit CRC of a given buffer of data word(32-bit).
 103:../stm32_std/STM32F10x_StdPeriph_Driver/src/stm32f10x_crc.c ****   * @param  pBuffer: pointer to the buffer containing the data to be computed
 104:../stm32_std/STM32F10x_StdPeriph_Driver/src/stm32f10x_crc.c ****   * @param  BufferLength: length of the buffer to be computed					
 105:../stm32_std/STM32F10x_StdPeriph_Driver/src/stm32f10x_crc.c ****   * @retval 32-bit CRC
 106:../stm32_std/STM32F10x_StdPeriph_Driver/src/stm32f10x_crc.c ****   */
 107:../stm32_std/STM32F10x_StdPeriph_Driver/src/stm32f10x_crc.c **** uint32_t CRC_CalcBlockCRC(uint32_t pBuffer[], uint32_t BufferLength)
 108:../stm32_std/STM32F10x_StdPeriph_Driver/src/stm32f10x_crc.c **** {
  98              		.loc 1 108 0
  99              		.cfi_startproc
 100              		@ args = 0, pretend = 0, frame = 16
 101              		@ frame_needed = 1, uses_anonymous_args = 0
 102              		@ link register save eliminated.
 103 0000 80B4     		push	{r7}
 104              		.cfi_def_cfa_offset 4
 105              		.cfi_offset 7, -4
 106 0002 85B0     		sub	sp, sp, #20
 107              		.cfi_def_cfa_offset 24
 108 0004 00AF     		add	r7, sp, #0
 109              		.cfi_def_cfa_register 7
 110 0006 7860     		str	r0, [r7, #4]
 111 0008 3960     		str	r1, [r7]
 109:../stm32_std/STM32F10x_StdPeriph_Driver/src/stm32f10x_crc.c ****   uint32_t index = 0;
 112              		.loc 1 109 0
 113 000a 0023     		movs	r3, #0
 114 000c FB60     		str	r3, [r7, #12]
 110:../stm32_std/STM32F10x_StdPeriph_Driver/src/stm32f10x_crc.c ****   
 111:../stm32_std/STM32F10x_StdPeriph_Driver/src/stm32f10x_crc.c ****   for(index = 0; index < BufferLength; index++)
 115              		.loc 1 111 0
 116 000e 0023     		movs	r3, #0
 117 0010 FB60     		str	r3, [r7, #12]
 118 0012 0CE0     		b	.L5
 119              	.L6:
 112:../stm32_std/STM32F10x_StdPeriph_Driver/src/stm32f10x_crc.c ****   {
 113:../stm32_std/STM32F10x_StdPeriph_Driver/src/stm32f10x_crc.c ****     CRC->DR = pBuffer[index];
 120              		.loc 1 113 0 discriminator 2
 121 0014 4FF44053 		mov	r3, #12288
 122 0018 C4F20203 		movt	r3, 16386
 123 001c FA68     		ldr	r2, [r7, #12]
 124 001e 9200     		lsls	r2, r2, #2
 125 0020 7968     		ldr	r1, [r7, #4]
 126 0022 0A44     		add	r2, r2, r1
 127 0024 1268     		ldr	r2, [r2]
 128 0026 1A60     		str	r2, [r3]
 111:../stm32_std/STM32F10x_StdPeriph_Driver/src/stm32f10x_crc.c ****   {
 129              		.loc 1 111 0 discriminator 2
 130 0028 FB68     		ldr	r3, [r7, #12]
 131 002a 0133     		adds	r3, r3, #1
 132 002c FB60     		str	r3, [r7, #12]
 133              	.L5:
 111:../stm32_std/STM32F10x_StdPeriph_Driver/src/stm32f10x_crc.c ****   {
 134              		.loc 1 111 0 is_stmt 0 discriminator 1
 135 002e FA68     		ldr	r2, [r7, #12]
 136 0030 3B68     		ldr	r3, [r7]
 137 0032 9A42     		cmp	r2, r3
 138 0034 EED3     		bcc	.L6
 114:../stm32_std/STM32F10x_StdPeriph_Driver/src/stm32f10x_crc.c ****   }
 115:../stm32_std/STM32F10x_StdPeriph_Driver/src/stm32f10x_crc.c ****   return (CRC->DR);
 139              		.loc 1 115 0 is_stmt 1
 140 0036 4FF44053 		mov	r3, #12288
 141 003a C4F20203 		movt	r3, 16386
 142 003e 1B68     		ldr	r3, [r3]
 116:../stm32_std/STM32F10x_StdPeriph_Driver/src/stm32f10x_crc.c **** }
 143              		.loc 1 116 0
 144 0040 1846     		mov	r0, r3
 145 0042 1437     		adds	r7, r7, #20
 146 0044 BD46     		mov	sp, r7
 147              		@ sp needed
 148 0046 5DF8047B 		ldr	r7, [sp], #4
 149 004a 7047     		bx	lr
 150              		.cfi_endproc
 151              	.LFE58:
 153              		.section	.text.CRC_GetCRC,"ax",%progbits
 154              		.align	2
 155              		.global	CRC_GetCRC
 156              		.thumb
 157              		.thumb_func
 159              	CRC_GetCRC:
 160              	.LFB59:
 117:../stm32_std/STM32F10x_StdPeriph_Driver/src/stm32f10x_crc.c **** 
 118:../stm32_std/STM32F10x_StdPeriph_Driver/src/stm32f10x_crc.c **** /**
 119:../stm32_std/STM32F10x_StdPeriph_Driver/src/stm32f10x_crc.c ****   * @brief  Returns the current CRC value.
 120:../stm32_std/STM32F10x_StdPeriph_Driver/src/stm32f10x_crc.c ****   * @param  None
 121:../stm32_std/STM32F10x_StdPeriph_Driver/src/stm32f10x_crc.c ****   * @retval 32-bit CRC
 122:../stm32_std/STM32F10x_StdPeriph_Driver/src/stm32f10x_crc.c ****   */
 123:../stm32_std/STM32F10x_StdPeriph_Driver/src/stm32f10x_crc.c **** uint32_t CRC_GetCRC(void)
 124:../stm32_std/STM32F10x_StdPeriph_Driver/src/stm32f10x_crc.c **** {
 161              		.loc 1 124 0
 162              		.cfi_startproc
 163              		@ args = 0, pretend = 0, frame = 0
 164              		@ frame_needed = 1, uses_anonymous_args = 0
 165              		@ link register save eliminated.
 166 0000 80B4     		push	{r7}
 167              		.cfi_def_cfa_offset 4
 168              		.cfi_offset 7, -4
 169 0002 00AF     		add	r7, sp, #0
 170              		.cfi_def_cfa_register 7
 125:../stm32_std/STM32F10x_StdPeriph_Driver/src/stm32f10x_crc.c ****   return (CRC->DR);
 171              		.loc 1 125 0
 172 0004 4FF44053 		mov	r3, #12288
 173 0008 C4F20203 		movt	r3, 16386
 174 000c 1B68     		ldr	r3, [r3]
 126:../stm32_std/STM32F10x_StdPeriph_Driver/src/stm32f10x_crc.c **** }
 175              		.loc 1 126 0
 176 000e 1846     		mov	r0, r3
 177 0010 BD46     		mov	sp, r7
 178              		@ sp needed
 179 0012 5DF8047B 		ldr	r7, [sp], #4
 180 0016 7047     		bx	lr
 181              		.cfi_endproc
 182              	.LFE59:
 184              		.section	.text.CRC_SetIDRegister,"ax",%progbits
 185              		.align	2
 186              		.global	CRC_SetIDRegister
 187              		.thumb
 188              		.thumb_func
 190              	CRC_SetIDRegister:
 191              	.LFB60:
 127:../stm32_std/STM32F10x_StdPeriph_Driver/src/stm32f10x_crc.c **** 
 128:../stm32_std/STM32F10x_StdPeriph_Driver/src/stm32f10x_crc.c **** /**
 129:../stm32_std/STM32F10x_StdPeriph_Driver/src/stm32f10x_crc.c ****   * @brief  Stores a 8-bit data in the Independent Data(ID) register.
 130:../stm32_std/STM32F10x_StdPeriph_Driver/src/stm32f10x_crc.c ****   * @param  IDValue: 8-bit value to be stored in the ID register 					
 131:../stm32_std/STM32F10x_StdPeriph_Driver/src/stm32f10x_crc.c ****   * @retval None
 132:../stm32_std/STM32F10x_StdPeriph_Driver/src/stm32f10x_crc.c ****   */
 133:../stm32_std/STM32F10x_StdPeriph_Driver/src/stm32f10x_crc.c **** void CRC_SetIDRegister(uint8_t IDValue)
 134:../stm32_std/STM32F10x_StdPeriph_Driver/src/stm32f10x_crc.c **** {
 192              		.loc 1 134 0
 193              		.cfi_startproc
 194              		@ args = 0, pretend = 0, frame = 8
 195              		@ frame_needed = 1, uses_anonymous_args = 0
 196              		@ link register save eliminated.
 197 0000 80B4     		push	{r7}
 198              		.cfi_def_cfa_offset 4
 199              		.cfi_offset 7, -4
 200 0002 83B0     		sub	sp, sp, #12
 201              		.cfi_def_cfa_offset 16
 202 0004 00AF     		add	r7, sp, #0
 203              		.cfi_def_cfa_register 7
 204 0006 0346     		mov	r3, r0
 205 0008 FB71     		strb	r3, [r7, #7]
 135:../stm32_std/STM32F10x_StdPeriph_Driver/src/stm32f10x_crc.c ****   CRC->IDR = IDValue;
 206              		.loc 1 135 0
 207 000a 4FF44053 		mov	r3, #12288
 208 000e C4F20203 		movt	r3, 16386
 209 0012 FA79     		ldrb	r2, [r7, #7]
 210 0014 1A71     		strb	r2, [r3, #4]
 136:../stm32_std/STM32F10x_StdPeriph_Driver/src/stm32f10x_crc.c **** }
 211              		.loc 1 136 0
 212 0016 0C37     		adds	r7, r7, #12
 213 0018 BD46     		mov	sp, r7
 214              		@ sp needed
 215 001a 5DF8047B 		ldr	r7, [sp], #4
 216 001e 7047     		bx	lr
 217              		.cfi_endproc
 218              	.LFE60:
 220              		.section	.text.CRC_GetIDRegister,"ax",%progbits
 221              		.align	2
 222              		.global	CRC_GetIDRegister
 223              		.thumb
 224              		.thumb_func
 226              	CRC_GetIDRegister:
 227              	.LFB61:
 137:../stm32_std/STM32F10x_StdPeriph_Driver/src/stm32f10x_crc.c **** 
 138:../stm32_std/STM32F10x_StdPeriph_Driver/src/stm32f10x_crc.c **** /**
 139:../stm32_std/STM32F10x_StdPeriph_Driver/src/stm32f10x_crc.c ****   * @brief  Returns the 8-bit data stored in the Independent Data(ID) register
 140:../stm32_std/STM32F10x_StdPeriph_Driver/src/stm32f10x_crc.c ****   * @param  None
 141:../stm32_std/STM32F10x_StdPeriph_Driver/src/stm32f10x_crc.c ****   * @retval 8-bit value of the ID register 
 142:../stm32_std/STM32F10x_StdPeriph_Driver/src/stm32f10x_crc.c ****   */
 143:../stm32_std/STM32F10x_StdPeriph_Driver/src/stm32f10x_crc.c **** uint8_t CRC_GetIDRegister(void)
 144:../stm32_std/STM32F10x_StdPeriph_Driver/src/stm32f10x_crc.c **** {
 228              		.loc 1 144 0
 229              		.cfi_startproc
 230              		@ args = 0, pretend = 0, frame = 0
 231              		@ frame_needed = 1, uses_anonymous_args = 0
 232              		@ link register save eliminated.
 233 0000 80B4     		push	{r7}
 234              		.cfi_def_cfa_offset 4
 235              		.cfi_offset 7, -4
 236 0002 00AF     		add	r7, sp, #0
 237              		.cfi_def_cfa_register 7
 145:../stm32_std/STM32F10x_StdPeriph_Driver/src/stm32f10x_crc.c ****   return (CRC->IDR);
 238              		.loc 1 145 0
 239 0004 4FF44053 		mov	r3, #12288
 240 0008 C4F20203 		movt	r3, 16386
 241 000c 1B79     		ldrb	r3, [r3, #4]
 242 000e DBB2     		uxtb	r3, r3
 146:../stm32_std/STM32F10x_StdPeriph_Driver/src/stm32f10x_crc.c **** }
 243              		.loc 1 146 0
 244 0010 1846     		mov	r0, r3
 245 0012 BD46     		mov	sp, r7
 246              		@ sp needed
 247 0014 5DF8047B 		ldr	r7, [sp], #4
 248 0018 7047     		bx	lr
 249              		.cfi_endproc
 250              	.LFE61:
 252 001a 00BF     		.text
 253              	.Letext0:
 254              		.file 2 "c:\\program files (x86)\\mentorgraphics\\sourcery_codebench_lite_for_arm_eabi\\arm-none-e
 255              		.file 3 "D:\\workspace\\rfm12\\stm32_std\\CMSIS\\CM3\\DeviceSupport\\ST\\STM32F10x/stm32f10x.h"
 256              		.file 4 "D:\\workspace\\rfm12\\stm32_std\\CMSIS\\CM3\\CoreSupport/core_cm3.h"
DEFINED SYMBOLS
                            *ABS*:00000000 stm32f10x_crc.c
C:\Users\Serj\AppData\Local\Temp\ccfBfVKd.s:19     .text.CRC_ResetDR:00000000 $t
C:\Users\Serj\AppData\Local\Temp\ccfBfVKd.s:24     .text.CRC_ResetDR:00000000 CRC_ResetDR
C:\Users\Serj\AppData\Local\Temp\ccfBfVKd.s:51     .text.CRC_CalcCRC:00000000 $t
C:\Users\Serj\AppData\Local\Temp\ccfBfVKd.s:56     .text.CRC_CalcCRC:00000000 CRC_CalcCRC
C:\Users\Serj\AppData\Local\Temp\ccfBfVKd.s:91     .text.CRC_CalcBlockCRC:00000000 $t
C:\Users\Serj\AppData\Local\Temp\ccfBfVKd.s:96     .text.CRC_CalcBlockCRC:00000000 CRC_CalcBlockCRC
C:\Users\Serj\AppData\Local\Temp\ccfBfVKd.s:154    .text.CRC_GetCRC:00000000 $t
C:\Users\Serj\AppData\Local\Temp\ccfBfVKd.s:159    .text.CRC_GetCRC:00000000 CRC_GetCRC
C:\Users\Serj\AppData\Local\Temp\ccfBfVKd.s:185    .text.CRC_SetIDRegister:00000000 $t
C:\Users\Serj\AppData\Local\Temp\ccfBfVKd.s:190    .text.CRC_SetIDRegister:00000000 CRC_SetIDRegister
C:\Users\Serj\AppData\Local\Temp\ccfBfVKd.s:221    .text.CRC_GetIDRegister:00000000 $t
C:\Users\Serj\AppData\Local\Temp\ccfBfVKd.s:226    .text.CRC_GetIDRegister:00000000 CRC_GetIDRegister
                     .debug_frame:00000010 $d
                           .group:00000000 wm4.1.69ef232822fae12fd5bc55108b75a1e4
                           .group:00000000 wm4.stm32f10x.h.51.b859cb68ed44ee02c916b41cb8c68f1c
                           .group:00000000 wm4.core_cm3.h.47.c45d264953076019d6b3b1c20e8ad771
                           .group:00000000 wm4.newlib.h.8.384a112feabb3bef7b573ae48cde2e3b
                           .group:00000000 wm4.features.h.22.6a4ca7cd053637cc1d0db6c16f39b2d7
                           .group:00000000 wm4.config.h.183.aa62afef667fb61d15fa64c48beb2f14
                           .group:00000000 wm4._ansi.h.23.2147fde150631f5584b9dc29b914d1b8
                           .group:00000000 wm4.stdint.h.20.54ad762faa59e3c05491630641c8d8bf
                           .group:00000000 wm4.core_cmInstr.h.39.3d3d1b4a79aef37532666dc6ee87c6ac
                           .group:00000000 wm4.core_cm3.h.144.f4158be2ca5a330459fef4214a4bb0f1
                           .group:00000000 wm4.stm32f10x.h.522.a925aafc848b1f088438cf0e9b167b78
                           .group:00000000 wm4.stm32f10x_adc.h.83.4d35a50d598070ecea6f33bcef02c922
                           .group:00000000 wm4.stm32f10x_bkp.h.25.4622919f1e30efdad5eb44e12edd5513
                           .group:00000000 wm4.stm32f10x_can.h.25.48aab46fcce6d08400bf960b028e4698
                           .group:00000000 wm4.stm32f10x_cec.h.25.8f03450e7bbb704d96e7bc73ec0f66a7
                           .group:00000000 wm4.stm32f10x_dac.h.25.d946244edf026333094657d55ea894b8
                           .group:00000000 wm4.stm32f10x_dbgmcu.h.25.d3351200fc7f9c8615d1ae81d40db08a
                           .group:00000000 wm4.stm32f10x_dma.h.25.94e36204daa98cae5dcc70a10a9694d5
                           .group:00000000 wm4.stm32f10x_exti.h.25.b9064155c5c006b5154b39788c79001a
                           .group:00000000 wm4.stm32f10x_flash.h.25.4be61fcb02863962a1e006449d310650
                           .group:00000000 wm4.stm32f10x_fsmc.h.25.bca154da2699cdb6024c0c6c4fc5aa89
                           .group:00000000 wm4.stm32f10x_gpio.h.25.80c981af0e637567395034c576cfb3ce
                           .group:00000000 wm4.stm32f10x_i2c.h.25.7b6cbaea24c6f25f538f8516d1814cb2
                           .group:00000000 wm4.stm32f10x_iwdg.h.25.da9374ab9856795610487f312ccf3122
                           .group:00000000 wm4.stm32f10x_pwr.h.25.37ef75009f751ef5fe27910e0bf00a62
                           .group:00000000 wm4.stm32f10x_rcc.h.25.fe8897e7491f2eb0cff54551d08eb765
                           .group:00000000 wm4.stm32f10x_rtc.h.25.361142606ba98ddcd10369f321f6e636
                           .group:00000000 wm4.stm32f10x_sdio.h.25.1fb5280a7690ef99070096bf8c866b3a
                           .group:00000000 wm4.stm32f10x_spi.h.25.68b3d5ccfcf895f9fe505ce20c0c300f
                           .group:00000000 wm4.stm32f10x_tim.h.25.21c6ec062f1e74898cb96a57da276fec
                           .group:00000000 wm4.stm32f10x_usart.h.25.29629c699b65db3f3efd3561f66b0bf6
                           .group:00000000 wm4.stm32f10x_wwdg.h.25.dde12201d86b5aa9ecaafb5eccdc6549
                           .group:00000000 wm4.misc.h.25.068e106f368fa5369a681ef57c106f4b
                           .group:00000000 wm4.stm32f10x.h.8304.f7d8ad90959e99679b3257267c3aadfe

NO UNDEFINED SYMBOLS
