   1              		.syntax unified
   2              		.cpu cortex-m3
   3              		.fpu softvfp
   4              		.eabi_attribute 20, 1
   5              		.eabi_attribute 21, 1
   6              		.eabi_attribute 23, 3
   7              		.eabi_attribute 24, 1
   8              		.eabi_attribute 25, 1
   9              		.eabi_attribute 26, 1
  10              		.eabi_attribute 30, 6
  11              		.eabi_attribute 34, 1
  12              		.eabi_attribute 18, 4
  13              		.thumb
  14              		.file	"stm32f10x_cec.c"
  15              		.text
  16              	.Ltext0:
  17              		.cfi_sections	.debug_frame
  18              		.section	.text.CEC_DeInit,"ax",%progbits
  19              		.align	2
  20              		.global	CEC_DeInit
  21              		.thumb
  22              		.thumb_func
  24              	CEC_DeInit:
  25              	.LFB56:
  26              		.file 1 "../stm32_std/STM32F10x_StdPeriph_Driver/src/stm32f10x_cec.c"
   1:../stm32_std/STM32F10x_StdPeriph_Driver/src/stm32f10x_cec.c **** /**
   2:../stm32_std/STM32F10x_StdPeriph_Driver/src/stm32f10x_cec.c ****   ******************************************************************************
   3:../stm32_std/STM32F10x_StdPeriph_Driver/src/stm32f10x_cec.c ****   * @file    stm32f10x_cec.c
   4:../stm32_std/STM32F10x_StdPeriph_Driver/src/stm32f10x_cec.c ****   * @author  MCD Application Team
   5:../stm32_std/STM32F10x_StdPeriph_Driver/src/stm32f10x_cec.c ****   * @version V3.5.0
   6:../stm32_std/STM32F10x_StdPeriph_Driver/src/stm32f10x_cec.c ****   * @date    11-March-2011
   7:../stm32_std/STM32F10x_StdPeriph_Driver/src/stm32f10x_cec.c ****   * @brief   This file provides all the CEC firmware functions.
   8:../stm32_std/STM32F10x_StdPeriph_Driver/src/stm32f10x_cec.c ****   ******************************************************************************
   9:../stm32_std/STM32F10x_StdPeriph_Driver/src/stm32f10x_cec.c ****   * @attention
  10:../stm32_std/STM32F10x_StdPeriph_Driver/src/stm32f10x_cec.c ****   *
  11:../stm32_std/STM32F10x_StdPeriph_Driver/src/stm32f10x_cec.c ****   * THE PRESENT FIRMWARE WHICH IS FOR GUIDANCE ONLY AIMS AT PROVIDING CUSTOMERS
  12:../stm32_std/STM32F10x_StdPeriph_Driver/src/stm32f10x_cec.c ****   * WITH CODING INFORMATION REGARDING THEIR PRODUCTS IN ORDER FOR THEM TO SAVE
  13:../stm32_std/STM32F10x_StdPeriph_Driver/src/stm32f10x_cec.c ****   * TIME. AS A RESULT, STMICROELECTRONICS SHALL NOT BE HELD LIABLE FOR ANY
  14:../stm32_std/STM32F10x_StdPeriph_Driver/src/stm32f10x_cec.c ****   * DIRECT, INDIRECT OR CONSEQUENTIAL DAMAGES WITH RESPECT TO ANY CLAIMS ARISING
  15:../stm32_std/STM32F10x_StdPeriph_Driver/src/stm32f10x_cec.c ****   * FROM THE CONTENT OF SUCH FIRMWARE AND/OR THE USE MADE BY CUSTOMERS OF THE
  16:../stm32_std/STM32F10x_StdPeriph_Driver/src/stm32f10x_cec.c ****   * CODING INFORMATION CONTAINED HEREIN IN CONNECTION WITH THEIR PRODUCTS.
  17:../stm32_std/STM32F10x_StdPeriph_Driver/src/stm32f10x_cec.c ****   *
  18:../stm32_std/STM32F10x_StdPeriph_Driver/src/stm32f10x_cec.c ****   * <h2><center>&copy; COPYRIGHT 2011 STMicroelectronics</center></h2>
  19:../stm32_std/STM32F10x_StdPeriph_Driver/src/stm32f10x_cec.c ****   ******************************************************************************
  20:../stm32_std/STM32F10x_StdPeriph_Driver/src/stm32f10x_cec.c ****   */
  21:../stm32_std/STM32F10x_StdPeriph_Driver/src/stm32f10x_cec.c **** 
  22:../stm32_std/STM32F10x_StdPeriph_Driver/src/stm32f10x_cec.c **** /* Includes ------------------------------------------------------------------*/
  23:../stm32_std/STM32F10x_StdPeriph_Driver/src/stm32f10x_cec.c **** #include "stm32f10x_cec.h"
  24:../stm32_std/STM32F10x_StdPeriph_Driver/src/stm32f10x_cec.c **** #include "stm32f10x_rcc.h"
  25:../stm32_std/STM32F10x_StdPeriph_Driver/src/stm32f10x_cec.c **** 
  26:../stm32_std/STM32F10x_StdPeriph_Driver/src/stm32f10x_cec.c **** /** @addtogroup STM32F10x_StdPeriph_Driver
  27:../stm32_std/STM32F10x_StdPeriph_Driver/src/stm32f10x_cec.c ****   * @{
  28:../stm32_std/STM32F10x_StdPeriph_Driver/src/stm32f10x_cec.c ****   */
  29:../stm32_std/STM32F10x_StdPeriph_Driver/src/stm32f10x_cec.c **** 
  30:../stm32_std/STM32F10x_StdPeriph_Driver/src/stm32f10x_cec.c **** /** @defgroup CEC 
  31:../stm32_std/STM32F10x_StdPeriph_Driver/src/stm32f10x_cec.c ****   * @brief CEC driver modules
  32:../stm32_std/STM32F10x_StdPeriph_Driver/src/stm32f10x_cec.c ****   * @{
  33:../stm32_std/STM32F10x_StdPeriph_Driver/src/stm32f10x_cec.c ****   */
  34:../stm32_std/STM32F10x_StdPeriph_Driver/src/stm32f10x_cec.c **** 
  35:../stm32_std/STM32F10x_StdPeriph_Driver/src/stm32f10x_cec.c **** /** @defgroup CEC_Private_TypesDefinitions
  36:../stm32_std/STM32F10x_StdPeriph_Driver/src/stm32f10x_cec.c ****   * @{
  37:../stm32_std/STM32F10x_StdPeriph_Driver/src/stm32f10x_cec.c ****   */
  38:../stm32_std/STM32F10x_StdPeriph_Driver/src/stm32f10x_cec.c **** 
  39:../stm32_std/STM32F10x_StdPeriph_Driver/src/stm32f10x_cec.c **** /**
  40:../stm32_std/STM32F10x_StdPeriph_Driver/src/stm32f10x_cec.c ****   * @}
  41:../stm32_std/STM32F10x_StdPeriph_Driver/src/stm32f10x_cec.c ****   */
  42:../stm32_std/STM32F10x_StdPeriph_Driver/src/stm32f10x_cec.c **** 
  43:../stm32_std/STM32F10x_StdPeriph_Driver/src/stm32f10x_cec.c **** 
  44:../stm32_std/STM32F10x_StdPeriph_Driver/src/stm32f10x_cec.c **** /** @defgroup CEC_Private_Defines
  45:../stm32_std/STM32F10x_StdPeriph_Driver/src/stm32f10x_cec.c ****   * @{
  46:../stm32_std/STM32F10x_StdPeriph_Driver/src/stm32f10x_cec.c ****   */ 
  47:../stm32_std/STM32F10x_StdPeriph_Driver/src/stm32f10x_cec.c **** 
  48:../stm32_std/STM32F10x_StdPeriph_Driver/src/stm32f10x_cec.c **** /* ------------ CEC registers bit address in the alias region ----------- */
  49:../stm32_std/STM32F10x_StdPeriph_Driver/src/stm32f10x_cec.c **** #define CEC_OFFSET                (CEC_BASE - PERIPH_BASE)
  50:../stm32_std/STM32F10x_StdPeriph_Driver/src/stm32f10x_cec.c **** 
  51:../stm32_std/STM32F10x_StdPeriph_Driver/src/stm32f10x_cec.c **** /* --- CFGR Register ---*/
  52:../stm32_std/STM32F10x_StdPeriph_Driver/src/stm32f10x_cec.c **** 
  53:../stm32_std/STM32F10x_StdPeriph_Driver/src/stm32f10x_cec.c **** /* Alias word address of PE bit */
  54:../stm32_std/STM32F10x_StdPeriph_Driver/src/stm32f10x_cec.c **** #define CFGR_OFFSET                 (CEC_OFFSET + 0x00)
  55:../stm32_std/STM32F10x_StdPeriph_Driver/src/stm32f10x_cec.c **** #define PE_BitNumber                0x00
  56:../stm32_std/STM32F10x_StdPeriph_Driver/src/stm32f10x_cec.c **** #define CFGR_PE_BB                  (PERIPH_BB_BASE + (CFGR_OFFSET * 32) + (PE_BitNumber * 4))
  57:../stm32_std/STM32F10x_StdPeriph_Driver/src/stm32f10x_cec.c **** 
  58:../stm32_std/STM32F10x_StdPeriph_Driver/src/stm32f10x_cec.c **** /* Alias word address of IE bit */
  59:../stm32_std/STM32F10x_StdPeriph_Driver/src/stm32f10x_cec.c **** #define IE_BitNumber                0x01
  60:../stm32_std/STM32F10x_StdPeriph_Driver/src/stm32f10x_cec.c **** #define CFGR_IE_BB                  (PERIPH_BB_BASE + (CFGR_OFFSET * 32) + (IE_BitNumber * 4))
  61:../stm32_std/STM32F10x_StdPeriph_Driver/src/stm32f10x_cec.c **** 
  62:../stm32_std/STM32F10x_StdPeriph_Driver/src/stm32f10x_cec.c **** /* --- CSR Register ---*/
  63:../stm32_std/STM32F10x_StdPeriph_Driver/src/stm32f10x_cec.c **** 
  64:../stm32_std/STM32F10x_StdPeriph_Driver/src/stm32f10x_cec.c **** /* Alias word address of TSOM bit */
  65:../stm32_std/STM32F10x_StdPeriph_Driver/src/stm32f10x_cec.c **** #define CSR_OFFSET                  (CEC_OFFSET + 0x10)
  66:../stm32_std/STM32F10x_StdPeriph_Driver/src/stm32f10x_cec.c **** #define TSOM_BitNumber              0x00
  67:../stm32_std/STM32F10x_StdPeriph_Driver/src/stm32f10x_cec.c **** #define CSR_TSOM_BB                 (PERIPH_BB_BASE + (CSR_OFFSET * 32) + (TSOM_BitNumber * 4))
  68:../stm32_std/STM32F10x_StdPeriph_Driver/src/stm32f10x_cec.c **** 
  69:../stm32_std/STM32F10x_StdPeriph_Driver/src/stm32f10x_cec.c **** /* Alias word address of TEOM bit */
  70:../stm32_std/STM32F10x_StdPeriph_Driver/src/stm32f10x_cec.c **** #define TEOM_BitNumber              0x01
  71:../stm32_std/STM32F10x_StdPeriph_Driver/src/stm32f10x_cec.c **** #define CSR_TEOM_BB                 (PERIPH_BB_BASE + (CSR_OFFSET * 32) + (TEOM_BitNumber * 4))
  72:../stm32_std/STM32F10x_StdPeriph_Driver/src/stm32f10x_cec.c ****   
  73:../stm32_std/STM32F10x_StdPeriph_Driver/src/stm32f10x_cec.c **** #define CFGR_CLEAR_Mask            (uint8_t)(0xF3)        /* CFGR register Mask */
  74:../stm32_std/STM32F10x_StdPeriph_Driver/src/stm32f10x_cec.c **** #define FLAG_Mask                  ((uint32_t)0x00FFFFFF) /* CEC FLAG mask */
  75:../stm32_std/STM32F10x_StdPeriph_Driver/src/stm32f10x_cec.c ****  
  76:../stm32_std/STM32F10x_StdPeriph_Driver/src/stm32f10x_cec.c **** /**
  77:../stm32_std/STM32F10x_StdPeriph_Driver/src/stm32f10x_cec.c ****   * @}
  78:../stm32_std/STM32F10x_StdPeriph_Driver/src/stm32f10x_cec.c ****   */ 
  79:../stm32_std/STM32F10x_StdPeriph_Driver/src/stm32f10x_cec.c **** 
  80:../stm32_std/STM32F10x_StdPeriph_Driver/src/stm32f10x_cec.c **** 
  81:../stm32_std/STM32F10x_StdPeriph_Driver/src/stm32f10x_cec.c **** /** @defgroup CEC_Private_Macros
  82:../stm32_std/STM32F10x_StdPeriph_Driver/src/stm32f10x_cec.c ****   * @{
  83:../stm32_std/STM32F10x_StdPeriph_Driver/src/stm32f10x_cec.c ****   */ 
  84:../stm32_std/STM32F10x_StdPeriph_Driver/src/stm32f10x_cec.c **** 
  85:../stm32_std/STM32F10x_StdPeriph_Driver/src/stm32f10x_cec.c **** /**
  86:../stm32_std/STM32F10x_StdPeriph_Driver/src/stm32f10x_cec.c ****   * @}
  87:../stm32_std/STM32F10x_StdPeriph_Driver/src/stm32f10x_cec.c ****   */ 
  88:../stm32_std/STM32F10x_StdPeriph_Driver/src/stm32f10x_cec.c **** 
  89:../stm32_std/STM32F10x_StdPeriph_Driver/src/stm32f10x_cec.c **** 
  90:../stm32_std/STM32F10x_StdPeriph_Driver/src/stm32f10x_cec.c **** /** @defgroup CEC_Private_Variables
  91:../stm32_std/STM32F10x_StdPeriph_Driver/src/stm32f10x_cec.c ****   * @{
  92:../stm32_std/STM32F10x_StdPeriph_Driver/src/stm32f10x_cec.c ****   */ 
  93:../stm32_std/STM32F10x_StdPeriph_Driver/src/stm32f10x_cec.c **** 
  94:../stm32_std/STM32F10x_StdPeriph_Driver/src/stm32f10x_cec.c **** /**
  95:../stm32_std/STM32F10x_StdPeriph_Driver/src/stm32f10x_cec.c ****   * @}
  96:../stm32_std/STM32F10x_StdPeriph_Driver/src/stm32f10x_cec.c ****   */ 
  97:../stm32_std/STM32F10x_StdPeriph_Driver/src/stm32f10x_cec.c **** 
  98:../stm32_std/STM32F10x_StdPeriph_Driver/src/stm32f10x_cec.c **** 
  99:../stm32_std/STM32F10x_StdPeriph_Driver/src/stm32f10x_cec.c **** /** @defgroup CEC_Private_FunctionPrototypes
 100:../stm32_std/STM32F10x_StdPeriph_Driver/src/stm32f10x_cec.c ****   * @{
 101:../stm32_std/STM32F10x_StdPeriph_Driver/src/stm32f10x_cec.c ****   */
 102:../stm32_std/STM32F10x_StdPeriph_Driver/src/stm32f10x_cec.c ****  
 103:../stm32_std/STM32F10x_StdPeriph_Driver/src/stm32f10x_cec.c **** /**
 104:../stm32_std/STM32F10x_StdPeriph_Driver/src/stm32f10x_cec.c ****   * @}
 105:../stm32_std/STM32F10x_StdPeriph_Driver/src/stm32f10x_cec.c ****   */ 
 106:../stm32_std/STM32F10x_StdPeriph_Driver/src/stm32f10x_cec.c **** 
 107:../stm32_std/STM32F10x_StdPeriph_Driver/src/stm32f10x_cec.c **** 
 108:../stm32_std/STM32F10x_StdPeriph_Driver/src/stm32f10x_cec.c **** /** @defgroup CEC_Private_Functions
 109:../stm32_std/STM32F10x_StdPeriph_Driver/src/stm32f10x_cec.c ****   * @{
 110:../stm32_std/STM32F10x_StdPeriph_Driver/src/stm32f10x_cec.c ****   */ 
 111:../stm32_std/STM32F10x_StdPeriph_Driver/src/stm32f10x_cec.c **** 
 112:../stm32_std/STM32F10x_StdPeriph_Driver/src/stm32f10x_cec.c **** /**
 113:../stm32_std/STM32F10x_StdPeriph_Driver/src/stm32f10x_cec.c ****   * @brief  Deinitializes the CEC peripheral registers to their default reset 
 114:../stm32_std/STM32F10x_StdPeriph_Driver/src/stm32f10x_cec.c ****   *         values.
 115:../stm32_std/STM32F10x_StdPeriph_Driver/src/stm32f10x_cec.c ****   * @param  None
 116:../stm32_std/STM32F10x_StdPeriph_Driver/src/stm32f10x_cec.c ****   * @retval None
 117:../stm32_std/STM32F10x_StdPeriph_Driver/src/stm32f10x_cec.c ****   */
 118:../stm32_std/STM32F10x_StdPeriph_Driver/src/stm32f10x_cec.c **** void CEC_DeInit(void)
 119:../stm32_std/STM32F10x_StdPeriph_Driver/src/stm32f10x_cec.c **** {
  27              		.loc 1 119 0
  28              		.cfi_startproc
  29              		@ args = 0, pretend = 0, frame = 0
  30              		@ frame_needed = 1, uses_anonymous_args = 0
  31 0000 80B5     		push	{r7, lr}
  32              		.cfi_def_cfa_offset 8
  33              		.cfi_offset 7, -8
  34              		.cfi_offset 14, -4
  35 0002 00AF     		add	r7, sp, #0
  36              		.cfi_def_cfa_register 7
 120:../stm32_std/STM32F10x_StdPeriph_Driver/src/stm32f10x_cec.c ****   /* Enable CEC reset state */
 121:../stm32_std/STM32F10x_StdPeriph_Driver/src/stm32f10x_cec.c ****   RCC_APB1PeriphResetCmd(RCC_APB1Periph_CEC, ENABLE);  
  37              		.loc 1 121 0
  38 0004 4FF08040 		mov	r0, #1073741824
  39 0008 0121     		movs	r1, #1
  40 000a FFF7FEFF 		bl	RCC_APB1PeriphResetCmd
 122:../stm32_std/STM32F10x_StdPeriph_Driver/src/stm32f10x_cec.c ****   /* Release CEC from reset state */
 123:../stm32_std/STM32F10x_StdPeriph_Driver/src/stm32f10x_cec.c ****   RCC_APB1PeriphResetCmd(RCC_APB1Periph_CEC, DISABLE); 
  41              		.loc 1 123 0
  42 000e 4FF08040 		mov	r0, #1073741824
  43 0012 0021     		movs	r1, #0
  44 0014 FFF7FEFF 		bl	RCC_APB1PeriphResetCmd
 124:../stm32_std/STM32F10x_StdPeriph_Driver/src/stm32f10x_cec.c **** }
  45              		.loc 1 124 0
  46 0018 80BD     		pop	{r7, pc}
  47              		.cfi_endproc
  48              	.LFE56:
  50 001a 00BF     		.section	.text.CEC_Init,"ax",%progbits
  51              		.align	2
  52              		.global	CEC_Init
  53              		.thumb
  54              		.thumb_func
  56              	CEC_Init:
  57              	.LFB57:
 125:../stm32_std/STM32F10x_StdPeriph_Driver/src/stm32f10x_cec.c **** 
 126:../stm32_std/STM32F10x_StdPeriph_Driver/src/stm32f10x_cec.c **** 
 127:../stm32_std/STM32F10x_StdPeriph_Driver/src/stm32f10x_cec.c **** /**
 128:../stm32_std/STM32F10x_StdPeriph_Driver/src/stm32f10x_cec.c ****   * @brief  Initializes the CEC peripheral according to the specified 
 129:../stm32_std/STM32F10x_StdPeriph_Driver/src/stm32f10x_cec.c ****   *         parameters in the CEC_InitStruct.
 130:../stm32_std/STM32F10x_StdPeriph_Driver/src/stm32f10x_cec.c ****   * @param  CEC_InitStruct: pointer to an CEC_InitTypeDef structure that
 131:../stm32_std/STM32F10x_StdPeriph_Driver/src/stm32f10x_cec.c ****   *         contains the configuration information for the specified
 132:../stm32_std/STM32F10x_StdPeriph_Driver/src/stm32f10x_cec.c ****   *         CEC peripheral.
 133:../stm32_std/STM32F10x_StdPeriph_Driver/src/stm32f10x_cec.c ****   * @retval None
 134:../stm32_std/STM32F10x_StdPeriph_Driver/src/stm32f10x_cec.c ****   */
 135:../stm32_std/STM32F10x_StdPeriph_Driver/src/stm32f10x_cec.c **** void CEC_Init(CEC_InitTypeDef* CEC_InitStruct)
 136:../stm32_std/STM32F10x_StdPeriph_Driver/src/stm32f10x_cec.c **** {
  58              		.loc 1 136 0
  59              		.cfi_startproc
  60              		@ args = 0, pretend = 0, frame = 16
  61              		@ frame_needed = 1, uses_anonymous_args = 0
  62              		@ link register save eliminated.
  63 0000 80B4     		push	{r7}
  64              		.cfi_def_cfa_offset 4
  65              		.cfi_offset 7, -4
  66 0002 85B0     		sub	sp, sp, #20
  67              		.cfi_def_cfa_offset 24
  68 0004 00AF     		add	r7, sp, #0
  69              		.cfi_def_cfa_register 7
  70 0006 7860     		str	r0, [r7, #4]
 137:../stm32_std/STM32F10x_StdPeriph_Driver/src/stm32f10x_cec.c ****   uint16_t tmpreg = 0;
  71              		.loc 1 137 0
  72 0008 0023     		movs	r3, #0
  73 000a FB81     		strh	r3, [r7, #14]	@ movhi
 138:../stm32_std/STM32F10x_StdPeriph_Driver/src/stm32f10x_cec.c ****  
 139:../stm32_std/STM32F10x_StdPeriph_Driver/src/stm32f10x_cec.c ****   /* Check the parameters */
 140:../stm32_std/STM32F10x_StdPeriph_Driver/src/stm32f10x_cec.c ****   assert_param(IS_CEC_BIT_TIMING_ERROR_MODE(CEC_InitStruct->CEC_BitTimingMode)); 
 141:../stm32_std/STM32F10x_StdPeriph_Driver/src/stm32f10x_cec.c ****   assert_param(IS_CEC_BIT_PERIOD_ERROR_MODE(CEC_InitStruct->CEC_BitPeriodMode));
 142:../stm32_std/STM32F10x_StdPeriph_Driver/src/stm32f10x_cec.c ****      
 143:../stm32_std/STM32F10x_StdPeriph_Driver/src/stm32f10x_cec.c ****   /*---------------------------- CEC CFGR Configuration -----------------*/
 144:../stm32_std/STM32F10x_StdPeriph_Driver/src/stm32f10x_cec.c ****   /* Get the CEC CFGR value */
 145:../stm32_std/STM32F10x_StdPeriph_Driver/src/stm32f10x_cec.c ****   tmpreg = CEC->CFGR;
  74              		.loc 1 145 0
  75 000c 4FF4F043 		mov	r3, #30720
  76 0010 C4F20003 		movt	r3, 16384
  77 0014 1B68     		ldr	r3, [r3]
  78 0016 FB81     		strh	r3, [r7, #14]	@ movhi
 146:../stm32_std/STM32F10x_StdPeriph_Driver/src/stm32f10x_cec.c ****   
 147:../stm32_std/STM32F10x_StdPeriph_Driver/src/stm32f10x_cec.c ****   /* Clear BTEM and BPEM bits */
 148:../stm32_std/STM32F10x_StdPeriph_Driver/src/stm32f10x_cec.c ****   tmpreg &= CFGR_CLEAR_Mask;
  79              		.loc 1 148 0
  80 0018 FB89     		ldrh	r3, [r7, #14]	@ movhi
  81 001a 03F0F303 		and	r3, r3, #243
  82 001e FB81     		strh	r3, [r7, #14]	@ movhi
 149:../stm32_std/STM32F10x_StdPeriph_Driver/src/stm32f10x_cec.c ****   
 150:../stm32_std/STM32F10x_StdPeriph_Driver/src/stm32f10x_cec.c ****   /* Configure CEC: Bit Timing Error and Bit Period Error */
 151:../stm32_std/STM32F10x_StdPeriph_Driver/src/stm32f10x_cec.c ****   tmpreg |= (uint16_t)(CEC_InitStruct->CEC_BitTimingMode | CEC_InitStruct->CEC_BitPeriodMode);
  83              		.loc 1 151 0
  84 0020 7B68     		ldr	r3, [r7, #4]
  85 0022 1A88     		ldrh	r2, [r3]
  86 0024 7B68     		ldr	r3, [r7, #4]
  87 0026 5B88     		ldrh	r3, [r3, #2]
  88 0028 1343     		orrs	r3, r3, r2
  89 002a 9AB2     		uxth	r2, r3
  90 002c FB89     		ldrh	r3, [r7, #14]	@ movhi
  91 002e 1343     		orrs	r3, r3, r2
  92 0030 FB81     		strh	r3, [r7, #14]	@ movhi
 152:../stm32_std/STM32F10x_StdPeriph_Driver/src/stm32f10x_cec.c **** 
 153:../stm32_std/STM32F10x_StdPeriph_Driver/src/stm32f10x_cec.c ****   /* Write to CEC CFGR  register*/
 154:../stm32_std/STM32F10x_StdPeriph_Driver/src/stm32f10x_cec.c ****   CEC->CFGR = tmpreg;
  93              		.loc 1 154 0
  94 0032 4FF4F043 		mov	r3, #30720
  95 0036 C4F20003 		movt	r3, 16384
  96 003a FA89     		ldrh	r2, [r7, #14]
  97 003c 1A60     		str	r2, [r3]
 155:../stm32_std/STM32F10x_StdPeriph_Driver/src/stm32f10x_cec.c ****   
 156:../stm32_std/STM32F10x_StdPeriph_Driver/src/stm32f10x_cec.c **** }
  98              		.loc 1 156 0
  99 003e 1437     		adds	r7, r7, #20
 100 0040 BD46     		mov	sp, r7
 101              		@ sp needed
 102 0042 5DF8047B 		ldr	r7, [sp], #4
 103 0046 7047     		bx	lr
 104              		.cfi_endproc
 105              	.LFE57:
 107              		.section	.text.CEC_Cmd,"ax",%progbits
 108              		.align	2
 109              		.global	CEC_Cmd
 110              		.thumb
 111              		.thumb_func
 113              	CEC_Cmd:
 114              	.LFB58:
 157:../stm32_std/STM32F10x_StdPeriph_Driver/src/stm32f10x_cec.c **** 
 158:../stm32_std/STM32F10x_StdPeriph_Driver/src/stm32f10x_cec.c **** /**
 159:../stm32_std/STM32F10x_StdPeriph_Driver/src/stm32f10x_cec.c ****   * @brief  Enables or disables the specified CEC peripheral.
 160:../stm32_std/STM32F10x_StdPeriph_Driver/src/stm32f10x_cec.c ****   * @param  NewState: new state of the CEC peripheral. 
 161:../stm32_std/STM32F10x_StdPeriph_Driver/src/stm32f10x_cec.c ****   *     This parameter can be: ENABLE or DISABLE.
 162:../stm32_std/STM32F10x_StdPeriph_Driver/src/stm32f10x_cec.c ****   * @retval None
 163:../stm32_std/STM32F10x_StdPeriph_Driver/src/stm32f10x_cec.c ****   */
 164:../stm32_std/STM32F10x_StdPeriph_Driver/src/stm32f10x_cec.c **** void CEC_Cmd(FunctionalState NewState)
 165:../stm32_std/STM32F10x_StdPeriph_Driver/src/stm32f10x_cec.c **** {
 115              		.loc 1 165 0
 116              		.cfi_startproc
 117              		@ args = 0, pretend = 0, frame = 8
 118              		@ frame_needed = 1, uses_anonymous_args = 0
 119              		@ link register save eliminated.
 120 0000 80B4     		push	{r7}
 121              		.cfi_def_cfa_offset 4
 122              		.cfi_offset 7, -4
 123 0002 83B0     		sub	sp, sp, #12
 124              		.cfi_def_cfa_offset 16
 125 0004 00AF     		add	r7, sp, #0
 126              		.cfi_def_cfa_register 7
 127 0006 0346     		mov	r3, r0
 128 0008 FB71     		strb	r3, [r7, #7]
 166:../stm32_std/STM32F10x_StdPeriph_Driver/src/stm32f10x_cec.c ****   /* Check the parameters */
 167:../stm32_std/STM32F10x_StdPeriph_Driver/src/stm32f10x_cec.c ****   assert_param(IS_FUNCTIONAL_STATE(NewState));
 168:../stm32_std/STM32F10x_StdPeriph_Driver/src/stm32f10x_cec.c **** 
 169:../stm32_std/STM32F10x_StdPeriph_Driver/src/stm32f10x_cec.c ****   *(__IO uint32_t *) CFGR_PE_BB = (uint32_t)NewState;
 129              		.loc 1 169 0
 130 000a 0023     		movs	r3, #0
 131 000c C4F20F23 		movt	r3, 16911
 132 0010 FA79     		ldrb	r2, [r7, #7]	@ zero_extendqisi2
 133 0012 1A60     		str	r2, [r3]
 170:../stm32_std/STM32F10x_StdPeriph_Driver/src/stm32f10x_cec.c **** 
 171:../stm32_std/STM32F10x_StdPeriph_Driver/src/stm32f10x_cec.c ****   if(NewState == DISABLE)
 134              		.loc 1 171 0
 135 0014 FB79     		ldrb	r3, [r7, #7]	@ zero_extendqisi2
 136 0016 002B     		cmp	r3, #0
 137 0018 09D1     		bne	.L3
 172:../stm32_std/STM32F10x_StdPeriph_Driver/src/stm32f10x_cec.c ****   {
 173:../stm32_std/STM32F10x_StdPeriph_Driver/src/stm32f10x_cec.c ****     /* Wait until the PE bit is cleared by hardware (Idle Line detected) */
 174:../stm32_std/STM32F10x_StdPeriph_Driver/src/stm32f10x_cec.c ****     while((CEC->CFGR & CEC_CFGR_PE) != (uint32_t)RESET)
 138              		.loc 1 174 0
 139 001a 00BF     		nop
 140              	.L5:
 141              		.loc 1 174 0 is_stmt 0 discriminator 1
 142 001c 4FF4F043 		mov	r3, #30720
 143 0020 C4F20003 		movt	r3, 16384
 144 0024 1B68     		ldr	r3, [r3]
 145 0026 03F00103 		and	r3, r3, #1
 146 002a 002B     		cmp	r3, #0
 147 002c F6D1     		bne	.L5
 148              	.L3:
 175:../stm32_std/STM32F10x_StdPeriph_Driver/src/stm32f10x_cec.c ****     {
 176:../stm32_std/STM32F10x_StdPeriph_Driver/src/stm32f10x_cec.c ****     }  
 177:../stm32_std/STM32F10x_StdPeriph_Driver/src/stm32f10x_cec.c ****   }  
 178:../stm32_std/STM32F10x_StdPeriph_Driver/src/stm32f10x_cec.c **** }
 149              		.loc 1 178 0 is_stmt 1
 150 002e 0C37     		adds	r7, r7, #12
 151 0030 BD46     		mov	sp, r7
 152              		@ sp needed
 153 0032 5DF8047B 		ldr	r7, [sp], #4
 154 0036 7047     		bx	lr
 155              		.cfi_endproc
 156              	.LFE58:
 158              		.section	.text.CEC_ITConfig,"ax",%progbits
 159              		.align	2
 160              		.global	CEC_ITConfig
 161              		.thumb
 162              		.thumb_func
 164              	CEC_ITConfig:
 165              	.LFB59:
 179:../stm32_std/STM32F10x_StdPeriph_Driver/src/stm32f10x_cec.c **** 
 180:../stm32_std/STM32F10x_StdPeriph_Driver/src/stm32f10x_cec.c **** /**
 181:../stm32_std/STM32F10x_StdPeriph_Driver/src/stm32f10x_cec.c ****   * @brief  Enables or disables the CEC interrupt.
 182:../stm32_std/STM32F10x_StdPeriph_Driver/src/stm32f10x_cec.c ****   * @param  NewState: new state of the CEC interrupt.
 183:../stm32_std/STM32F10x_StdPeriph_Driver/src/stm32f10x_cec.c ****   *   This parameter can be: ENABLE or DISABLE.
 184:../stm32_std/STM32F10x_StdPeriph_Driver/src/stm32f10x_cec.c ****   * @retval None
 185:../stm32_std/STM32F10x_StdPeriph_Driver/src/stm32f10x_cec.c ****   */
 186:../stm32_std/STM32F10x_StdPeriph_Driver/src/stm32f10x_cec.c **** void CEC_ITConfig(FunctionalState NewState)
 187:../stm32_std/STM32F10x_StdPeriph_Driver/src/stm32f10x_cec.c **** {
 166              		.loc 1 187 0
 167              		.cfi_startproc
 168              		@ args = 0, pretend = 0, frame = 8
 169              		@ frame_needed = 1, uses_anonymous_args = 0
 170              		@ link register save eliminated.
 171 0000 80B4     		push	{r7}
 172              		.cfi_def_cfa_offset 4
 173              		.cfi_offset 7, -4
 174 0002 83B0     		sub	sp, sp, #12
 175              		.cfi_def_cfa_offset 16
 176 0004 00AF     		add	r7, sp, #0
 177              		.cfi_def_cfa_register 7
 178 0006 0346     		mov	r3, r0
 179 0008 FB71     		strb	r3, [r7, #7]
 188:../stm32_std/STM32F10x_StdPeriph_Driver/src/stm32f10x_cec.c ****   /* Check the parameters */
 189:../stm32_std/STM32F10x_StdPeriph_Driver/src/stm32f10x_cec.c ****   assert_param(IS_FUNCTIONAL_STATE(NewState));
 190:../stm32_std/STM32F10x_StdPeriph_Driver/src/stm32f10x_cec.c **** 
 191:../stm32_std/STM32F10x_StdPeriph_Driver/src/stm32f10x_cec.c ****   *(__IO uint32_t *) CFGR_IE_BB = (uint32_t)NewState;
 180              		.loc 1 191 0
 181 000a 0423     		movs	r3, #4
 182 000c C4F20F23 		movt	r3, 16911
 183 0010 FA79     		ldrb	r2, [r7, #7]	@ zero_extendqisi2
 184 0012 1A60     		str	r2, [r3]
 192:../stm32_std/STM32F10x_StdPeriph_Driver/src/stm32f10x_cec.c **** }
 185              		.loc 1 192 0
 186 0014 0C37     		adds	r7, r7, #12
 187 0016 BD46     		mov	sp, r7
 188              		@ sp needed
 189 0018 5DF8047B 		ldr	r7, [sp], #4
 190 001c 7047     		bx	lr
 191              		.cfi_endproc
 192              	.LFE59:
 194 001e 00BF     		.section	.text.CEC_OwnAddressConfig,"ax",%progbits
 195              		.align	2
 196              		.global	CEC_OwnAddressConfig
 197              		.thumb
 198              		.thumb_func
 200              	CEC_OwnAddressConfig:
 201              	.LFB60:
 193:../stm32_std/STM32F10x_StdPeriph_Driver/src/stm32f10x_cec.c **** 
 194:../stm32_std/STM32F10x_StdPeriph_Driver/src/stm32f10x_cec.c **** /**
 195:../stm32_std/STM32F10x_StdPeriph_Driver/src/stm32f10x_cec.c ****   * @brief  Defines the Own Address of the CEC device.
 196:../stm32_std/STM32F10x_StdPeriph_Driver/src/stm32f10x_cec.c ****   * @param  CEC_OwnAddress: The CEC own address
 197:../stm32_std/STM32F10x_StdPeriph_Driver/src/stm32f10x_cec.c ****   * @retval None
 198:../stm32_std/STM32F10x_StdPeriph_Driver/src/stm32f10x_cec.c ****   */
 199:../stm32_std/STM32F10x_StdPeriph_Driver/src/stm32f10x_cec.c **** void CEC_OwnAddressConfig(uint8_t CEC_OwnAddress)
 200:../stm32_std/STM32F10x_StdPeriph_Driver/src/stm32f10x_cec.c **** {
 202              		.loc 1 200 0
 203              		.cfi_startproc
 204              		@ args = 0, pretend = 0, frame = 8
 205              		@ frame_needed = 1, uses_anonymous_args = 0
 206              		@ link register save eliminated.
 207 0000 80B4     		push	{r7}
 208              		.cfi_def_cfa_offset 4
 209              		.cfi_offset 7, -4
 210 0002 83B0     		sub	sp, sp, #12
 211              		.cfi_def_cfa_offset 16
 212 0004 00AF     		add	r7, sp, #0
 213              		.cfi_def_cfa_register 7
 214 0006 0346     		mov	r3, r0
 215 0008 FB71     		strb	r3, [r7, #7]
 201:../stm32_std/STM32F10x_StdPeriph_Driver/src/stm32f10x_cec.c ****   /* Check the parameters */
 202:../stm32_std/STM32F10x_StdPeriph_Driver/src/stm32f10x_cec.c ****   assert_param(IS_CEC_ADDRESS(CEC_OwnAddress));
 203:../stm32_std/STM32F10x_StdPeriph_Driver/src/stm32f10x_cec.c **** 
 204:../stm32_std/STM32F10x_StdPeriph_Driver/src/stm32f10x_cec.c ****   /* Set the CEC own address */
 205:../stm32_std/STM32F10x_StdPeriph_Driver/src/stm32f10x_cec.c ****   CEC->OAR = CEC_OwnAddress;
 216              		.loc 1 205 0
 217 000a 4FF4F043 		mov	r3, #30720
 218 000e C4F20003 		movt	r3, 16384
 219 0012 FA79     		ldrb	r2, [r7, #7]	@ zero_extendqisi2
 220 0014 5A60     		str	r2, [r3, #4]
 206:../stm32_std/STM32F10x_StdPeriph_Driver/src/stm32f10x_cec.c **** }
 221              		.loc 1 206 0
 222 0016 0C37     		adds	r7, r7, #12
 223 0018 BD46     		mov	sp, r7
 224              		@ sp needed
 225 001a 5DF8047B 		ldr	r7, [sp], #4
 226 001e 7047     		bx	lr
 227              		.cfi_endproc
 228              	.LFE60:
 230              		.section	.text.CEC_SetPrescaler,"ax",%progbits
 231              		.align	2
 232              		.global	CEC_SetPrescaler
 233              		.thumb
 234              		.thumb_func
 236              	CEC_SetPrescaler:
 237              	.LFB61:
 207:../stm32_std/STM32F10x_StdPeriph_Driver/src/stm32f10x_cec.c **** 
 208:../stm32_std/STM32F10x_StdPeriph_Driver/src/stm32f10x_cec.c **** /**
 209:../stm32_std/STM32F10x_StdPeriph_Driver/src/stm32f10x_cec.c ****   * @brief  Sets the CEC prescaler value.
 210:../stm32_std/STM32F10x_StdPeriph_Driver/src/stm32f10x_cec.c ****   * @param  CEC_Prescaler: CEC prescaler new value
 211:../stm32_std/STM32F10x_StdPeriph_Driver/src/stm32f10x_cec.c ****   * @retval None
 212:../stm32_std/STM32F10x_StdPeriph_Driver/src/stm32f10x_cec.c ****   */
 213:../stm32_std/STM32F10x_StdPeriph_Driver/src/stm32f10x_cec.c **** void CEC_SetPrescaler(uint16_t CEC_Prescaler)
 214:../stm32_std/STM32F10x_StdPeriph_Driver/src/stm32f10x_cec.c **** {
 238              		.loc 1 214 0
 239              		.cfi_startproc
 240              		@ args = 0, pretend = 0, frame = 8
 241              		@ frame_needed = 1, uses_anonymous_args = 0
 242              		@ link register save eliminated.
 243 0000 80B4     		push	{r7}
 244              		.cfi_def_cfa_offset 4
 245              		.cfi_offset 7, -4
 246 0002 83B0     		sub	sp, sp, #12
 247              		.cfi_def_cfa_offset 16
 248 0004 00AF     		add	r7, sp, #0
 249              		.cfi_def_cfa_register 7
 250 0006 0346     		mov	r3, r0
 251 0008 FB80     		strh	r3, [r7, #6]	@ movhi
 215:../stm32_std/STM32F10x_StdPeriph_Driver/src/stm32f10x_cec.c ****   /* Check the parameters */
 216:../stm32_std/STM32F10x_StdPeriph_Driver/src/stm32f10x_cec.c ****   assert_param(IS_CEC_PRESCALER(CEC_Prescaler));
 217:../stm32_std/STM32F10x_StdPeriph_Driver/src/stm32f10x_cec.c **** 
 218:../stm32_std/STM32F10x_StdPeriph_Driver/src/stm32f10x_cec.c ****   /* Set the  Prescaler value*/
 219:../stm32_std/STM32F10x_StdPeriph_Driver/src/stm32f10x_cec.c ****   CEC->PRES = CEC_Prescaler;
 252              		.loc 1 219 0
 253 000a 4FF4F043 		mov	r3, #30720
 254 000e C4F20003 		movt	r3, 16384
 255 0012 FA88     		ldrh	r2, [r7, #6]
 256 0014 9A60     		str	r2, [r3, #8]
 220:../stm32_std/STM32F10x_StdPeriph_Driver/src/stm32f10x_cec.c **** }
 257              		.loc 1 220 0
 258 0016 0C37     		adds	r7, r7, #12
 259 0018 BD46     		mov	sp, r7
 260              		@ sp needed
 261 001a 5DF8047B 		ldr	r7, [sp], #4
 262 001e 7047     		bx	lr
 263              		.cfi_endproc
 264              	.LFE61:
 266              		.section	.text.CEC_SendDataByte,"ax",%progbits
 267              		.align	2
 268              		.global	CEC_SendDataByte
 269              		.thumb
 270              		.thumb_func
 272              	CEC_SendDataByte:
 273              	.LFB62:
 221:../stm32_std/STM32F10x_StdPeriph_Driver/src/stm32f10x_cec.c **** 
 222:../stm32_std/STM32F10x_StdPeriph_Driver/src/stm32f10x_cec.c **** /**
 223:../stm32_std/STM32F10x_StdPeriph_Driver/src/stm32f10x_cec.c ****   * @brief  Transmits single data through the CEC peripheral.
 224:../stm32_std/STM32F10x_StdPeriph_Driver/src/stm32f10x_cec.c ****   * @param  Data: the data to transmit.
 225:../stm32_std/STM32F10x_StdPeriph_Driver/src/stm32f10x_cec.c ****   * @retval None
 226:../stm32_std/STM32F10x_StdPeriph_Driver/src/stm32f10x_cec.c ****   */
 227:../stm32_std/STM32F10x_StdPeriph_Driver/src/stm32f10x_cec.c **** void CEC_SendDataByte(uint8_t Data)
 228:../stm32_std/STM32F10x_StdPeriph_Driver/src/stm32f10x_cec.c **** {  
 274              		.loc 1 228 0
 275              		.cfi_startproc
 276              		@ args = 0, pretend = 0, frame = 8
 277              		@ frame_needed = 1, uses_anonymous_args = 0
 278              		@ link register save eliminated.
 279 0000 80B4     		push	{r7}
 280              		.cfi_def_cfa_offset 4
 281              		.cfi_offset 7, -4
 282 0002 83B0     		sub	sp, sp, #12
 283              		.cfi_def_cfa_offset 16
 284 0004 00AF     		add	r7, sp, #0
 285              		.cfi_def_cfa_register 7
 286 0006 0346     		mov	r3, r0
 287 0008 FB71     		strb	r3, [r7, #7]
 229:../stm32_std/STM32F10x_StdPeriph_Driver/src/stm32f10x_cec.c ****   /* Transmit Data */
 230:../stm32_std/STM32F10x_StdPeriph_Driver/src/stm32f10x_cec.c ****   CEC->TXD = Data ;
 288              		.loc 1 230 0
 289 000a 4FF4F043 		mov	r3, #30720
 290 000e C4F20003 		movt	r3, 16384
 291 0012 FA79     		ldrb	r2, [r7, #7]	@ zero_extendqisi2
 292 0014 5A61     		str	r2, [r3, #20]
 231:../stm32_std/STM32F10x_StdPeriph_Driver/src/stm32f10x_cec.c **** }
 293              		.loc 1 231 0
 294 0016 0C37     		adds	r7, r7, #12
 295 0018 BD46     		mov	sp, r7
 296              		@ sp needed
 297 001a 5DF8047B 		ldr	r7, [sp], #4
 298 001e 7047     		bx	lr
 299              		.cfi_endproc
 300              	.LFE62:
 302              		.section	.text.CEC_ReceiveDataByte,"ax",%progbits
 303              		.align	2
 304              		.global	CEC_ReceiveDataByte
 305              		.thumb
 306              		.thumb_func
 308              	CEC_ReceiveDataByte:
 309              	.LFB63:
 232:../stm32_std/STM32F10x_StdPeriph_Driver/src/stm32f10x_cec.c **** 
 233:../stm32_std/STM32F10x_StdPeriph_Driver/src/stm32f10x_cec.c **** 
 234:../stm32_std/STM32F10x_StdPeriph_Driver/src/stm32f10x_cec.c **** /**
 235:../stm32_std/STM32F10x_StdPeriph_Driver/src/stm32f10x_cec.c ****   * @brief  Returns the most recent received data by the CEC peripheral.
 236:../stm32_std/STM32F10x_StdPeriph_Driver/src/stm32f10x_cec.c ****   * @param  None
 237:../stm32_std/STM32F10x_StdPeriph_Driver/src/stm32f10x_cec.c ****   * @retval The received data.
 238:../stm32_std/STM32F10x_StdPeriph_Driver/src/stm32f10x_cec.c ****   */
 239:../stm32_std/STM32F10x_StdPeriph_Driver/src/stm32f10x_cec.c **** uint8_t CEC_ReceiveDataByte(void)
 240:../stm32_std/STM32F10x_StdPeriph_Driver/src/stm32f10x_cec.c **** {
 310              		.loc 1 240 0
 311              		.cfi_startproc
 312              		@ args = 0, pretend = 0, frame = 0
 313              		@ frame_needed = 1, uses_anonymous_args = 0
 314              		@ link register save eliminated.
 315 0000 80B4     		push	{r7}
 316              		.cfi_def_cfa_offset 4
 317              		.cfi_offset 7, -4
 318 0002 00AF     		add	r7, sp, #0
 319              		.cfi_def_cfa_register 7
 241:../stm32_std/STM32F10x_StdPeriph_Driver/src/stm32f10x_cec.c ****   /* Receive Data */
 242:../stm32_std/STM32F10x_StdPeriph_Driver/src/stm32f10x_cec.c ****   return (uint8_t)(CEC->RXD);
 320              		.loc 1 242 0
 321 0004 4FF4F043 		mov	r3, #30720
 322 0008 C4F20003 		movt	r3, 16384
 323 000c 9B69     		ldr	r3, [r3, #24]
 324 000e DBB2     		uxtb	r3, r3
 243:../stm32_std/STM32F10x_StdPeriph_Driver/src/stm32f10x_cec.c **** }
 325              		.loc 1 243 0
 326 0010 1846     		mov	r0, r3
 327 0012 BD46     		mov	sp, r7
 328              		@ sp needed
 329 0014 5DF8047B 		ldr	r7, [sp], #4
 330 0018 7047     		bx	lr
 331              		.cfi_endproc
 332              	.LFE63:
 334 001a 00BF     		.section	.text.CEC_StartOfMessage,"ax",%progbits
 335              		.align	2
 336              		.global	CEC_StartOfMessage
 337              		.thumb
 338              		.thumb_func
 340              	CEC_StartOfMessage:
 341              	.LFB64:
 244:../stm32_std/STM32F10x_StdPeriph_Driver/src/stm32f10x_cec.c **** 
 245:../stm32_std/STM32F10x_StdPeriph_Driver/src/stm32f10x_cec.c **** /**
 246:../stm32_std/STM32F10x_StdPeriph_Driver/src/stm32f10x_cec.c ****   * @brief  Starts a new message.
 247:../stm32_std/STM32F10x_StdPeriph_Driver/src/stm32f10x_cec.c ****   * @param  None
 248:../stm32_std/STM32F10x_StdPeriph_Driver/src/stm32f10x_cec.c ****   * @retval None
 249:../stm32_std/STM32F10x_StdPeriph_Driver/src/stm32f10x_cec.c ****   */
 250:../stm32_std/STM32F10x_StdPeriph_Driver/src/stm32f10x_cec.c **** void CEC_StartOfMessage(void)
 251:../stm32_std/STM32F10x_StdPeriph_Driver/src/stm32f10x_cec.c **** {  
 342              		.loc 1 251 0
 343              		.cfi_startproc
 344              		@ args = 0, pretend = 0, frame = 0
 345              		@ frame_needed = 1, uses_anonymous_args = 0
 346              		@ link register save eliminated.
 347 0000 80B4     		push	{r7}
 348              		.cfi_def_cfa_offset 4
 349              		.cfi_offset 7, -4
 350 0002 00AF     		add	r7, sp, #0
 351              		.cfi_def_cfa_register 7
 252:../stm32_std/STM32F10x_StdPeriph_Driver/src/stm32f10x_cec.c ****   /* Starts of new message */
 253:../stm32_std/STM32F10x_StdPeriph_Driver/src/stm32f10x_cec.c ****   *(__IO uint32_t *) CSR_TSOM_BB = (uint32_t)0x1;
 352              		.loc 1 253 0
 353 0004 4FF40073 		mov	r3, #512
 354 0008 C4F20F23 		movt	r3, 16911
 355 000c 0122     		movs	r2, #1
 356 000e 1A60     		str	r2, [r3]
 254:../stm32_std/STM32F10x_StdPeriph_Driver/src/stm32f10x_cec.c **** }
 357              		.loc 1 254 0
 358 0010 BD46     		mov	sp, r7
 359              		@ sp needed
 360 0012 5DF8047B 		ldr	r7, [sp], #4
 361 0016 7047     		bx	lr
 362              		.cfi_endproc
 363              	.LFE64:
 365              		.section	.text.CEC_EndOfMessageCmd,"ax",%progbits
 366              		.align	2
 367              		.global	CEC_EndOfMessageCmd
 368              		.thumb
 369              		.thumb_func
 371              	CEC_EndOfMessageCmd:
 372              	.LFB65:
 255:../stm32_std/STM32F10x_StdPeriph_Driver/src/stm32f10x_cec.c **** 
 256:../stm32_std/STM32F10x_StdPeriph_Driver/src/stm32f10x_cec.c **** /**
 257:../stm32_std/STM32F10x_StdPeriph_Driver/src/stm32f10x_cec.c ****   * @brief  Transmits message with or without an EOM bit.
 258:../stm32_std/STM32F10x_StdPeriph_Driver/src/stm32f10x_cec.c ****   * @param  NewState: new state of the CEC Tx End Of Message. 
 259:../stm32_std/STM32F10x_StdPeriph_Driver/src/stm32f10x_cec.c ****   *     This parameter can be: ENABLE or DISABLE.
 260:../stm32_std/STM32F10x_StdPeriph_Driver/src/stm32f10x_cec.c ****   * @retval None
 261:../stm32_std/STM32F10x_StdPeriph_Driver/src/stm32f10x_cec.c ****   */
 262:../stm32_std/STM32F10x_StdPeriph_Driver/src/stm32f10x_cec.c **** void CEC_EndOfMessageCmd(FunctionalState NewState)
 263:../stm32_std/STM32F10x_StdPeriph_Driver/src/stm32f10x_cec.c **** {   
 373              		.loc 1 263 0
 374              		.cfi_startproc
 375              		@ args = 0, pretend = 0, frame = 8
 376              		@ frame_needed = 1, uses_anonymous_args = 0
 377              		@ link register save eliminated.
 378 0000 80B4     		push	{r7}
 379              		.cfi_def_cfa_offset 4
 380              		.cfi_offset 7, -4
 381 0002 83B0     		sub	sp, sp, #12
 382              		.cfi_def_cfa_offset 16
 383 0004 00AF     		add	r7, sp, #0
 384              		.cfi_def_cfa_register 7
 385 0006 0346     		mov	r3, r0
 386 0008 FB71     		strb	r3, [r7, #7]
 264:../stm32_std/STM32F10x_StdPeriph_Driver/src/stm32f10x_cec.c ****   /* Check the parameters */
 265:../stm32_std/STM32F10x_StdPeriph_Driver/src/stm32f10x_cec.c ****   assert_param(IS_FUNCTIONAL_STATE(NewState));
 266:../stm32_std/STM32F10x_StdPeriph_Driver/src/stm32f10x_cec.c ****   
 267:../stm32_std/STM32F10x_StdPeriph_Driver/src/stm32f10x_cec.c ****   /* The data byte will be transmitted with or without an EOM bit*/
 268:../stm32_std/STM32F10x_StdPeriph_Driver/src/stm32f10x_cec.c ****   *(__IO uint32_t *) CSR_TEOM_BB = (uint32_t)NewState;
 387              		.loc 1 268 0
 388 000a 4FF40173 		mov	r3, #516
 389 000e C4F20F23 		movt	r3, 16911
 390 0012 FA79     		ldrb	r2, [r7, #7]	@ zero_extendqisi2
 391 0014 1A60     		str	r2, [r3]
 269:../stm32_std/STM32F10x_StdPeriph_Driver/src/stm32f10x_cec.c **** }
 392              		.loc 1 269 0
 393 0016 0C37     		adds	r7, r7, #12
 394 0018 BD46     		mov	sp, r7
 395              		@ sp needed
 396 001a 5DF8047B 		ldr	r7, [sp], #4
 397 001e 7047     		bx	lr
 398              		.cfi_endproc
 399              	.LFE65:
 401              		.section	.text.CEC_GetFlagStatus,"ax",%progbits
 402              		.align	2
 403              		.global	CEC_GetFlagStatus
 404              		.thumb
 405              		.thumb_func
 407              	CEC_GetFlagStatus:
 408              	.LFB66:
 270:../stm32_std/STM32F10x_StdPeriph_Driver/src/stm32f10x_cec.c **** 
 271:../stm32_std/STM32F10x_StdPeriph_Driver/src/stm32f10x_cec.c **** /**
 272:../stm32_std/STM32F10x_StdPeriph_Driver/src/stm32f10x_cec.c ****   * @brief  Gets the CEC flag status
 273:../stm32_std/STM32F10x_StdPeriph_Driver/src/stm32f10x_cec.c ****   * @param  CEC_FLAG: specifies the CEC flag to check. 
 274:../stm32_std/STM32F10x_StdPeriph_Driver/src/stm32f10x_cec.c ****   *   This parameter can be one of the following values:
 275:../stm32_std/STM32F10x_StdPeriph_Driver/src/stm32f10x_cec.c ****   *     @arg CEC_FLAG_BTE: Bit Timing Error
 276:../stm32_std/STM32F10x_StdPeriph_Driver/src/stm32f10x_cec.c ****   *     @arg CEC_FLAG_BPE: Bit Period Error
 277:../stm32_std/STM32F10x_StdPeriph_Driver/src/stm32f10x_cec.c ****   *     @arg CEC_FLAG_RBTFE: Rx Block Transfer Finished Error
 278:../stm32_std/STM32F10x_StdPeriph_Driver/src/stm32f10x_cec.c ****   *     @arg CEC_FLAG_SBE: Start Bit Error
 279:../stm32_std/STM32F10x_StdPeriph_Driver/src/stm32f10x_cec.c ****   *     @arg CEC_FLAG_ACKE: Block Acknowledge Error
 280:../stm32_std/STM32F10x_StdPeriph_Driver/src/stm32f10x_cec.c ****   *     @arg CEC_FLAG_LINE: Line Error
 281:../stm32_std/STM32F10x_StdPeriph_Driver/src/stm32f10x_cec.c ****   *     @arg CEC_FLAG_TBTFE: Tx Block Transfer Finished Error
 282:../stm32_std/STM32F10x_StdPeriph_Driver/src/stm32f10x_cec.c ****   *     @arg CEC_FLAG_TEOM: Tx End Of Message 
 283:../stm32_std/STM32F10x_StdPeriph_Driver/src/stm32f10x_cec.c ****   *     @arg CEC_FLAG_TERR: Tx Error
 284:../stm32_std/STM32F10x_StdPeriph_Driver/src/stm32f10x_cec.c ****   *     @arg CEC_FLAG_TBTRF: Tx Byte Transfer Request or Block Transfer Finished
 285:../stm32_std/STM32F10x_StdPeriph_Driver/src/stm32f10x_cec.c ****   *     @arg CEC_FLAG_RSOM: Rx Start Of Message
 286:../stm32_std/STM32F10x_StdPeriph_Driver/src/stm32f10x_cec.c ****   *     @arg CEC_FLAG_REOM: Rx End Of Message
 287:../stm32_std/STM32F10x_StdPeriph_Driver/src/stm32f10x_cec.c ****   *     @arg CEC_FLAG_RERR: Rx Error
 288:../stm32_std/STM32F10x_StdPeriph_Driver/src/stm32f10x_cec.c ****   *     @arg CEC_FLAG_RBTF: Rx Byte/Block Transfer Finished
 289:../stm32_std/STM32F10x_StdPeriph_Driver/src/stm32f10x_cec.c ****   * @retval The new state of CEC_FLAG (SET or RESET)
 290:../stm32_std/STM32F10x_StdPeriph_Driver/src/stm32f10x_cec.c ****   */
 291:../stm32_std/STM32F10x_StdPeriph_Driver/src/stm32f10x_cec.c **** FlagStatus CEC_GetFlagStatus(uint32_t CEC_FLAG) 
 292:../stm32_std/STM32F10x_StdPeriph_Driver/src/stm32f10x_cec.c **** {
 409              		.loc 1 292 0
 410              		.cfi_startproc
 411              		@ args = 0, pretend = 0, frame = 24
 412              		@ frame_needed = 1, uses_anonymous_args = 0
 413              		@ link register save eliminated.
 414 0000 80B4     		push	{r7}
 415              		.cfi_def_cfa_offset 4
 416              		.cfi_offset 7, -4
 417 0002 87B0     		sub	sp, sp, #28
 418              		.cfi_def_cfa_offset 32
 419 0004 00AF     		add	r7, sp, #0
 420              		.cfi_def_cfa_register 7
 421 0006 7860     		str	r0, [r7, #4]
 293:../stm32_std/STM32F10x_StdPeriph_Driver/src/stm32f10x_cec.c ****   FlagStatus bitstatus = RESET;
 422              		.loc 1 293 0
 423 0008 0023     		movs	r3, #0
 424 000a FB75     		strb	r3, [r7, #23]
 294:../stm32_std/STM32F10x_StdPeriph_Driver/src/stm32f10x_cec.c ****   uint32_t cecreg = 0, cecbase = 0;
 425              		.loc 1 294 0
 426 000c 0023     		movs	r3, #0
 427 000e FB60     		str	r3, [r7, #12]
 428 0010 0023     		movs	r3, #0
 429 0012 3B61     		str	r3, [r7, #16]
 295:../stm32_std/STM32F10x_StdPeriph_Driver/src/stm32f10x_cec.c ****   
 296:../stm32_std/STM32F10x_StdPeriph_Driver/src/stm32f10x_cec.c ****   /* Check the parameters */
 297:../stm32_std/STM32F10x_StdPeriph_Driver/src/stm32f10x_cec.c ****   assert_param(IS_CEC_GET_FLAG(CEC_FLAG));
 298:../stm32_std/STM32F10x_StdPeriph_Driver/src/stm32f10x_cec.c ****  
 299:../stm32_std/STM32F10x_StdPeriph_Driver/src/stm32f10x_cec.c ****   /* Get the CEC peripheral base address */
 300:../stm32_std/STM32F10x_StdPeriph_Driver/src/stm32f10x_cec.c ****   cecbase = (uint32_t)(CEC_BASE);
 430              		.loc 1 300 0
 431 0014 4FF4F043 		mov	r3, #30720
 432 0018 C4F20003 		movt	r3, 16384
 433 001c 3B61     		str	r3, [r7, #16]
 301:../stm32_std/STM32F10x_StdPeriph_Driver/src/stm32f10x_cec.c ****   
 302:../stm32_std/STM32F10x_StdPeriph_Driver/src/stm32f10x_cec.c ****   /* Read flag register index */
 303:../stm32_std/STM32F10x_StdPeriph_Driver/src/stm32f10x_cec.c ****   cecreg = CEC_FLAG >> 28;
 434              		.loc 1 303 0
 435 001e 7B68     		ldr	r3, [r7, #4]
 436 0020 1B0F     		lsrs	r3, r3, #28
 437 0022 FB60     		str	r3, [r7, #12]
 304:../stm32_std/STM32F10x_StdPeriph_Driver/src/stm32f10x_cec.c ****   
 305:../stm32_std/STM32F10x_StdPeriph_Driver/src/stm32f10x_cec.c ****   /* Get bit[23:0] of the flag */
 306:../stm32_std/STM32F10x_StdPeriph_Driver/src/stm32f10x_cec.c ****   CEC_FLAG &= FLAG_Mask;
 438              		.loc 1 306 0
 439 0024 7B68     		ldr	r3, [r7, #4]
 440 0026 23F07F43 		bic	r3, r3, #-16777216
 441 002a 7B60     		str	r3, [r7, #4]
 307:../stm32_std/STM32F10x_StdPeriph_Driver/src/stm32f10x_cec.c ****   
 308:../stm32_std/STM32F10x_StdPeriph_Driver/src/stm32f10x_cec.c ****   if(cecreg != 0)
 442              		.loc 1 308 0
 443 002c FB68     		ldr	r3, [r7, #12]
 444 002e 002B     		cmp	r3, #0
 445 0030 06D0     		beq	.L15
 309:../stm32_std/STM32F10x_StdPeriph_Driver/src/stm32f10x_cec.c ****   {
 310:../stm32_std/STM32F10x_StdPeriph_Driver/src/stm32f10x_cec.c ****     /* Flag in CEC ESR Register */
 311:../stm32_std/STM32F10x_StdPeriph_Driver/src/stm32f10x_cec.c ****     CEC_FLAG = (uint32_t)(CEC_FLAG >> 16);
 446              		.loc 1 311 0
 447 0032 7B68     		ldr	r3, [r7, #4]
 448 0034 1B0C     		lsrs	r3, r3, #16
 449 0036 7B60     		str	r3, [r7, #4]
 312:../stm32_std/STM32F10x_StdPeriph_Driver/src/stm32f10x_cec.c ****     
 313:../stm32_std/STM32F10x_StdPeriph_Driver/src/stm32f10x_cec.c ****     /* Get the CEC ESR register address */
 314:../stm32_std/STM32F10x_StdPeriph_Driver/src/stm32f10x_cec.c ****     cecbase += 0xC;
 450              		.loc 1 314 0
 451 0038 3B69     		ldr	r3, [r7, #16]
 452 003a 0C33     		adds	r3, r3, #12
 453 003c 3B61     		str	r3, [r7, #16]
 454 003e 02E0     		b	.L16
 455              	.L15:
 315:../stm32_std/STM32F10x_StdPeriph_Driver/src/stm32f10x_cec.c ****   }
 316:../stm32_std/STM32F10x_StdPeriph_Driver/src/stm32f10x_cec.c ****   else
 317:../stm32_std/STM32F10x_StdPeriph_Driver/src/stm32f10x_cec.c ****   {
 318:../stm32_std/STM32F10x_StdPeriph_Driver/src/stm32f10x_cec.c ****     /* Get the CEC CSR register address */
 319:../stm32_std/STM32F10x_StdPeriph_Driver/src/stm32f10x_cec.c ****     cecbase += 0x10;
 456              		.loc 1 319 0
 457 0040 3B69     		ldr	r3, [r7, #16]
 458 0042 1033     		adds	r3, r3, #16
 459 0044 3B61     		str	r3, [r7, #16]
 460              	.L16:
 320:../stm32_std/STM32F10x_StdPeriph_Driver/src/stm32f10x_cec.c ****   }
 321:../stm32_std/STM32F10x_StdPeriph_Driver/src/stm32f10x_cec.c ****   
 322:../stm32_std/STM32F10x_StdPeriph_Driver/src/stm32f10x_cec.c ****   if(((*(__IO uint32_t *)cecbase) & CEC_FLAG) != (uint32_t)RESET)
 461              		.loc 1 322 0
 462 0046 3B69     		ldr	r3, [r7, #16]
 463 0048 1A68     		ldr	r2, [r3]
 464 004a 7B68     		ldr	r3, [r7, #4]
 465 004c 1340     		ands	r3, r3, r2
 466 004e 002B     		cmp	r3, #0
 467 0050 02D0     		beq	.L17
 323:../stm32_std/STM32F10x_StdPeriph_Driver/src/stm32f10x_cec.c ****   {
 324:../stm32_std/STM32F10x_StdPeriph_Driver/src/stm32f10x_cec.c ****     /* CEC_FLAG is set */
 325:../stm32_std/STM32F10x_StdPeriph_Driver/src/stm32f10x_cec.c ****     bitstatus = SET;
 468              		.loc 1 325 0
 469 0052 0123     		movs	r3, #1
 470 0054 FB75     		strb	r3, [r7, #23]
 471 0056 01E0     		b	.L18
 472              	.L17:
 326:../stm32_std/STM32F10x_StdPeriph_Driver/src/stm32f10x_cec.c ****   }
 327:../stm32_std/STM32F10x_StdPeriph_Driver/src/stm32f10x_cec.c ****   else
 328:../stm32_std/STM32F10x_StdPeriph_Driver/src/stm32f10x_cec.c ****   {
 329:../stm32_std/STM32F10x_StdPeriph_Driver/src/stm32f10x_cec.c ****     /* CEC_FLAG is reset */
 330:../stm32_std/STM32F10x_StdPeriph_Driver/src/stm32f10x_cec.c ****     bitstatus = RESET;
 473              		.loc 1 330 0
 474 0058 0023     		movs	r3, #0
 475 005a FB75     		strb	r3, [r7, #23]
 476              	.L18:
 331:../stm32_std/STM32F10x_StdPeriph_Driver/src/stm32f10x_cec.c ****   }
 332:../stm32_std/STM32F10x_StdPeriph_Driver/src/stm32f10x_cec.c ****   
 333:../stm32_std/STM32F10x_StdPeriph_Driver/src/stm32f10x_cec.c ****   /* Return the CEC_FLAG status */
 334:../stm32_std/STM32F10x_StdPeriph_Driver/src/stm32f10x_cec.c ****   return  bitstatus;
 477              		.loc 1 334 0
 478 005c FB7D     		ldrb	r3, [r7, #23]	@ zero_extendqisi2
 335:../stm32_std/STM32F10x_StdPeriph_Driver/src/stm32f10x_cec.c **** }
 479              		.loc 1 335 0
 480 005e 1846     		mov	r0, r3
 481 0060 1C37     		adds	r7, r7, #28
 482 0062 BD46     		mov	sp, r7
 483              		@ sp needed
 484 0064 5DF8047B 		ldr	r7, [sp], #4
 485 0068 7047     		bx	lr
 486              		.cfi_endproc
 487              	.LFE66:
 489 006a 00BF     		.section	.text.CEC_ClearFlag,"ax",%progbits
 490              		.align	2
 491              		.global	CEC_ClearFlag
 492              		.thumb
 493              		.thumb_func
 495              	CEC_ClearFlag:
 496              	.LFB67:
 336:../stm32_std/STM32F10x_StdPeriph_Driver/src/stm32f10x_cec.c **** 
 337:../stm32_std/STM32F10x_StdPeriph_Driver/src/stm32f10x_cec.c **** /**
 338:../stm32_std/STM32F10x_StdPeriph_Driver/src/stm32f10x_cec.c ****   * @brief  Clears the CEC's pending flags.
 339:../stm32_std/STM32F10x_StdPeriph_Driver/src/stm32f10x_cec.c ****   * @param  CEC_FLAG: specifies the flag to clear. 
 340:../stm32_std/STM32F10x_StdPeriph_Driver/src/stm32f10x_cec.c ****   *   This parameter can be any combination of the following values:
 341:../stm32_std/STM32F10x_StdPeriph_Driver/src/stm32f10x_cec.c ****   *     @arg CEC_FLAG_TERR: Tx Error
 342:../stm32_std/STM32F10x_StdPeriph_Driver/src/stm32f10x_cec.c ****   *     @arg CEC_FLAG_TBTRF: Tx Byte Transfer Request or Block Transfer Finished
 343:../stm32_std/STM32F10x_StdPeriph_Driver/src/stm32f10x_cec.c ****   *     @arg CEC_FLAG_RSOM: Rx Start Of Message
 344:../stm32_std/STM32F10x_StdPeriph_Driver/src/stm32f10x_cec.c ****   *     @arg CEC_FLAG_REOM: Rx End Of Message
 345:../stm32_std/STM32F10x_StdPeriph_Driver/src/stm32f10x_cec.c ****   *     @arg CEC_FLAG_RERR: Rx Error
 346:../stm32_std/STM32F10x_StdPeriph_Driver/src/stm32f10x_cec.c ****   *     @arg CEC_FLAG_RBTF: Rx Byte/Block Transfer Finished
 347:../stm32_std/STM32F10x_StdPeriph_Driver/src/stm32f10x_cec.c ****   * @retval None
 348:../stm32_std/STM32F10x_StdPeriph_Driver/src/stm32f10x_cec.c ****   */
 349:../stm32_std/STM32F10x_StdPeriph_Driver/src/stm32f10x_cec.c **** void CEC_ClearFlag(uint32_t CEC_FLAG)
 350:../stm32_std/STM32F10x_StdPeriph_Driver/src/stm32f10x_cec.c **** { 
 497              		.loc 1 350 0
 498              		.cfi_startproc
 499              		@ args = 0, pretend = 0, frame = 16
 500              		@ frame_needed = 1, uses_anonymous_args = 0
 501              		@ link register save eliminated.
 502 0000 80B4     		push	{r7}
 503              		.cfi_def_cfa_offset 4
 504              		.cfi_offset 7, -4
 505 0002 85B0     		sub	sp, sp, #20
 506              		.cfi_def_cfa_offset 24
 507 0004 00AF     		add	r7, sp, #0
 508              		.cfi_def_cfa_register 7
 509 0006 7860     		str	r0, [r7, #4]
 351:../stm32_std/STM32F10x_StdPeriph_Driver/src/stm32f10x_cec.c ****   uint32_t tmp = 0x0;
 510              		.loc 1 351 0
 511 0008 0023     		movs	r3, #0
 512 000a FB60     		str	r3, [r7, #12]
 352:../stm32_std/STM32F10x_StdPeriph_Driver/src/stm32f10x_cec.c ****   
 353:../stm32_std/STM32F10x_StdPeriph_Driver/src/stm32f10x_cec.c ****   /* Check the parameters */
 354:../stm32_std/STM32F10x_StdPeriph_Driver/src/stm32f10x_cec.c ****   assert_param(IS_CEC_CLEAR_FLAG(CEC_FLAG));
 355:../stm32_std/STM32F10x_StdPeriph_Driver/src/stm32f10x_cec.c **** 
 356:../stm32_std/STM32F10x_StdPeriph_Driver/src/stm32f10x_cec.c ****   tmp = CEC->CSR & 0x2;
 513              		.loc 1 356 0
 514 000c 4FF4F043 		mov	r3, #30720
 515 0010 C4F20003 		movt	r3, 16384
 516 0014 1B69     		ldr	r3, [r3, #16]
 517 0016 03F00203 		and	r3, r3, #2
 518 001a FB60     		str	r3, [r7, #12]
 357:../stm32_std/STM32F10x_StdPeriph_Driver/src/stm32f10x_cec.c ****        
 358:../stm32_std/STM32F10x_StdPeriph_Driver/src/stm32f10x_cec.c ****   /* Clear the selected CEC flags */
 359:../stm32_std/STM32F10x_StdPeriph_Driver/src/stm32f10x_cec.c ****   CEC->CSR &= (uint32_t)(((~(uint32_t)CEC_FLAG) & 0xFFFFFFFC) | tmp);
 519              		.loc 1 359 0
 520 001c 4FF4F043 		mov	r3, #30720
 521 0020 C4F20003 		movt	r3, 16384
 522 0024 4FF4F042 		mov	r2, #30720
 523 0028 C4F20002 		movt	r2, 16384
 524 002c 1169     		ldr	r1, [r2, #16]
 525 002e 7A68     		ldr	r2, [r7, #4]
 526 0030 D243     		mvns	r2, r2
 527 0032 22F00300 		bic	r0, r2, #3
 528 0036 FA68     		ldr	r2, [r7, #12]
 529 0038 0243     		orrs	r2, r2, r0
 530 003a 0A40     		ands	r2, r2, r1
 531 003c 1A61     		str	r2, [r3, #16]
 360:../stm32_std/STM32F10x_StdPeriph_Driver/src/stm32f10x_cec.c **** }
 532              		.loc 1 360 0
 533 003e 1437     		adds	r7, r7, #20
 534 0040 BD46     		mov	sp, r7
 535              		@ sp needed
 536 0042 5DF8047B 		ldr	r7, [sp], #4
 537 0046 7047     		bx	lr
 538              		.cfi_endproc
 539              	.LFE67:
 541              		.section	.text.CEC_GetITStatus,"ax",%progbits
 542              		.align	2
 543              		.global	CEC_GetITStatus
 544              		.thumb
 545              		.thumb_func
 547              	CEC_GetITStatus:
 548              	.LFB68:
 361:../stm32_std/STM32F10x_StdPeriph_Driver/src/stm32f10x_cec.c **** 
 362:../stm32_std/STM32F10x_StdPeriph_Driver/src/stm32f10x_cec.c **** /**
 363:../stm32_std/STM32F10x_StdPeriph_Driver/src/stm32f10x_cec.c ****   * @brief  Checks whether the specified CEC interrupt has occurred or not.
 364:../stm32_std/STM32F10x_StdPeriph_Driver/src/stm32f10x_cec.c ****   * @param  CEC_IT: specifies the CEC interrupt source to check. 
 365:../stm32_std/STM32F10x_StdPeriph_Driver/src/stm32f10x_cec.c ****   *   This parameter can be one of the following values:
 366:../stm32_std/STM32F10x_StdPeriph_Driver/src/stm32f10x_cec.c ****   *     @arg CEC_IT_TERR: Tx Error
 367:../stm32_std/STM32F10x_StdPeriph_Driver/src/stm32f10x_cec.c ****   *     @arg CEC_IT_TBTF: Tx Block Transfer Finished
 368:../stm32_std/STM32F10x_StdPeriph_Driver/src/stm32f10x_cec.c ****   *     @arg CEC_IT_RERR: Rx Error
 369:../stm32_std/STM32F10x_StdPeriph_Driver/src/stm32f10x_cec.c ****   *     @arg CEC_IT_RBTF: Rx Block Transfer Finished
 370:../stm32_std/STM32F10x_StdPeriph_Driver/src/stm32f10x_cec.c ****   * @retval The new state of CEC_IT (SET or RESET).
 371:../stm32_std/STM32F10x_StdPeriph_Driver/src/stm32f10x_cec.c ****   */
 372:../stm32_std/STM32F10x_StdPeriph_Driver/src/stm32f10x_cec.c **** ITStatus CEC_GetITStatus(uint8_t CEC_IT)
 373:../stm32_std/STM32F10x_StdPeriph_Driver/src/stm32f10x_cec.c **** {
 549              		.loc 1 373 0
 550              		.cfi_startproc
 551              		@ args = 0, pretend = 0, frame = 16
 552              		@ frame_needed = 1, uses_anonymous_args = 0
 553              		@ link register save eliminated.
 554 0000 80B4     		push	{r7}
 555              		.cfi_def_cfa_offset 4
 556              		.cfi_offset 7, -4
 557 0002 85B0     		sub	sp, sp, #20
 558              		.cfi_def_cfa_offset 24
 559 0004 00AF     		add	r7, sp, #0
 560              		.cfi_def_cfa_register 7
 561 0006 0346     		mov	r3, r0
 562 0008 FB71     		strb	r3, [r7, #7]
 374:../stm32_std/STM32F10x_StdPeriph_Driver/src/stm32f10x_cec.c ****   ITStatus bitstatus = RESET;
 563              		.loc 1 374 0
 564 000a 0023     		movs	r3, #0
 565 000c FB73     		strb	r3, [r7, #15]
 375:../stm32_std/STM32F10x_StdPeriph_Driver/src/stm32f10x_cec.c ****   uint32_t enablestatus = 0;
 566              		.loc 1 375 0
 567 000e 0023     		movs	r3, #0
 568 0010 BB60     		str	r3, [r7, #8]
 376:../stm32_std/STM32F10x_StdPeriph_Driver/src/stm32f10x_cec.c ****   
 377:../stm32_std/STM32F10x_StdPeriph_Driver/src/stm32f10x_cec.c ****   /* Check the parameters */
 378:../stm32_std/STM32F10x_StdPeriph_Driver/src/stm32f10x_cec.c ****    assert_param(IS_CEC_GET_IT(CEC_IT));
 379:../stm32_std/STM32F10x_StdPeriph_Driver/src/stm32f10x_cec.c ****    
 380:../stm32_std/STM32F10x_StdPeriph_Driver/src/stm32f10x_cec.c ****   /* Get the CEC IT enable bit status */
 381:../stm32_std/STM32F10x_StdPeriph_Driver/src/stm32f10x_cec.c ****   enablestatus = (CEC->CFGR & (uint8_t)CEC_CFGR_IE) ;
 569              		.loc 1 381 0
 570 0012 4FF4F043 		mov	r3, #30720
 571 0016 C4F20003 		movt	r3, 16384
 572 001a 1B68     		ldr	r3, [r3]
 573 001c 03F00203 		and	r3, r3, #2
 574 0020 BB60     		str	r3, [r7, #8]
 382:../stm32_std/STM32F10x_StdPeriph_Driver/src/stm32f10x_cec.c ****   
 383:../stm32_std/STM32F10x_StdPeriph_Driver/src/stm32f10x_cec.c ****   /* Check the status of the specified CEC interrupt */
 384:../stm32_std/STM32F10x_StdPeriph_Driver/src/stm32f10x_cec.c ****   if (((CEC->CSR & CEC_IT) != (uint32_t)RESET) && enablestatus)
 575              		.loc 1 384 0
 576 0022 4FF4F043 		mov	r3, #30720
 577 0026 C4F20003 		movt	r3, 16384
 578 002a 1A69     		ldr	r2, [r3, #16]
 579 002c FB79     		ldrb	r3, [r7, #7]	@ zero_extendqisi2
 580 002e 1340     		ands	r3, r3, r2
 581 0030 002B     		cmp	r3, #0
 582 0032 05D0     		beq	.L22
 583              		.loc 1 384 0 is_stmt 0 discriminator 1
 584 0034 BB68     		ldr	r3, [r7, #8]
 585 0036 002B     		cmp	r3, #0
 586 0038 02D0     		beq	.L22
 385:../stm32_std/STM32F10x_StdPeriph_Driver/src/stm32f10x_cec.c ****   {
 386:../stm32_std/STM32F10x_StdPeriph_Driver/src/stm32f10x_cec.c ****     /* CEC_IT is set */
 387:../stm32_std/STM32F10x_StdPeriph_Driver/src/stm32f10x_cec.c ****     bitstatus = SET;
 587              		.loc 1 387 0 is_stmt 1
 588 003a 0123     		movs	r3, #1
 589 003c FB73     		strb	r3, [r7, #15]
 590 003e 01E0     		b	.L23
 591              	.L22:
 388:../stm32_std/STM32F10x_StdPeriph_Driver/src/stm32f10x_cec.c ****   }
 389:../stm32_std/STM32F10x_StdPeriph_Driver/src/stm32f10x_cec.c ****   else
 390:../stm32_std/STM32F10x_StdPeriph_Driver/src/stm32f10x_cec.c ****   {
 391:../stm32_std/STM32F10x_StdPeriph_Driver/src/stm32f10x_cec.c ****     /* CEC_IT is reset */
 392:../stm32_std/STM32F10x_StdPeriph_Driver/src/stm32f10x_cec.c ****     bitstatus = RESET;
 592              		.loc 1 392 0
 593 0040 0023     		movs	r3, #0
 594 0042 FB73     		strb	r3, [r7, #15]
 595              	.L23:
 393:../stm32_std/STM32F10x_StdPeriph_Driver/src/stm32f10x_cec.c ****   }
 394:../stm32_std/STM32F10x_StdPeriph_Driver/src/stm32f10x_cec.c ****   /* Return the CEC_IT status */
 395:../stm32_std/STM32F10x_StdPeriph_Driver/src/stm32f10x_cec.c ****   return  bitstatus;
 596              		.loc 1 395 0
 597 0044 FB7B     		ldrb	r3, [r7, #15]	@ zero_extendqisi2
 396:../stm32_std/STM32F10x_StdPeriph_Driver/src/stm32f10x_cec.c **** }
 598              		.loc 1 396 0
 599 0046 1846     		mov	r0, r3
 600 0048 1437     		adds	r7, r7, #20
 601 004a BD46     		mov	sp, r7
 602              		@ sp needed
 603 004c 5DF8047B 		ldr	r7, [sp], #4
 604 0050 7047     		bx	lr
 605              		.cfi_endproc
 606              	.LFE68:
 608 0052 00BF     		.section	.text.CEC_ClearITPendingBit,"ax",%progbits
 609              		.align	2
 610              		.global	CEC_ClearITPendingBit
 611              		.thumb
 612              		.thumb_func
 614              	CEC_ClearITPendingBit:
 615              	.LFB69:
 397:../stm32_std/STM32F10x_StdPeriph_Driver/src/stm32f10x_cec.c **** 
 398:../stm32_std/STM32F10x_StdPeriph_Driver/src/stm32f10x_cec.c **** /**
 399:../stm32_std/STM32F10x_StdPeriph_Driver/src/stm32f10x_cec.c ****   * @brief  Clears the CEC's interrupt pending bits.
 400:../stm32_std/STM32F10x_StdPeriph_Driver/src/stm32f10x_cec.c ****   * @param  CEC_IT: specifies the CEC interrupt pending bit to clear.
 401:../stm32_std/STM32F10x_StdPeriph_Driver/src/stm32f10x_cec.c ****   *   This parameter can be any combination of the following values:
 402:../stm32_std/STM32F10x_StdPeriph_Driver/src/stm32f10x_cec.c ****   *     @arg CEC_IT_TERR: Tx Error
 403:../stm32_std/STM32F10x_StdPeriph_Driver/src/stm32f10x_cec.c ****   *     @arg CEC_IT_TBTF: Tx Block Transfer Finished
 404:../stm32_std/STM32F10x_StdPeriph_Driver/src/stm32f10x_cec.c ****   *     @arg CEC_IT_RERR: Rx Error
 405:../stm32_std/STM32F10x_StdPeriph_Driver/src/stm32f10x_cec.c ****   *     @arg CEC_IT_RBTF: Rx Block Transfer Finished
 406:../stm32_std/STM32F10x_StdPeriph_Driver/src/stm32f10x_cec.c ****   * @retval None
 407:../stm32_std/STM32F10x_StdPeriph_Driver/src/stm32f10x_cec.c ****   */
 408:../stm32_std/STM32F10x_StdPeriph_Driver/src/stm32f10x_cec.c **** void CEC_ClearITPendingBit(uint16_t CEC_IT)
 409:../stm32_std/STM32F10x_StdPeriph_Driver/src/stm32f10x_cec.c **** {
 616              		.loc 1 409 0
 617              		.cfi_startproc
 618              		@ args = 0, pretend = 0, frame = 16
 619              		@ frame_needed = 1, uses_anonymous_args = 0
 620              		@ link register save eliminated.
 621 0000 80B4     		push	{r7}
 622              		.cfi_def_cfa_offset 4
 623              		.cfi_offset 7, -4
 624 0002 85B0     		sub	sp, sp, #20
 625              		.cfi_def_cfa_offset 24
 626 0004 00AF     		add	r7, sp, #0
 627              		.cfi_def_cfa_register 7
 628 0006 0346     		mov	r3, r0
 629 0008 FB80     		strh	r3, [r7, #6]	@ movhi
 410:../stm32_std/STM32F10x_StdPeriph_Driver/src/stm32f10x_cec.c ****   uint32_t tmp = 0x0;
 630              		.loc 1 410 0
 631 000a 0023     		movs	r3, #0
 632 000c FB60     		str	r3, [r7, #12]
 411:../stm32_std/STM32F10x_StdPeriph_Driver/src/stm32f10x_cec.c ****   
 412:../stm32_std/STM32F10x_StdPeriph_Driver/src/stm32f10x_cec.c ****   /* Check the parameters */
 413:../stm32_std/STM32F10x_StdPeriph_Driver/src/stm32f10x_cec.c ****   assert_param(IS_CEC_GET_IT(CEC_IT));
 414:../stm32_std/STM32F10x_StdPeriph_Driver/src/stm32f10x_cec.c ****   
 415:../stm32_std/STM32F10x_StdPeriph_Driver/src/stm32f10x_cec.c ****   tmp = CEC->CSR & 0x2;
 633              		.loc 1 415 0
 634 000e 4FF4F043 		mov	r3, #30720
 635 0012 C4F20003 		movt	r3, 16384
 636 0016 1B69     		ldr	r3, [r3, #16]
 637 0018 03F00203 		and	r3, r3, #2
 638 001c FB60     		str	r3, [r7, #12]
 416:../stm32_std/STM32F10x_StdPeriph_Driver/src/stm32f10x_cec.c ****   
 417:../stm32_std/STM32F10x_StdPeriph_Driver/src/stm32f10x_cec.c ****   /* Clear the selected CEC interrupt pending bits */
 418:../stm32_std/STM32F10x_StdPeriph_Driver/src/stm32f10x_cec.c ****   CEC->CSR &= (uint32_t)(((~(uint32_t)CEC_IT) & 0xFFFFFFFC) | tmp);
 639              		.loc 1 418 0
 640 001e 4FF4F043 		mov	r3, #30720
 641 0022 C4F20003 		movt	r3, 16384
 642 0026 4FF4F042 		mov	r2, #30720
 643 002a C4F20002 		movt	r2, 16384
 644 002e 1169     		ldr	r1, [r2, #16]
 645 0030 FA88     		ldrh	r2, [r7, #6]
 646 0032 D243     		mvns	r2, r2
 647 0034 22F00300 		bic	r0, r2, #3
 648 0038 FA68     		ldr	r2, [r7, #12]
 649 003a 0243     		orrs	r2, r2, r0
 650 003c 0A40     		ands	r2, r2, r1
 651 003e 1A61     		str	r2, [r3, #16]
 419:../stm32_std/STM32F10x_StdPeriph_Driver/src/stm32f10x_cec.c **** }
 652              		.loc 1 419 0
 653 0040 1437     		adds	r7, r7, #20
 654 0042 BD46     		mov	sp, r7
 655              		@ sp needed
 656 0044 5DF8047B 		ldr	r7, [sp], #4
 657 0048 7047     		bx	lr
 658              		.cfi_endproc
 659              	.LFE69:
 661 004a 00BF     		.text
 662              	.Letext0:
 663              		.file 2 "c:\\program files (x86)\\mentorgraphics\\sourcery_codebench_lite_for_arm_eabi\\arm-none-e
 664              		.file 3 "D:\\workspace\\rfm12\\stm32_std\\CMSIS\\CM3\\DeviceSupport\\ST\\STM32F10x/stm32f10x.h"
 665              		.file 4 "D:\\workspace\\rfm12\\stm32_std\\STM32F10x_StdPeriph_Driver\\inc/stm32f10x_cec.h"
 666              		.file 5 "D:\\workspace\\rfm12\\stm32_std\\CMSIS\\CM3\\CoreSupport/core_cm3.h"
DEFINED SYMBOLS
                            *ABS*:00000000 stm32f10x_cec.c
C:\Users\Serj\AppData\Local\Temp\cc40mMt6.s:19     .text.CEC_DeInit:00000000 $t
C:\Users\Serj\AppData\Local\Temp\cc40mMt6.s:24     .text.CEC_DeInit:00000000 CEC_DeInit
C:\Users\Serj\AppData\Local\Temp\cc40mMt6.s:51     .text.CEC_Init:00000000 $t
C:\Users\Serj\AppData\Local\Temp\cc40mMt6.s:56     .text.CEC_Init:00000000 CEC_Init
C:\Users\Serj\AppData\Local\Temp\cc40mMt6.s:108    .text.CEC_Cmd:00000000 $t
C:\Users\Serj\AppData\Local\Temp\cc40mMt6.s:113    .text.CEC_Cmd:00000000 CEC_Cmd
C:\Users\Serj\AppData\Local\Temp\cc40mMt6.s:159    .text.CEC_ITConfig:00000000 $t
C:\Users\Serj\AppData\Local\Temp\cc40mMt6.s:164    .text.CEC_ITConfig:00000000 CEC_ITConfig
C:\Users\Serj\AppData\Local\Temp\cc40mMt6.s:195    .text.CEC_OwnAddressConfig:00000000 $t
C:\Users\Serj\AppData\Local\Temp\cc40mMt6.s:200    .text.CEC_OwnAddressConfig:00000000 CEC_OwnAddressConfig
C:\Users\Serj\AppData\Local\Temp\cc40mMt6.s:231    .text.CEC_SetPrescaler:00000000 $t
C:\Users\Serj\AppData\Local\Temp\cc40mMt6.s:236    .text.CEC_SetPrescaler:00000000 CEC_SetPrescaler
C:\Users\Serj\AppData\Local\Temp\cc40mMt6.s:267    .text.CEC_SendDataByte:00000000 $t
C:\Users\Serj\AppData\Local\Temp\cc40mMt6.s:272    .text.CEC_SendDataByte:00000000 CEC_SendDataByte
C:\Users\Serj\AppData\Local\Temp\cc40mMt6.s:303    .text.CEC_ReceiveDataByte:00000000 $t
C:\Users\Serj\AppData\Local\Temp\cc40mMt6.s:308    .text.CEC_ReceiveDataByte:00000000 CEC_ReceiveDataByte
C:\Users\Serj\AppData\Local\Temp\cc40mMt6.s:335    .text.CEC_StartOfMessage:00000000 $t
C:\Users\Serj\AppData\Local\Temp\cc40mMt6.s:340    .text.CEC_StartOfMessage:00000000 CEC_StartOfMessage
C:\Users\Serj\AppData\Local\Temp\cc40mMt6.s:366    .text.CEC_EndOfMessageCmd:00000000 $t
C:\Users\Serj\AppData\Local\Temp\cc40mMt6.s:371    .text.CEC_EndOfMessageCmd:00000000 CEC_EndOfMessageCmd
C:\Users\Serj\AppData\Local\Temp\cc40mMt6.s:402    .text.CEC_GetFlagStatus:00000000 $t
C:\Users\Serj\AppData\Local\Temp\cc40mMt6.s:407    .text.CEC_GetFlagStatus:00000000 CEC_GetFlagStatus
C:\Users\Serj\AppData\Local\Temp\cc40mMt6.s:490    .text.CEC_ClearFlag:00000000 $t
C:\Users\Serj\AppData\Local\Temp\cc40mMt6.s:495    .text.CEC_ClearFlag:00000000 CEC_ClearFlag
C:\Users\Serj\AppData\Local\Temp\cc40mMt6.s:542    .text.CEC_GetITStatus:00000000 $t
C:\Users\Serj\AppData\Local\Temp\cc40mMt6.s:547    .text.CEC_GetITStatus:00000000 CEC_GetITStatus
C:\Users\Serj\AppData\Local\Temp\cc40mMt6.s:609    .text.CEC_ClearITPendingBit:00000000 $t
C:\Users\Serj\AppData\Local\Temp\cc40mMt6.s:614    .text.CEC_ClearITPendingBit:00000000 CEC_ClearITPendingBit
                     .debug_frame:00000010 $d
                           .group:00000000 wm4.1.69ef232822fae12fd5bc55108b75a1e4
                           .group:00000000 wm4.stm32f10x.h.51.b859cb68ed44ee02c916b41cb8c68f1c
                           .group:00000000 wm4.core_cm3.h.47.c45d264953076019d6b3b1c20e8ad771
                           .group:00000000 wm4.newlib.h.8.384a112feabb3bef7b573ae48cde2e3b
                           .group:00000000 wm4.features.h.22.6a4ca7cd053637cc1d0db6c16f39b2d7
                           .group:00000000 wm4.config.h.183.aa62afef667fb61d15fa64c48beb2f14
                           .group:00000000 wm4._ansi.h.23.2147fde150631f5584b9dc29b914d1b8
                           .group:00000000 wm4.stdint.h.20.54ad762faa59e3c05491630641c8d8bf
                           .group:00000000 wm4.core_cmInstr.h.39.3d3d1b4a79aef37532666dc6ee87c6ac
                           .group:00000000 wm4.core_cm3.h.144.f4158be2ca5a330459fef4214a4bb0f1
                           .group:00000000 wm4.stm32f10x.h.522.a925aafc848b1f088438cf0e9b167b78
                           .group:00000000 wm4.stm32f10x_adc.h.83.4d35a50d598070ecea6f33bcef02c922
                           .group:00000000 wm4.stm32f10x_bkp.h.25.4622919f1e30efdad5eb44e12edd5513
                           .group:00000000 wm4.stm32f10x_can.h.25.48aab46fcce6d08400bf960b028e4698
                           .group:00000000 wm4.stm32f10x_dac.h.25.d946244edf026333094657d55ea894b8
                           .group:00000000 wm4.stm32f10x_dbgmcu.h.25.d3351200fc7f9c8615d1ae81d40db08a
                           .group:00000000 wm4.stm32f10x_dma.h.25.94e36204daa98cae5dcc70a10a9694d5
                           .group:00000000 wm4.stm32f10x_exti.h.25.b9064155c5c006b5154b39788c79001a
                           .group:00000000 wm4.stm32f10x_flash.h.25.4be61fcb02863962a1e006449d310650
                           .group:00000000 wm4.stm32f10x_fsmc.h.25.bca154da2699cdb6024c0c6c4fc5aa89
                           .group:00000000 wm4.stm32f10x_gpio.h.25.80c981af0e637567395034c576cfb3ce
                           .group:00000000 wm4.stm32f10x_i2c.h.25.7b6cbaea24c6f25f538f8516d1814cb2
                           .group:00000000 wm4.stm32f10x_iwdg.h.25.da9374ab9856795610487f312ccf3122
                           .group:00000000 wm4.stm32f10x_pwr.h.25.37ef75009f751ef5fe27910e0bf00a62
                           .group:00000000 wm4.stm32f10x_rcc.h.25.fe8897e7491f2eb0cff54551d08eb765
                           .group:00000000 wm4.stm32f10x_rtc.h.25.361142606ba98ddcd10369f321f6e636
                           .group:00000000 wm4.stm32f10x_sdio.h.25.1fb5280a7690ef99070096bf8c866b3a
                           .group:00000000 wm4.stm32f10x_spi.h.25.68b3d5ccfcf895f9fe505ce20c0c300f
                           .group:00000000 wm4.stm32f10x_tim.h.25.21c6ec062f1e74898cb96a57da276fec
                           .group:00000000 wm4.stm32f10x_usart.h.25.29629c699b65db3f3efd3561f66b0bf6
                           .group:00000000 wm4.stm32f10x_wwdg.h.25.dde12201d86b5aa9ecaafb5eccdc6549
                           .group:00000000 wm4.misc.h.25.068e106f368fa5369a681ef57c106f4b
                           .group:00000000 wm4.stm32f10x.h.8304.f7d8ad90959e99679b3257267c3aadfe
                           .group:00000000 wm4.stm32f10x_cec.h.69.3b05352e3d7007a358a8fce991202354

UNDEFINED SYMBOLS
RCC_APB1PeriphResetCmd
